INFO - 2024-02-19 15:03:13 --> Session: Class initialized using 'CodeIgniter\Session\Handlers\FileHandler' driver.
INFO - 2024-02-19 15:31:37 --> Session: Class initialized using 'CodeIgniter\Session\Handlers\FileHandler' driver.
INFO - 2024-02-19 15:31:51 --> Session: Class initialized using 'CodeIgniter\Session\Handlers\FileHandler' driver.
INFO - 2024-02-19 15:32:02 --> Session: Class initialized using 'CodeIgniter\Session\Handlers\FileHandler' driver.
INFO - 2024-02-19 15:32:03 --> Session: Class initialized using 'CodeIgniter\Session\Handlers\FileHandler' driver.
INFO - 2024-02-19 15:32:39 --> Session: Class initialized using 'CodeIgniter\Session\Handlers\FileHandler' driver.
INFO - 2024-02-19 15:33:36 --> Session: Class initialized using 'CodeIgniter\Session\Handlers\FileHandler' driver.
INFO - 2024-02-19 15:33:39 --> Session: Class initialized using 'CodeIgniter\Session\Handlers\FileHandler' driver.
INFO - 2024-02-19 15:40:57 --> Session: Class initialized using 'CodeIgniter\Session\Handlers\FileHandler' driver.
INFO - 2024-02-19 15:41:02 --> Session: Class initialized using 'CodeIgniter\Session\Handlers\FileHandler' driver.
INFO - 2024-02-19 15:41:10 --> Session: Class initialized using 'CodeIgniter\Session\Handlers\FileHandler' driver.
INFO - 2024-02-19 15:41:24 --> Session: Class initialized using 'CodeIgniter\Session\Handlers\FileHandler' driver.
INFO - 2024-02-19 15:42:47 --> Session: Class initialized using 'CodeIgniter\Session\Handlers\FileHandler' driver.
CRITICAL - 2024-02-19 15:42:47 --> Call to undefined function App\Controllers\obtener_datos_de_la_tabla()
in APPPATH\Controllers\AdminController.php on line 15.
 1 SYSTEMPATH\CodeIgniter.php(942): App\Controllers\AdminController->demoPDF()
 2 SYSTEMPATH\CodeIgniter.php(502): CodeIgniter\CodeIgniter->runController(Object(App\Controllers\AdminController))
 3 SYSTEMPATH\CodeIgniter.php(361): CodeIgniter\CodeIgniter->handleRequest(null, Object(Config\Cache), false)
 4 FCPATH\index.php(79): CodeIgniter\CodeIgniter->run()
INFO - 2024-02-19 15:45:43 --> Session: Class initialized using 'CodeIgniter\Session\Handlers\FileHandler' driver.
CRITICAL - 2024-02-19 15:45:43 --> Call to undefined function App\Controllers\listarUsers()
in APPPATH\Controllers\AdminController.php on line 15.
 1 SYSTEMPATH\CodeIgniter.php(942): App\Controllers\AdminController->demoPDF()
 2 SYSTEMPATH\CodeIgniter.php(502): CodeIgniter\CodeIgniter->runController(Object(App\Controllers\AdminController))
 3 SYSTEMPATH\CodeIgniter.php(361): CodeIgniter\CodeIgniter->handleRequest(null, Object(Config\Cache), false)
 4 FCPATH\index.php(79): CodeIgniter\CodeIgniter->run()
INFO - 2024-02-19 15:46:49 --> Session: Class initialized using 'CodeIgniter\Session\Handlers\FileHandler' driver.
CRITICAL - 2024-02-19 15:46:50 --> Call to undefined function App\Controllers\findAll()
in APPPATH\Controllers\AdminController.php on line 15.
 1 SYSTEMPATH\CodeIgniter.php(942): App\Controllers\AdminController->demoPDF()
 2 SYSTEMPATH\CodeIgniter.php(502): CodeIgniter\CodeIgniter->runController(Object(App\Controllers\AdminController))
 3 SYSTEMPATH\CodeIgniter.php(361): CodeIgniter\CodeIgniter->handleRequest(null, Object(Config\Cache), false)
 4 FCPATH\index.php(79): CodeIgniter\CodeIgniter->run()
INFO - 2024-02-19 15:52:37 --> Session: Class initialized using 'CodeIgniter\Session\Handlers\FileHandler' driver.
INFO - 2024-02-19 15:53:28 --> Session: Class initialized using 'CodeIgniter\Session\Handlers\FileHandler' driver.
INFO - 2024-02-19 15:54:30 --> Session: Class initialized using 'CodeIgniter\Session\Handlers\FileHandler' driver.
INFO - 2024-02-19 15:54:31 --> Session: Class initialized using 'CodeIgniter\Session\Handlers\FileHandler' driver.
INFO - 2024-02-19 16:00:40 --> Session: Class initialized using 'CodeIgniter\Session\Handlers\FileHandler' driver.
INFO - 2024-02-19 16:00:53 --> Session: Class initialized using 'CodeIgniter\Session\Handlers\FileHandler' driver.
INFO - 2024-02-19 16:01:48 --> Session: Class initialized using 'CodeIgniter\Session\Handlers\FileHandler' driver.
INFO - 2024-02-19 16:01:50 --> Session: Class initialized using 'CodeIgniter\Session\Handlers\FileHandler' driver.
INFO - 2024-02-19 16:08:08 --> Session: Class initialized using 'CodeIgniter\Session\Handlers\FileHandler' driver.
INFO - 2024-02-19 16:08:17 --> Session: Class initialized using 'CodeIgniter\Session\Handlers\FileHandler' driver.
CRITICAL - 2024-02-19 16:08:17 --> Attempt to read property "fkLevel" on array
in APPPATH\Controllers\AdminController.php on line 35.
 1 APPPATH\Controllers\AdminController.php(35): CodeIgniter\Debug\Exceptions->errorHandler(2, 'Attempt to read property "fkLevel" on array', 'C:\\xampp\\htdocs\\quiz\\app\\Controllers\\AdminController.php', 35)
 2 SYSTEMPATH\CodeIgniter.php(942): App\Controllers\AdminController->demoPDF()
 3 SYSTEMPATH\CodeIgniter.php(502): CodeIgniter\CodeIgniter->runController(Object(App\Controllers\AdminController))
 4 SYSTEMPATH\CodeIgniter.php(361): CodeIgniter\CodeIgniter->handleRequest(null, Object(Config\Cache), false)
 5 FCPATH\index.php(79): CodeIgniter\CodeIgniter->run()
INFO - 2024-02-19 16:08:19 --> Session: Class initialized using 'CodeIgniter\Session\Handlers\FileHandler' driver.
CRITICAL - 2024-02-19 16:08:19 --> Attempt to read property "fkLevel" on array
in APPPATH\Controllers\AdminController.php on line 35.
 1 APPPATH\Controllers\AdminController.php(35): CodeIgniter\Debug\Exceptions->errorHandler(2, 'Attempt to read property "fkLevel" on array', 'C:\\xampp\\htdocs\\quiz\\app\\Controllers\\AdminController.php', 35)
 2 SYSTEMPATH\CodeIgniter.php(942): App\Controllers\AdminController->demoPDF()
 3 SYSTEMPATH\CodeIgniter.php(502): CodeIgniter\CodeIgniter->runController(Object(App\Controllers\AdminController))
 4 SYSTEMPATH\CodeIgniter.php(361): CodeIgniter\CodeIgniter->handleRequest(null, Object(Config\Cache), false)
 5 FCPATH\index.php(79): CodeIgniter\CodeIgniter->run()
INFO - 2024-02-19 16:11:16 --> Session: Class initialized using 'CodeIgniter\Session\Handlers\FileHandler' driver.
CRITICAL - 2024-02-19 16:11:16 --> Call to undefined method App\Controllers\AdminController::findAll()
in APPPATH\Controllers\AdminController.php on line 36.
 1 SYSTEMPATH\CodeIgniter.php(942): App\Controllers\AdminController->demoPDF()
 2 SYSTEMPATH\CodeIgniter.php(502): CodeIgniter\CodeIgniter->runController(Object(App\Controllers\AdminController))
 3 SYSTEMPATH\CodeIgniter.php(361): CodeIgniter\CodeIgniter->handleRequest(null, Object(Config\Cache), false)
 4 FCPATH\index.php(79): CodeIgniter\CodeIgniter->run()
INFO - 2024-02-19 16:11:30 --> Session: Class initialized using 'CodeIgniter\Session\Handlers\FileHandler' driver.
CRITICAL - 2024-02-19 16:11:30 --> Call to undefined method App\Controllers\AdminController::findAll()
in APPPATH\Controllers\AdminController.php on line 36.
 1 SYSTEMPATH\CodeIgniter.php(942): App\Controllers\AdminController->demoPDF()
 2 SYSTEMPATH\CodeIgniter.php(502): CodeIgniter\CodeIgniter->runController(Object(App\Controllers\AdminController))
 3 SYSTEMPATH\CodeIgniter.php(361): CodeIgniter\CodeIgniter->handleRequest(null, Object(Config\Cache), false)
 4 FCPATH\index.php(79): CodeIgniter\CodeIgniter->run()
INFO - 2024-02-19 16:14:20 --> Session: Class initialized using 'CodeIgniter\Session\Handlers\FileHandler' driver.
CRITICAL - 2024-02-19 16:14:20 --> Call to undefined method App\Controllers\AdminController::findAll()
in APPPATH\Controllers\AdminController.php on line 36.
 1 SYSTEMPATH\CodeIgniter.php(942): App\Controllers\AdminController->demoPDF()
 2 SYSTEMPATH\CodeIgniter.php(502): CodeIgniter\CodeIgniter->runController(Object(App\Controllers\AdminController))
 3 SYSTEMPATH\CodeIgniter.php(361): CodeIgniter\CodeIgniter->handleRequest(null, Object(Config\Cache), false)
 4 FCPATH\index.php(79): CodeIgniter\CodeIgniter->run()
INFO - 2024-02-19 16:15:08 --> Session: Class initialized using 'CodeIgniter\Session\Handlers\FileHandler' driver.
CRITICAL - 2024-02-19 16:15:08 --> Undefined property: App\Controllers\AdminController::$nivelModel
in APPPATH\Controllers\AdminController.php on line 91.
 1 APPPATH\Controllers\AdminController.php(91): CodeIgniter\Debug\Exceptions->errorHandler(2, 'Undefined property: App\\Controllers\\AdminController::$nivelModel', 'C:\\xampp\\htdocs\\quiz\\app\\Controllers\\AdminController.php', 91)
 2 APPPATH\Controllers\AdminController.php(36): App\Controllers\AdminController->obtener_nombre_nivel('1')
 3 SYSTEMPATH\CodeIgniter.php(942): App\Controllers\AdminController->demoPDF()
 4 SYSTEMPATH\CodeIgniter.php(502): CodeIgniter\CodeIgniter->runController(Object(App\Controllers\AdminController))
 5 SYSTEMPATH\CodeIgniter.php(361): CodeIgniter\CodeIgniter->handleRequest(null, Object(Config\Cache), false)
 6 FCPATH\index.php(79): CodeIgniter\CodeIgniter->run()
INFO - 2024-02-19 16:16:56 --> Session: Class initialized using 'CodeIgniter\Session\Handlers\FileHandler' driver.
CRITICAL - 2024-02-19 16:16:56 --> Attempt to read property "nombre" on array
in APPPATH\Controllers\AdminController.php on line 94.
 1 APPPATH\Controllers\AdminController.php(94): CodeIgniter\Debug\Exceptions->errorHandler(2, 'Attempt to read property "nombre" on array', 'C:\\xampp\\htdocs\\quiz\\app\\Controllers\\AdminController.php', 94)
 2 APPPATH\Controllers\AdminController.php(36): App\Controllers\AdminController->obtener_nombre_nivel('1')
 3 SYSTEMPATH\CodeIgniter.php(942): App\Controllers\AdminController->demoPDF()
 4 SYSTEMPATH\CodeIgniter.php(502): CodeIgniter\CodeIgniter->runController(Object(App\Controllers\AdminController))
 5 SYSTEMPATH\CodeIgniter.php(361): CodeIgniter\CodeIgniter->handleRequest(null, Object(Config\Cache), false)
 6 FCPATH\index.php(79): CodeIgniter\CodeIgniter->run()
INFO - 2024-02-19 16:18:30 --> Session: Class initialized using 'CodeIgniter\Session\Handlers\FileHandler' driver.
CRITICAL - 2024-02-19 16:18:30 --> Attempt to read property "nombre" on array
in APPPATH\Controllers\AdminController.php on line 94.
 1 APPPATH\Controllers\AdminController.php(94): CodeIgniter\Debug\Exceptions->errorHandler(2, 'Attempt to read property "nombre" on array', 'C:\\xampp\\htdocs\\quiz\\app\\Controllers\\AdminController.php', 94)
 2 APPPATH\Controllers\AdminController.php(36): App\Controllers\AdminController->obtener_nombre_nivel('1')
 3 SYSTEMPATH\CodeIgniter.php(942): App\Controllers\AdminController->demoPDF()
 4 SYSTEMPATH\CodeIgniter.php(502): CodeIgniter\CodeIgniter->runController(Object(App\Controllers\AdminController))
 5 SYSTEMPATH\CodeIgniter.php(361): CodeIgniter\CodeIgniter->handleRequest(null, Object(Config\Cache), false)
 6 FCPATH\index.php(79): CodeIgniter\CodeIgniter->run()
INFO - 2024-02-19 16:19:22 --> Session: Class initialized using 'CodeIgniter\Session\Handlers\FileHandler' driver.
CRITICAL - 2024-02-19 16:19:22 --> Attempt to read property "nombre" on array
in APPPATH\Controllers\AdminController.php on line 94.
 1 APPPATH\Controllers\AdminController.php(94): CodeIgniter\Debug\Exceptions->errorHandler(2, 'Attempt to read property "nombre" on array', 'C:\\xampp\\htdocs\\quiz\\app\\Controllers\\AdminController.php', 94)
 2 APPPATH\Controllers\AdminController.php(36): App\Controllers\AdminController->obtener_nombre_nivel('1')
 3 SYSTEMPATH\CodeIgniter.php(942): App\Controllers\AdminController->demoPDF()
 4 SYSTEMPATH\CodeIgniter.php(502): CodeIgniter\CodeIgniter->runController(Object(App\Controllers\AdminController))
 5 SYSTEMPATH\CodeIgniter.php(361): CodeIgniter\CodeIgniter->handleRequest(null, Object(Config\Cache), false)
 6 FCPATH\index.php(79): CodeIgniter\CodeIgniter->run()
INFO - 2024-02-19 16:21:20 --> Session: Class initialized using 'CodeIgniter\Session\Handlers\FileHandler' driver.
CRITICAL - 2024-02-19 16:21:20 --> Call to undefined method App\Controllers\AdminController::findAll()
in APPPATH\Controllers\AdminController.php on line 45.
 1 SYSTEMPATH\CodeIgniter.php(942): App\Controllers\AdminController->demoPDF()
 2 SYSTEMPATH\CodeIgniter.php(502): CodeIgniter\CodeIgniter->runController(Object(App\Controllers\AdminController))
 3 SYSTEMPATH\CodeIgniter.php(361): CodeIgniter\CodeIgniter->handleRequest(null, Object(Config\Cache), false)
 4 FCPATH\index.php(79): CodeIgniter\CodeIgniter->run()
INFO - 2024-02-19 16:22:22 --> Session: Class initialized using 'CodeIgniter\Session\Handlers\FileHandler' driver.
CRITICAL - 2024-02-19 16:22:22 --> Call to undefined method App\Controllers\AdminController::findAll()
in APPPATH\Controllers\AdminController.php on line 45.
 1 SYSTEMPATH\CodeIgniter.php(942): App\Controllers\AdminController->demoPDF()
 2 SYSTEMPATH\CodeIgniter.php(502): CodeIgniter\CodeIgniter->runController(Object(App\Controllers\AdminController))
 3 SYSTEMPATH\CodeIgniter.php(361): CodeIgniter\CodeIgniter->handleRequest(null, Object(Config\Cache), false)
 4 FCPATH\index.php(79): CodeIgniter\CodeIgniter->run()
INFO - 2024-02-19 16:23:30 --> Session: Class initialized using 'CodeIgniter\Session\Handlers\FileHandler' driver.
CRITICAL - 2024-02-19 16:23:30 --> Attempt to read property "nombre" on array
in APPPATH\Controllers\AdminController.php on line 45.
 1 APPPATH\Controllers\AdminController.php(45): CodeIgniter\Debug\Exceptions->errorHandler(2, 'Attempt to read property "nombre" on array', 'C:\\xampp\\htdocs\\quiz\\app\\Controllers\\AdminController.php', 45)
 2 SYSTEMPATH\CodeIgniter.php(942): App\Controllers\AdminController->demoPDF()
 3 SYSTEMPATH\CodeIgniter.php(502): CodeIgniter\CodeIgniter->runController(Object(App\Controllers\AdminController))
 4 SYSTEMPATH\CodeIgniter.php(361): CodeIgniter\CodeIgniter->handleRequest(null, Object(Config\Cache), false)
 5 FCPATH\index.php(79): CodeIgniter\CodeIgniter->run()
INFO - 2024-02-19 16:23:38 --> Session: Class initialized using 'CodeIgniter\Session\Handlers\FileHandler' driver.
CRITICAL - 2024-02-19 16:23:38 --> Attempt to read property "nombre" on array
in APPPATH\Controllers\AdminController.php on line 45.
 1 APPPATH\Controllers\AdminController.php(45): CodeIgniter\Debug\Exceptions->errorHandler(2, 'Attempt to read property "nombre" on array', 'C:\\xampp\\htdocs\\quiz\\app\\Controllers\\AdminController.php', 45)
 2 SYSTEMPATH\CodeIgniter.php(942): App\Controllers\AdminController->demoPDF()
 3 SYSTEMPATH\CodeIgniter.php(502): CodeIgniter\CodeIgniter->runController(Object(App\Controllers\AdminController))
 4 SYSTEMPATH\CodeIgniter.php(361): CodeIgniter\CodeIgniter->handleRequest(null, Object(Config\Cache), false)
 5 FCPATH\index.php(79): CodeIgniter\CodeIgniter->run()
INFO - 2024-02-19 16:24:38 --> Session: Class initialized using 'CodeIgniter\Session\Handlers\FileHandler' driver.
CRITICAL - 2024-02-19 16:24:38 --> Attempt to read property "nombre" on array
in APPPATH\Controllers\AdminController.php on line 45.
 1 APPPATH\Controllers\AdminController.php(45): CodeIgniter\Debug\Exceptions->errorHandler(2, 'Attempt to read property "nombre" on array', 'C:\\xampp\\htdocs\\quiz\\app\\Controllers\\AdminController.php', 45)
 2 SYSTEMPATH\CodeIgniter.php(942): App\Controllers\AdminController->demoPDF()
 3 SYSTEMPATH\CodeIgniter.php(502): CodeIgniter\CodeIgniter->runController(Object(App\Controllers\AdminController))
 4 SYSTEMPATH\CodeIgniter.php(361): CodeIgniter\CodeIgniter->handleRequest(null, Object(Config\Cache), false)
 5 FCPATH\index.php(79): CodeIgniter\CodeIgniter->run()
INFO - 2024-02-19 16:25:21 --> Session: Class initialized using 'CodeIgniter\Session\Handlers\FileHandler' driver.
CRITICAL - 2024-02-19 16:25:21 --> Attempt to read property "fkLevel" on array
in APPPATH\Controllers\AdminController.php on line 45.
 1 APPPATH\Controllers\AdminController.php(45): CodeIgniter\Debug\Exceptions->errorHandler(2, 'Attempt to read property "fkLevel" on array', 'C:\\xampp\\htdocs\\quiz\\app\\Controllers\\AdminController.php', 45)
 2 SYSTEMPATH\CodeIgniter.php(942): App\Controllers\AdminController->demoPDF()
 3 SYSTEMPATH\CodeIgniter.php(502): CodeIgniter\CodeIgniter->runController(Object(App\Controllers\AdminController))
 4 SYSTEMPATH\CodeIgniter.php(361): CodeIgniter\CodeIgniter->handleRequest(null, Object(Config\Cache), false)
 5 FCPATH\index.php(79): CodeIgniter\CodeIgniter->run()
INFO - 2024-02-19 16:25:44 --> Session: Class initialized using 'CodeIgniter\Session\Handlers\FileHandler' driver.
CRITICAL - 2024-02-19 16:25:44 --> Attempt to read property "level" on array
in APPPATH\Controllers\AdminController.php on line 45.
 1 APPPATH\Controllers\AdminController.php(45): CodeIgniter\Debug\Exceptions->errorHandler(2, 'Attempt to read property "level" on array', 'C:\\xampp\\htdocs\\quiz\\app\\Controllers\\AdminController.php', 45)
 2 SYSTEMPATH\CodeIgniter.php(942): App\Controllers\AdminController->demoPDF()
 3 SYSTEMPATH\CodeIgniter.php(502): CodeIgniter\CodeIgniter->runController(Object(App\Controllers\AdminController))
 4 SYSTEMPATH\CodeIgniter.php(361): CodeIgniter\CodeIgniter->handleRequest(null, Object(Config\Cache), false)
 5 FCPATH\index.php(79): CodeIgniter\CodeIgniter->run()
INFO - 2024-02-19 16:26:48 --> Session: Class initialized using 'CodeIgniter\Session\Handlers\FileHandler' driver.
CRITICAL - 2024-02-19 16:26:48 --> Attempt to read property "level" on array
in APPPATH\Controllers\AdminController.php on line 45.
 1 APPPATH\Controllers\AdminController.php(45): CodeIgniter\Debug\Exceptions->errorHandler(2, 'Attempt to read property "level" on array', 'C:\\xampp\\htdocs\\quiz\\app\\Controllers\\AdminController.php', 45)
 2 SYSTEMPATH\CodeIgniter.php(942): App\Controllers\AdminController->demoPDF()
 3 SYSTEMPATH\CodeIgniter.php(502): CodeIgniter\CodeIgniter->runController(Object(App\Controllers\AdminController))
 4 SYSTEMPATH\CodeIgniter.php(361): CodeIgniter\CodeIgniter->handleRequest(null, Object(Config\Cache), false)
 5 FCPATH\index.php(79): CodeIgniter\CodeIgniter->run()
CRITICAL - 2024-02-19 16:29:48 --> Call to undefined method App\Controllers\AdminController::obtener_nombre_nivel()
in APPPATH\Controllers\AdminController.php on line 36.
 1 SYSTEMPATH\CodeIgniter.php(942): App\Controllers\AdminController->demoPDF()
 2 SYSTEMPATH\CodeIgniter.php(502): CodeIgniter\CodeIgniter->runController(Object(App\Controllers\AdminController))
 3 SYSTEMPATH\CodeIgniter.php(361): CodeIgniter\CodeIgniter->handleRequest(null, Object(Config\Cache), false)
 4 FCPATH\index.php(79): CodeIgniter\CodeIgniter->run()
INFO - 2024-02-19 16:30:55 --> Session: Class initialized using 'CodeIgniter\Session\Handlers\FileHandler' driver.
CRITICAL - 2024-02-19 16:30:55 --> Attempt to read property "fkLevel" on array
in APPPATH\Controllers\AdminController.php on line 35.
 1 APPPATH\Controllers\AdminController.php(35): CodeIgniter\Debug\Exceptions->errorHandler(2, 'Attempt to read property "fkLevel" on array', 'C:\\xampp\\htdocs\\quiz\\app\\Controllers\\AdminController.php', 35)
 2 SYSTEMPATH\CodeIgniter.php(942): App\Controllers\AdminController->demoPDF()
 3 SYSTEMPATH\CodeIgniter.php(502): CodeIgniter\CodeIgniter->runController(Object(App\Controllers\AdminController))
 4 SYSTEMPATH\CodeIgniter.php(361): CodeIgniter\CodeIgniter->handleRequest(null, Object(Config\Cache), false)
 5 FCPATH\index.php(79): CodeIgniter\CodeIgniter->run()
INFO - 2024-02-19 16:31:10 --> Session: Class initialized using 'CodeIgniter\Session\Handlers\FileHandler' driver.
INFO - 2024-02-19 16:31:14 --> Session: Class initialized using 'CodeIgniter\Session\Handlers\FileHandler' driver.
INFO - 2024-02-19 16:33:45 --> Session: Class initialized using 'CodeIgniter\Session\Handlers\FileHandler' driver.
CRITICAL - 2024-02-19 16:33:45 --> Attempt to read property "name" on array
in APPPATH\Controllers\AdminController.php on line 44.
 1 APPPATH\Controllers\AdminController.php(44): CodeIgniter\Debug\Exceptions->errorHandler(2, 'Attempt to read property "name" on array', 'C:\\xampp\\htdocs\\quiz\\app\\Controllers\\AdminController.php', 44)
 2 SYSTEMPATH\CodeIgniter.php(942): App\Controllers\AdminController->demoPDF()
 3 SYSTEMPATH\CodeIgniter.php(502): CodeIgniter\CodeIgniter->runController(Object(App\Controllers\AdminController))
 4 SYSTEMPATH\CodeIgniter.php(361): CodeIgniter\CodeIgniter->handleRequest(null, Object(Config\Cache), false)
 5 FCPATH\index.php(79): CodeIgniter\CodeIgniter->run()
INFO - 2024-02-19 16:33:46 --> Session: Class initialized using 'CodeIgniter\Session\Handlers\FileHandler' driver.
CRITICAL - 2024-02-19 16:33:46 --> Attempt to read property "name" on array
in APPPATH\Controllers\AdminController.php on line 44.
 1 APPPATH\Controllers\AdminController.php(44): CodeIgniter\Debug\Exceptions->errorHandler(2, 'Attempt to read property "name" on array', 'C:\\xampp\\htdocs\\quiz\\app\\Controllers\\AdminController.php', 44)
 2 SYSTEMPATH\CodeIgniter.php(942): App\Controllers\AdminController->demoPDF()
 3 SYSTEMPATH\CodeIgniter.php(502): CodeIgniter\CodeIgniter->runController(Object(App\Controllers\AdminController))
 4 SYSTEMPATH\CodeIgniter.php(361): CodeIgniter\CodeIgniter->handleRequest(null, Object(Config\Cache), false)
 5 FCPATH\index.php(79): CodeIgniter\CodeIgniter->run()
INFO - 2024-02-19 16:34:32 --> Session: Class initialized using 'CodeIgniter\Session\Handlers\FileHandler' driver.
CRITICAL - 2024-02-19 16:34:32 --> Attempt to read property "fkLevel" on array
in APPPATH\Controllers\AdminController.php on line 44.
 1 APPPATH\Controllers\AdminController.php(44): CodeIgniter\Debug\Exceptions->errorHandler(2, 'Attempt to read property "fkLevel" on array', 'C:\\xampp\\htdocs\\quiz\\app\\Controllers\\AdminController.php', 44)
 2 SYSTEMPATH\CodeIgniter.php(942): App\Controllers\AdminController->demoPDF()
 3 SYSTEMPATH\CodeIgniter.php(502): CodeIgniter\CodeIgniter->runController(Object(App\Controllers\AdminController))
 4 SYSTEMPATH\CodeIgniter.php(361): CodeIgniter\CodeIgniter->handleRequest(null, Object(Config\Cache), false)
 5 FCPATH\index.php(79): CodeIgniter\CodeIgniter->run()
INFO - 2024-02-19 16:35:31 --> Session: Class initialized using 'CodeIgniter\Session\Handlers\FileHandler' driver.
CRITICAL - 2024-02-19 16:35:31 --> Attempt to read property "name" on array
in APPPATH\Controllers\AdminController.php on line 44.
 1 APPPATH\Controllers\AdminController.php(44): CodeIgniter\Debug\Exceptions->errorHandler(2, 'Attempt to read property "name" on array', 'C:\\xampp\\htdocs\\quiz\\app\\Controllers\\AdminController.php', 44)
 2 SYSTEMPATH\CodeIgniter.php(942): App\Controllers\AdminController->demoPDF()
 3 SYSTEMPATH\CodeIgniter.php(502): CodeIgniter\CodeIgniter->runController(Object(App\Controllers\AdminController))
 4 SYSTEMPATH\CodeIgniter.php(361): CodeIgniter\CodeIgniter->handleRequest(null, Object(Config\Cache), false)
 5 FCPATH\index.php(79): CodeIgniter\CodeIgniter->run()
INFO - 2024-02-19 16:37:13 --> Session: Class initialized using 'CodeIgniter\Session\Handlers\FileHandler' driver.
CRITICAL - 2024-02-19 16:37:13 --> Attempt to read property "name" on array
in APPPATH\Controllers\AdminController.php on line 45.
 1 APPPATH\Controllers\AdminController.php(45): CodeIgniter\Debug\Exceptions->errorHandler(2, 'Attempt to read property "name" on array', 'C:\\xampp\\htdocs\\quiz\\app\\Controllers\\AdminController.php', 45)
 2 SYSTEMPATH\CodeIgniter.php(942): App\Controllers\AdminController->demoPDF()
 3 SYSTEMPATH\CodeIgniter.php(502): CodeIgniter\CodeIgniter->runController(Object(App\Controllers\AdminController))
 4 SYSTEMPATH\CodeIgniter.php(361): CodeIgniter\CodeIgniter->handleRequest(null, Object(Config\Cache), false)
 5 FCPATH\index.php(79): CodeIgniter\CodeIgniter->run()
INFO - 2024-02-19 16:37:55 --> Session: Class initialized using 'CodeIgniter\Session\Handlers\FileHandler' driver.
CRITICAL - 2024-02-19 16:37:55 --> Attempt to read property "level" on array
in APPPATH\Controllers\AdminController.php on line 45.
 1 APPPATH\Controllers\AdminController.php(45): CodeIgniter\Debug\Exceptions->errorHandler(2, 'Attempt to read property "level" on array', 'C:\\xampp\\htdocs\\quiz\\app\\Controllers\\AdminController.php', 45)
 2 SYSTEMPATH\CodeIgniter.php(942): App\Controllers\AdminController->demoPDF()
 3 SYSTEMPATH\CodeIgniter.php(502): CodeIgniter\CodeIgniter->runController(Object(App\Controllers\AdminController))
 4 SYSTEMPATH\CodeIgniter.php(361): CodeIgniter\CodeIgniter->handleRequest(null, Object(Config\Cache), false)
 5 FCPATH\index.php(79): CodeIgniter\CodeIgniter->run()
INFO - 2024-02-19 16:38:36 --> Session: Class initialized using 'CodeIgniter\Session\Handlers\FileHandler' driver.
CRITICAL - 2024-02-19 16:38:36 --> Attempt to read property "name" on array
in APPPATH\Controllers\AdminController.php on line 54.
 1 APPPATH\Controllers\AdminController.php(54): CodeIgniter\Debug\Exceptions->errorHandler(2, 'Attempt to read property "name" on array', 'C:\\xampp\\htdocs\\quiz\\app\\Controllers\\AdminController.php', 54)
 2 SYSTEMPATH\CodeIgniter.php(942): App\Controllers\AdminController->demoPDF()
 3 SYSTEMPATH\CodeIgniter.php(502): CodeIgniter\CodeIgniter->runController(Object(App\Controllers\AdminController))
 4 SYSTEMPATH\CodeIgniter.php(361): CodeIgniter\CodeIgniter->handleRequest(null, Object(Config\Cache), false)
 5 FCPATH\index.php(79): CodeIgniter\CodeIgniter->run()
CRITICAL - 2024-02-19 16:38:57 --> syntax error, unexpected token "[", expecting identifier or variable or "{" or "$"
in APPPATH\Controllers\AdminController.php on line 54.
 1 SYSTEMPATH\Autoloader\Autoloader.php(291): CodeIgniter\Autoloader\Autoloader->includeFile('C:\\xampp\\htdocs\\quiz\\app\\Controllers\\AdminController.php')
 2 SYSTEMPATH\Autoloader\Autoloader.php(269): CodeIgniter\Autoloader\Autoloader->loadInNamespace('App\\Controllers\\AdminController')
 3 [internal function]: CodeIgniter\Autoloader\Autoloader->loadClass('App\\Controllers\\AdminController')
 4 SYSTEMPATH\CodeIgniter.php(900): class_exists('\\App\\Controllers\\AdminController', true)
 5 SYSTEMPATH\CodeIgniter.php(489): CodeIgniter\CodeIgniter->startController()
 6 SYSTEMPATH\CodeIgniter.php(361): CodeIgniter\CodeIgniter->handleRequest(null, Object(Config\Cache), false)
 7 FCPATH\index.php(79): CodeIgniter\CodeIgniter->run()
INFO - 2024-02-19 16:39:44 --> Session: Class initialized using 'CodeIgniter\Session\Handlers\FileHandler' driver.
CRITICAL - 2024-02-19 16:39:44 --> Attempt to read property "profession" on array
in APPPATH\Controllers\AdminController.php on line 45.
 1 APPPATH\Controllers\AdminController.php(45): CodeIgniter\Debug\Exceptions->errorHandler(2, 'Attempt to read property "profession" on array', 'C:\\xampp\\htdocs\\quiz\\app\\Controllers\\AdminController.php', 45)
 2 SYSTEMPATH\CodeIgniter.php(942): App\Controllers\AdminController->demoPDF()
 3 SYSTEMPATH\CodeIgniter.php(502): CodeIgniter\CodeIgniter->runController(Object(App\Controllers\AdminController))
 4 SYSTEMPATH\CodeIgniter.php(361): CodeIgniter\CodeIgniter->handleRequest(null, Object(Config\Cache), false)
 5 FCPATH\index.php(79): CodeIgniter\CodeIgniter->run()
INFO - 2024-02-19 16:40:40 --> Session: Class initialized using 'CodeIgniter\Session\Handlers\FileHandler' driver.
CRITICAL - 2024-02-19 16:40:40 --> Attempt to read property "profession" on array
in APPPATH\Controllers\AdminController.php on line 54.
 1 APPPATH\Controllers\AdminController.php(54): CodeIgniter\Debug\Exceptions->errorHandler(2, 'Attempt to read property "profession" on array', 'C:\\xampp\\htdocs\\quiz\\app\\Controllers\\AdminController.php', 54)
 2 SYSTEMPATH\CodeIgniter.php(942): App\Controllers\AdminController->demoPDF()
 3 SYSTEMPATH\CodeIgniter.php(502): CodeIgniter\CodeIgniter->runController(Object(App\Controllers\AdminController))
 4 SYSTEMPATH\CodeIgniter.php(361): CodeIgniter\CodeIgniter->handleRequest(null, Object(Config\Cache), false)
 5 FCPATH\index.php(79): CodeIgniter\CodeIgniter->run()
INFO - 2024-02-19 16:43:31 --> Session: Class initialized using 'CodeIgniter\Session\Handlers\FileHandler' driver.
CRITICAL - 2024-02-19 16:43:31 --> Undefined array key "profession"
in APPPATH\Controllers\AdminController.php on line 54.
 1 APPPATH\Controllers\AdminController.php(54): CodeIgniter\Debug\Exceptions->errorHandler(2, 'Undefined array key "profession"', 'C:\\xampp\\htdocs\\quiz\\app\\Controllers\\AdminController.php', 54)
 2 SYSTEMPATH\CodeIgniter.php(942): App\Controllers\AdminController->demoPDF()
 3 SYSTEMPATH\CodeIgniter.php(502): CodeIgniter\CodeIgniter->runController(Object(App\Controllers\AdminController))
 4 SYSTEMPATH\CodeIgniter.php(361): CodeIgniter\CodeIgniter->handleRequest(null, Object(Config\Cache), false)
 5 FCPATH\index.php(79): CodeIgniter\CodeIgniter->run()
INFO - 2024-02-19 16:43:56 --> Session: Class initialized using 'CodeIgniter\Session\Handlers\FileHandler' driver.
CRITICAL - 2024-02-19 16:43:56 --> Attempt to read property "name" on array
in APPPATH\Controllers\AdminController.php on line 45.
 1 APPPATH\Controllers\AdminController.php(45): CodeIgniter\Debug\Exceptions->errorHandler(2, 'Attempt to read property "name" on array', 'C:\\xampp\\htdocs\\quiz\\app\\Controllers\\AdminController.php', 45)
 2 SYSTEMPATH\CodeIgniter.php(942): App\Controllers\AdminController->demoPDF()
 3 SYSTEMPATH\CodeIgniter.php(502): CodeIgniter\CodeIgniter->runController(Object(App\Controllers\AdminController))
 4 SYSTEMPATH\CodeIgniter.php(361): CodeIgniter\CodeIgniter->handleRequest(null, Object(Config\Cache), false)
 5 FCPATH\index.php(79): CodeIgniter\CodeIgniter->run()
INFO - 2024-02-19 16:44:44 --> Session: Class initialized using 'CodeIgniter\Session\Handlers\FileHandler' driver.
CRITICAL - 2024-02-19 16:44:44 --> Call to undefined method App\Models\LevelModel::row
in SYSTEMPATH\Model.php on line 873.
 1 APPPATH\Controllers\AdminController.php(32): CodeIgniter\Model->__call('row', [...])
 2 SYSTEMPATH\CodeIgniter.php(942): App\Controllers\AdminController->demoPDF()
 3 SYSTEMPATH\CodeIgniter.php(502): CodeIgniter\CodeIgniter->runController(Object(App\Controllers\AdminController))
 4 SYSTEMPATH\CodeIgniter.php(361): CodeIgniter\CodeIgniter->handleRequest(null, Object(Config\Cache), false)
 5 FCPATH\index.php(79): CodeIgniter\CodeIgniter->run()
INFO - 2024-02-19 16:45:31 --> Session: Class initialized using 'CodeIgniter\Session\Handlers\FileHandler' driver.
CRITICAL - 2024-02-19 16:45:31 --> Call to undefined method CodeIgniter\Database\MySQLi\Result::row()
in APPPATH\Controllers\AdminController.php on line 32.
 1 SYSTEMPATH\CodeIgniter.php(942): App\Controllers\AdminController->demoPDF()
 2 SYSTEMPATH\CodeIgniter.php(502): CodeIgniter\CodeIgniter->runController(Object(App\Controllers\AdminController))
 3 SYSTEMPATH\CodeIgniter.php(361): CodeIgniter\CodeIgniter->handleRequest(null, Object(Config\Cache), false)
 4 FCPATH\index.php(79): CodeIgniter\CodeIgniter->run()
INFO - 2024-02-19 16:47:12 --> Session: Class initialized using 'CodeIgniter\Session\Handlers\FileHandler' driver.
CRITICAL - 2024-02-19 16:47:12 --> Undefined property: stdClass::$name
in APPPATH\Controllers\AdminController.php on line 45.
 1 APPPATH\Controllers\AdminController.php(45): CodeIgniter\Debug\Exceptions->errorHandler(2, 'Undefined property: stdClass::$name', 'C:\\xampp\\htdocs\\quiz\\app\\Controllers\\AdminController.php', 45)
 2 SYSTEMPATH\CodeIgniter.php(942): App\Controllers\AdminController->demoPDF()
 3 SYSTEMPATH\CodeIgniter.php(502): CodeIgniter\CodeIgniter->runController(Object(App\Controllers\AdminController))
 4 SYSTEMPATH\CodeIgniter.php(361): CodeIgniter\CodeIgniter->handleRequest(null, Object(Config\Cache), false)
 5 FCPATH\index.php(79): CodeIgniter\CodeIgniter->run()
INFO - 2024-02-19 16:47:33 --> Session: Class initialized using 'CodeIgniter\Session\Handlers\FileHandler' driver.
CRITICAL - 2024-02-19 16:47:33 --> Undefined property: stdClass::$name
in APPPATH\Controllers\AdminController.php on line 45.
 1 APPPATH\Controllers\AdminController.php(45): CodeIgniter\Debug\Exceptions->errorHandler(2, 'Undefined property: stdClass::$name', 'C:\\xampp\\htdocs\\quiz\\app\\Controllers\\AdminController.php', 45)
 2 SYSTEMPATH\CodeIgniter.php(942): App\Controllers\AdminController->demoPDF()
 3 SYSTEMPATH\CodeIgniter.php(502): CodeIgniter\CodeIgniter->runController(Object(App\Controllers\AdminController))
 4 SYSTEMPATH\CodeIgniter.php(361): CodeIgniter\CodeIgniter->handleRequest(null, Object(Config\Cache), false)
 5 FCPATH\index.php(79): CodeIgniter\CodeIgniter->run()
INFO - 2024-02-19 16:48:34 --> Session: Class initialized using 'CodeIgniter\Session\Handlers\FileHandler' driver.
CRITICAL - 2024-02-19 16:48:35 --> Cannot use object of type stdClass as array
in APPPATH\Controllers\AdminController.php on line 45.
 1 SYSTEMPATH\CodeIgniter.php(942): App\Controllers\AdminController->demoPDF()
 2 SYSTEMPATH\CodeIgniter.php(502): CodeIgniter\CodeIgniter->runController(Object(App\Controllers\AdminController))
 3 SYSTEMPATH\CodeIgniter.php(361): CodeIgniter\CodeIgniter->handleRequest(null, Object(Config\Cache), false)
 4 FCPATH\index.php(79): CodeIgniter\CodeIgniter->run()
INFO - 2024-02-19 16:48:49 --> Session: Class initialized using 'CodeIgniter\Session\Handlers\FileHandler' driver.
CRITICAL - 2024-02-19 16:48:49 --> Undefined array key "profession"
in APPPATH\Controllers\AdminController.php on line 54.
 1 APPPATH\Controllers\AdminController.php(54): CodeIgniter\Debug\Exceptions->errorHandler(2, 'Undefined array key "profession"', 'C:\\xampp\\htdocs\\quiz\\app\\Controllers\\AdminController.php', 54)
 2 SYSTEMPATH\CodeIgniter.php(942): App\Controllers\AdminController->demoPDF()
 3 SYSTEMPATH\CodeIgniter.php(502): CodeIgniter\CodeIgniter->runController(Object(App\Controllers\AdminController))
 4 SYSTEMPATH\CodeIgniter.php(361): CodeIgniter\CodeIgniter->handleRequest(null, Object(Config\Cache), false)
 5 FCPATH\index.php(79): CodeIgniter\CodeIgniter->run()
INFO - 2024-02-19 16:49:14 --> Session: Class initialized using 'CodeIgniter\Session\Handlers\FileHandler' driver.
CRITICAL - 2024-02-19 16:49:14 --> Attempt to read property "profession" on array
in APPPATH\Controllers\AdminController.php on line 54.
 1 APPPATH\Controllers\AdminController.php(54): CodeIgniter\Debug\Exceptions->errorHandler(2, 'Attempt to read property "profession" on array', 'C:\\xampp\\htdocs\\quiz\\app\\Controllers\\AdminController.php', 54)
 2 SYSTEMPATH\CodeIgniter.php(942): App\Controllers\AdminController->demoPDF()
 3 SYSTEMPATH\CodeIgniter.php(502): CodeIgniter\CodeIgniter->runController(Object(App\Controllers\AdminController))
 4 SYSTEMPATH\CodeIgniter.php(361): CodeIgniter\CodeIgniter->handleRequest(null, Object(Config\Cache), false)
 5 FCPATH\index.php(79): CodeIgniter\CodeIgniter->run()
INFO - 2024-02-19 16:50:17 --> Session: Class initialized using 'CodeIgniter\Session\Handlers\FileHandler' driver.
CRITICAL - 2024-02-19 16:50:17 --> Call to undefined method App\Models\ProfessionModel::row
in SYSTEMPATH\Model.php on line 873.
 1 APPPATH\Controllers\AdminController.php(37): CodeIgniter\Model->__call('row', [])
 2 SYSTEMPATH\CodeIgniter.php(942): App\Controllers\AdminController->demoPDF()
 3 SYSTEMPATH\CodeIgniter.php(502): CodeIgniter\CodeIgniter->runController(Object(App\Controllers\AdminController))
 4 SYSTEMPATH\CodeIgniter.php(361): CodeIgniter\CodeIgniter->handleRequest(null, Object(Config\Cache), false)
 5 FCPATH\index.php(79): CodeIgniter\CodeIgniter->run()
INFO - 2024-02-19 16:52:52 --> Session: Class initialized using 'CodeIgniter\Session\Handlers\FileHandler' driver.
CRITICAL - 2024-02-19 16:52:52 --> Attempt to read property "profession" on array
in APPPATH\Controllers\AdminController.php on line 56.
 1 APPPATH\Controllers\AdminController.php(56): CodeIgniter\Debug\Exceptions->errorHandler(2, 'Attempt to read property "profession" on array', 'C:\\xampp\\htdocs\\quiz\\app\\Controllers\\AdminController.php', 56)
 2 SYSTEMPATH\CodeIgniter.php(942): App\Controllers\AdminController->demoPDF()
 3 SYSTEMPATH\CodeIgniter.php(502): CodeIgniter\CodeIgniter->runController(Object(App\Controllers\AdminController))
 4 SYSTEMPATH\CodeIgniter.php(361): CodeIgniter\CodeIgniter->handleRequest(null, Object(Config\Cache), false)
 5 FCPATH\index.php(79): CodeIgniter\CodeIgniter->run()
INFO - 2024-02-19 16:53:41 --> Session: Class initialized using 'CodeIgniter\Session\Handlers\FileHandler' driver.
CRITICAL - 2024-02-19 16:53:41 --> Undefined array key "profession"
in APPPATH\Controllers\AdminController.php on line 56.
 1 APPPATH\Controllers\AdminController.php(56): CodeIgniter\Debug\Exceptions->errorHandler(2, 'Undefined array key "profession"', 'C:\\xampp\\htdocs\\quiz\\app\\Controllers\\AdminController.php', 56)
 2 SYSTEMPATH\CodeIgniter.php(942): App\Controllers\AdminController->demoPDF()
 3 SYSTEMPATH\CodeIgniter.php(502): CodeIgniter\CodeIgniter->runController(Object(App\Controllers\AdminController))
 4 SYSTEMPATH\CodeIgniter.php(361): CodeIgniter\CodeIgniter->handleRequest(null, Object(Config\Cache), false)
 5 FCPATH\index.php(79): CodeIgniter\CodeIgniter->run()
INFO - 2024-02-19 16:53:48 --> Session: Class initialized using 'CodeIgniter\Session\Handlers\FileHandler' driver.
CRITICAL - 2024-02-19 16:53:48 --> Undefined array key "profession"
in APPPATH\Controllers\AdminController.php on line 56.
 1 APPPATH\Controllers\AdminController.php(56): CodeIgniter\Debug\Exceptions->errorHandler(2, 'Undefined array key "profession"', 'C:\\xampp\\htdocs\\quiz\\app\\Controllers\\AdminController.php', 56)
 2 SYSTEMPATH\CodeIgniter.php(942): App\Controllers\AdminController->demoPDF()
 3 SYSTEMPATH\CodeIgniter.php(502): CodeIgniter\CodeIgniter->runController(Object(App\Controllers\AdminController))
 4 SYSTEMPATH\CodeIgniter.php(361): CodeIgniter\CodeIgniter->handleRequest(null, Object(Config\Cache), false)
 5 FCPATH\index.php(79): CodeIgniter\CodeIgniter->run()
INFO - 2024-02-19 16:54:02 --> Session: Class initialized using 'CodeIgniter\Session\Handlers\FileHandler' driver.
CRITICAL - 2024-02-19 16:54:02 --> Undefined array key "profession"
in APPPATH\Controllers\AdminController.php on line 56.
 1 APPPATH\Controllers\AdminController.php(56): CodeIgniter\Debug\Exceptions->errorHandler(2, 'Undefined array key "profession"', 'C:\\xampp\\htdocs\\quiz\\app\\Controllers\\AdminController.php', 56)
 2 SYSTEMPATH\CodeIgniter.php(942): App\Controllers\AdminController->demoPDF()
 3 SYSTEMPATH\CodeIgniter.php(502): CodeIgniter\CodeIgniter->runController(Object(App\Controllers\AdminController))
 4 SYSTEMPATH\CodeIgniter.php(361): CodeIgniter\CodeIgniter->handleRequest(null, Object(Config\Cache), false)
 5 FCPATH\index.php(79): CodeIgniter\CodeIgniter->run()
INFO - 2024-02-19 16:55:11 --> Session: Class initialized using 'CodeIgniter\Session\Handlers\FileHandler' driver.
INFO - 2024-02-19 17:02:48 --> Session: Class initialized using 'CodeIgniter\Session\Handlers\FileHandler' driver.
CRITICAL - 2024-02-19 17:02:48 --> Undefined array key "profession"
in APPPATH\Controllers\AdminController.php on line 56.
 1 APPPATH\Controllers\AdminController.php(56): CodeIgniter\Debug\Exceptions->errorHandler(2, 'Undefined array key "profession"', 'C:\\xampp\\htdocs\\quiz\\app\\Controllers\\AdminController.php', 56)
 2 SYSTEMPATH\CodeIgniter.php(942): App\Controllers\AdminController->demoPDF()
 3 SYSTEMPATH\CodeIgniter.php(502): CodeIgniter\CodeIgniter->runController(Object(App\Controllers\AdminController))
 4 SYSTEMPATH\CodeIgniter.php(361): CodeIgniter\CodeIgniter->handleRequest(null, Object(Config\Cache), false)
 5 FCPATH\index.php(79): CodeIgniter\CodeIgniter->run()
INFO - 2024-02-19 17:02:55 --> Session: Class initialized using 'CodeIgniter\Session\Handlers\FileHandler' driver.
CRITICAL - 2024-02-19 17:02:55 --> Undefined array key "profession"
in APPPATH\Controllers\AdminController.php on line 56.
 1 APPPATH\Controllers\AdminController.php(56): CodeIgniter\Debug\Exceptions->errorHandler(2, 'Undefined array key "profession"', 'C:\\xampp\\htdocs\\quiz\\app\\Controllers\\AdminController.php', 56)
 2 SYSTEMPATH\CodeIgniter.php(942): App\Controllers\AdminController->demoPDF()
 3 SYSTEMPATH\CodeIgniter.php(502): CodeIgniter\CodeIgniter->runController(Object(App\Controllers\AdminController))
 4 SYSTEMPATH\CodeIgniter.php(361): CodeIgniter\CodeIgniter->handleRequest(null, Object(Config\Cache), false)
 5 FCPATH\index.php(79): CodeIgniter\CodeIgniter->run()
INFO - 2024-02-19 17:03:07 --> Session: Class initialized using 'CodeIgniter\Session\Handlers\FileHandler' driver.
CRITICAL - 2024-02-19 17:03:07 --> Undefined array key "profession"
in APPPATH\Controllers\AdminController.php on line 56.
 1 APPPATH\Controllers\AdminController.php(56): CodeIgniter\Debug\Exceptions->errorHandler(2, 'Undefined array key "profession"', 'C:\\xampp\\htdocs\\quiz\\app\\Controllers\\AdminController.php', 56)
 2 SYSTEMPATH\CodeIgniter.php(942): App\Controllers\AdminController->demoPDF()
 3 SYSTEMPATH\CodeIgniter.php(502): CodeIgniter\CodeIgniter->runController(Object(App\Controllers\AdminController))
 4 SYSTEMPATH\CodeIgniter.php(361): CodeIgniter\CodeIgniter->handleRequest(null, Object(Config\Cache), false)
 5 FCPATH\index.php(79): CodeIgniter\CodeIgniter->run()
INFO - 2024-02-19 17:03:41 --> Session: Class initialized using 'CodeIgniter\Session\Handlers\FileHandler' driver.
INFO - 2024-02-19 17:04:14 --> Session: Class initialized using 'CodeIgniter\Session\Handlers\FileHandler' driver.
CRITICAL - 2024-02-19 17:04:14 --> Undefined array key "profession"
in APPPATH\Controllers\AdminController.php on line 56.
 1 APPPATH\Controllers\AdminController.php(56): CodeIgniter\Debug\Exceptions->errorHandler(2, 'Undefined array key "profession"', 'C:\\xampp\\htdocs\\quiz\\app\\Controllers\\AdminController.php', 56)
 2 SYSTEMPATH\CodeIgniter.php(942): App\Controllers\AdminController->demoPDF()
 3 SYSTEMPATH\CodeIgniter.php(502): CodeIgniter\CodeIgniter->runController(Object(App\Controllers\AdminController))
 4 SYSTEMPATH\CodeIgniter.php(361): CodeIgniter\CodeIgniter->handleRequest(null, Object(Config\Cache), false)
 5 FCPATH\index.php(79): CodeIgniter\CodeIgniter->run()
INFO - 2024-02-19 17:04:20 --> Session: Class initialized using 'CodeIgniter\Session\Handlers\FileHandler' driver.
CRITICAL - 2024-02-19 17:04:20 --> Undefined array key "profession"
in APPPATH\Controllers\AdminController.php on line 56.
 1 APPPATH\Controllers\AdminController.php(56): CodeIgniter\Debug\Exceptions->errorHandler(2, 'Undefined array key "profession"', 'C:\\xampp\\htdocs\\quiz\\app\\Controllers\\AdminController.php', 56)
 2 SYSTEMPATH\CodeIgniter.php(942): App\Controllers\AdminController->demoPDF()
 3 SYSTEMPATH\CodeIgniter.php(502): CodeIgniter\CodeIgniter->runController(Object(App\Controllers\AdminController))
 4 SYSTEMPATH\CodeIgniter.php(361): CodeIgniter\CodeIgniter->handleRequest(null, Object(Config\Cache), false)
 5 FCPATH\index.php(79): CodeIgniter\CodeIgniter->run()
INFO - 2024-02-19 17:04:46 --> Session: Class initialized using 'CodeIgniter\Session\Handlers\FileHandler' driver.
INFO - 2024-02-19 17:06:26 --> Session: Class initialized using 'CodeIgniter\Session\Handlers\FileHandler' driver.
INFO - 2024-02-19 17:09:48 --> Session: Class initialized using 'CodeIgniter\Session\Handlers\FileHandler' driver.
INFO - 2024-02-19 17:10:21 --> Session: Class initialized using 'CodeIgniter\Session\Handlers\FileHandler' driver.
INFO - 2024-02-19 17:10:25 --> Session: Class initialized using 'CodeIgniter\Session\Handlers\FileHandler' driver.
INFO - 2024-02-19 17:11:02 --> Session: Class initialized using 'CodeIgniter\Session\Handlers\FileHandler' driver.
INFO - 2024-02-19 17:12:27 --> Session: Class initialized using 'CodeIgniter\Session\Handlers\FileHandler' driver.
INFO - 2024-02-19 17:12:45 --> Session: Class initialized using 'CodeIgniter\Session\Handlers\FileHandler' driver.
INFO - 2024-02-19 17:12:50 --> Session: Class initialized using 'CodeIgniter\Session\Handlers\FileHandler' driver.
INFO - 2024-02-19 19:19:52 --> Session: Class initialized using 'CodeIgniter\Session\Handlers\FileHandler' driver.
INFO - 2024-02-19 19:20:09 --> Session: Class initialized using 'CodeIgniter\Session\Handlers\FileHandler' driver.
INFO - 2024-02-19 19:20:10 --> Session: Class initialized using 'CodeIgniter\Session\Handlers\FileHandler' driver.
INFO - 2024-02-19 19:20:21 --> Session: Class initialized using 'CodeIgniter\Session\Handlers\FileHandler' driver.
INFO - 2024-02-19 19:40:18 --> Session: Class initialized using 'CodeIgniter\Session\Handlers\FileHandler' driver.
INFO - 2024-02-19 19:40:28 --> Session: Class initialized using 'CodeIgniter\Session\Handlers\FileHandler' driver.
INFO - 2024-02-19 19:43:43 --> Session: Class initialized using 'CodeIgniter\Session\Handlers\FileHandler' driver.
INFO - 2024-02-19 19:44:49 --> Session: Class initialized using 'CodeIgniter\Session\Handlers\FileHandler' driver.
