CRITICAL - 2023-12-06 01:22:58 --> Undefined variable $admin
in APPPATH\Views\admin\AdminView.php on line 4.
 1 APPPATH\Views\admin\AdminView.php(4): CodeIgniter\Debug\Exceptions->errorHandler(2, 'Undefined variable $admin', 'C:\\xampp2\\htdocs\\integrador\\app\\Views\\admin\\AdminView.php', 4)
 2 SYSTEMPATH\View\View.php(228): include('C:\\xampp2\\htdocs\\integrador\\app\\Views\\admin\\AdminView.php')
 3 SYSTEMPATH\View\View.php(231): CodeIgniter\View\View->CodeIgniter\View\{closure}()
 4 SYSTEMPATH\Common.php(1190): CodeIgniter\View\View->render('admin/AdminVIew', [], true)
 5 APPPATH\Controllers\AdminController.php(13): view('admin/AdminVIew')
 6 SYSTEMPATH\CodeIgniter.php(942): App\Controllers\AdminController->index()
 7 SYSTEMPATH\CodeIgniter.php(502): CodeIgniter\CodeIgniter->runController(Object(App\Controllers\AdminController))
 8 SYSTEMPATH\CodeIgniter.php(361): CodeIgniter\CodeIgniter->handleRequest(null, Object(Config\Cache), false)
 9 FCPATH\index.php(79): CodeIgniter\CodeIgniter->run()
CRITICAL - 2023-12-06 01:24:11 --> syntax error, unexpected token "=>"
in APPPATH\Controllers\AdminController.php on line 11.
 1 SYSTEMPATH\Autoloader\Autoloader.php(291): CodeIgniter\Autoloader\Autoloader->includeFile('C:\\xampp2\\htdocs\\integrador\\app\\Controllers\\AdminController.php')
 2 SYSTEMPATH\Autoloader\Autoloader.php(269): CodeIgniter\Autoloader\Autoloader->loadInNamespace('App\\Controllers\\AdminController')
 3 [internal function]: CodeIgniter\Autoloader\Autoloader->loadClass('App\\Controllers\\AdminController')
 4 SYSTEMPATH\CodeIgniter.php(900): class_exists('\\App\\Controllers\\AdminController', true)
 5 SYSTEMPATH\CodeIgniter.php(489): CodeIgniter\CodeIgniter->startController()
 6 SYSTEMPATH\CodeIgniter.php(361): CodeIgniter\CodeIgniter->handleRequest(null, Object(Config\Cache), false)
 7 FCPATH\index.php(79): CodeIgniter\CodeIgniter->run()
CRITICAL - 2023-12-06 01:24:13 --> syntax error, unexpected token "=>"
in APPPATH\Controllers\AdminController.php on line 11.
 1 SYSTEMPATH\Autoloader\Autoloader.php(291): CodeIgniter\Autoloader\Autoloader->includeFile('C:\\xampp2\\htdocs\\integrador\\app\\Controllers\\AdminController.php')
 2 SYSTEMPATH\Autoloader\Autoloader.php(269): CodeIgniter\Autoloader\Autoloader->loadInNamespace('App\\Controllers\\AdminController')
 3 [internal function]: CodeIgniter\Autoloader\Autoloader->loadClass('App\\Controllers\\AdminController')
 4 SYSTEMPATH\CodeIgniter.php(900): class_exists('\\App\\Controllers\\AdminController', true)
 5 SYSTEMPATH\CodeIgniter.php(489): CodeIgniter\CodeIgniter->startController()
 6 SYSTEMPATH\CodeIgniter.php(361): CodeIgniter\CodeIgniter->handleRequest(null, Object(Config\Cache), false)
 7 FCPATH\index.php(79): CodeIgniter\CodeIgniter->run()
CRITICAL - 2023-12-06 01:43:48 --> require_once(resources/url/MyUrl.php): Failed to open stream: No such file or directory
in APPPATH\Views\welcome_message.php on line 5.
 1 APPPATH\Views\welcome_message.php(5): CodeIgniter\Debug\Exceptions->errorHandler(2, 'require_once(resources/url/MyUrl.php): Failed to open stream: No such file or directory', 'C:\\xampp2\\htdocs\\integrador\\app\\Views\\welcome_message.php', 5)
 2 APPPATH\Views\welcome_message.php(5): require_once()
 3 SYSTEMPATH\View\View.php(228): include('C:\\xampp2\\htdocs\\integrador\\app\\Views\\welcome_message.php')
 4 SYSTEMPATH\View\View.php(231): CodeIgniter\View\View->CodeIgniter\View\{closure}()
 5 SYSTEMPATH\Common.php(1190): CodeIgniter\View\View->render('welcome_message', [], true)
 6 APPPATH\Controllers\Home.php(9): view('welcome_message')
 7 SYSTEMPATH\CodeIgniter.php(942): App\Controllers\Home->index()
 8 SYSTEMPATH\CodeIgniter.php(502): CodeIgniter\CodeIgniter->runController(Object(App\Controllers\Home))
 9 SYSTEMPATH\CodeIgniter.php(361): CodeIgniter\CodeIgniter->handleRequest(null, Object(Config\Cache), false)
10 FCPATH\index.php(79): CodeIgniter\CodeIgniter->run()
CRITICAL - 2023-12-06 01:45:09 --> require_once(./resources/url/MyUrl.php): Failed to open stream: No such file or directory
in APPPATH\Views\welcome_message.php on line 5.
 1 APPPATH\Views\welcome_message.php(5): CodeIgniter\Debug\Exceptions->errorHandler(2, 'require_once(./resources/url/MyUrl.php): Failed to open stream: No such file or directory', 'C:\\xampp2\\htdocs\\integrador\\app\\Views\\welcome_message.php', 5)
 2 APPPATH\Views\welcome_message.php(5): require_once()
 3 SYSTEMPATH\View\View.php(228): include('C:\\xampp2\\htdocs\\integrador\\app\\Views\\welcome_message.php')
 4 SYSTEMPATH\View\View.php(231): CodeIgniter\View\View->CodeIgniter\View\{closure}()
 5 SYSTEMPATH\Common.php(1190): CodeIgniter\View\View->render('welcome_message', [], true)
 6 APPPATH\Controllers\Home.php(9): view('welcome_message')
 7 SYSTEMPATH\CodeIgniter.php(942): App\Controllers\Home->index()
 8 SYSTEMPATH\CodeIgniter.php(502): CodeIgniter\CodeIgniter->runController(Object(App\Controllers\Home))
 9 SYSTEMPATH\CodeIgniter.php(361): CodeIgniter\CodeIgniter->handleRequest(null, Object(Config\Cache), false)
10 FCPATH\index.php(79): CodeIgniter\CodeIgniter->run()
CRITICAL - 2023-12-06 01:45:10 --> require_once(./resources/url/MyUrl.php): Failed to open stream: No such file or directory
in APPPATH\Views\welcome_message.php on line 5.
 1 APPPATH\Views\welcome_message.php(5): CodeIgniter\Debug\Exceptions->errorHandler(2, 'require_once(./resources/url/MyUrl.php): Failed to open stream: No such file or directory', 'C:\\xampp2\\htdocs\\integrador\\app\\Views\\welcome_message.php', 5)
 2 APPPATH\Views\welcome_message.php(5): require_once()
 3 SYSTEMPATH\View\View.php(228): include('C:\\xampp2\\htdocs\\integrador\\app\\Views\\welcome_message.php')
 4 SYSTEMPATH\View\View.php(231): CodeIgniter\View\View->CodeIgniter\View\{closure}()
 5 SYSTEMPATH\Common.php(1190): CodeIgniter\View\View->render('welcome_message', [], true)
 6 APPPATH\Controllers\Home.php(9): view('welcome_message')
 7 SYSTEMPATH\CodeIgniter.php(942): App\Controllers\Home->index()
 8 SYSTEMPATH\CodeIgniter.php(502): CodeIgniter\CodeIgniter->runController(Object(App\Controllers\Home))
 9 SYSTEMPATH\CodeIgniter.php(361): CodeIgniter\CodeIgniter->handleRequest(null, Object(Config\Cache), false)
10 FCPATH\index.php(79): CodeIgniter\CodeIgniter->run()
CRITICAL - 2023-12-06 01:46:21 --> include_once(./resources/url/MyUrl.php): Failed to open stream: No such file or directory
in APPPATH\Views\welcome_message.php on line 5.
 1 APPPATH\Views\welcome_message.php(5): CodeIgniter\Debug\Exceptions->errorHandler(2, 'include_once(./resources/url/MyUrl.php): Failed to open stream: No such file or directory', 'C:\\xampp2\\htdocs\\integrador\\app\\Views\\welcome_message.php', 5)
 2 APPPATH\Views\welcome_message.php(5): include_once()
 3 SYSTEMPATH\View\View.php(228): include('C:\\xampp2\\htdocs\\integrador\\app\\Views\\welcome_message.php')
 4 SYSTEMPATH\View\View.php(231): CodeIgniter\View\View->CodeIgniter\View\{closure}()
 5 SYSTEMPATH\Common.php(1190): CodeIgniter\View\View->render('welcome_message', [], true)
 6 APPPATH\Controllers\Home.php(9): view('welcome_message')
 7 SYSTEMPATH\CodeIgniter.php(942): App\Controllers\Home->index()
 8 SYSTEMPATH\CodeIgniter.php(502): CodeIgniter\CodeIgniter->runController(Object(App\Controllers\Home))
 9 SYSTEMPATH\CodeIgniter.php(361): CodeIgniter\CodeIgniter->handleRequest(null, Object(Config\Cache), false)
10 FCPATH\index.php(79): CodeIgniter\CodeIgniter->run()
CRITICAL - 2023-12-06 01:46:22 --> include_once(./resources/url/MyUrl.php): Failed to open stream: No such file or directory
in APPPATH\Views\welcome_message.php on line 5.
 1 APPPATH\Views\welcome_message.php(5): CodeIgniter\Debug\Exceptions->errorHandler(2, 'include_once(./resources/url/MyUrl.php): Failed to open stream: No such file or directory', 'C:\\xampp2\\htdocs\\integrador\\app\\Views\\welcome_message.php', 5)
 2 APPPATH\Views\welcome_message.php(5): include_once()
 3 SYSTEMPATH\View\View.php(228): include('C:\\xampp2\\htdocs\\integrador\\app\\Views\\welcome_message.php')
 4 SYSTEMPATH\View\View.php(231): CodeIgniter\View\View->CodeIgniter\View\{closure}()
 5 SYSTEMPATH\Common.php(1190): CodeIgniter\View\View->render('welcome_message', [], true)
 6 APPPATH\Controllers\Home.php(9): view('welcome_message')
 7 SYSTEMPATH\CodeIgniter.php(942): App\Controllers\Home->index()
 8 SYSTEMPATH\CodeIgniter.php(502): CodeIgniter\CodeIgniter->runController(Object(App\Controllers\Home))
 9 SYSTEMPATH\CodeIgniter.php(361): CodeIgniter\CodeIgniter->handleRequest(null, Object(Config\Cache), false)
10 FCPATH\index.php(79): CodeIgniter\CodeIgniter->run()
CRITICAL - 2023-12-06 01:46:53 --> include_once(../resources/url/MyUrl.php): Failed to open stream: No such file or directory
in APPPATH\Views\welcome_message.php on line 5.
 1 APPPATH\Views\welcome_message.php(5): CodeIgniter\Debug\Exceptions->errorHandler(2, 'include_once(../resources/url/MyUrl.php): Failed to open stream: No such file or directory', 'C:\\xampp2\\htdocs\\integrador\\app\\Views\\welcome_message.php', 5)
 2 APPPATH\Views\welcome_message.php(5): include_once()
 3 SYSTEMPATH\View\View.php(228): include('C:\\xampp2\\htdocs\\integrador\\app\\Views\\welcome_message.php')
 4 SYSTEMPATH\View\View.php(231): CodeIgniter\View\View->CodeIgniter\View\{closure}()
 5 SYSTEMPATH\Common.php(1190): CodeIgniter\View\View->render('welcome_message', [], true)
 6 APPPATH\Controllers\Home.php(9): view('welcome_message')
 7 SYSTEMPATH\CodeIgniter.php(942): App\Controllers\Home->index()
 8 SYSTEMPATH\CodeIgniter.php(502): CodeIgniter\CodeIgniter->runController(Object(App\Controllers\Home))
 9 SYSTEMPATH\CodeIgniter.php(361): CodeIgniter\CodeIgniter->handleRequest(null, Object(Config\Cache), false)
10 FCPATH\index.php(79): CodeIgniter\CodeIgniter->run()
CRITICAL - 2023-12-06 01:46:54 --> include_once(../resources/url/MyUrl.php): Failed to open stream: No such file or directory
in APPPATH\Views\welcome_message.php on line 5.
 1 APPPATH\Views\welcome_message.php(5): CodeIgniter\Debug\Exceptions->errorHandler(2, 'include_once(../resources/url/MyUrl.php): Failed to open stream: No such file or directory', 'C:\\xampp2\\htdocs\\integrador\\app\\Views\\welcome_message.php', 5)
 2 APPPATH\Views\welcome_message.php(5): include_once()
 3 SYSTEMPATH\View\View.php(228): include('C:\\xampp2\\htdocs\\integrador\\app\\Views\\welcome_message.php')
 4 SYSTEMPATH\View\View.php(231): CodeIgniter\View\View->CodeIgniter\View\{closure}()
 5 SYSTEMPATH\Common.php(1190): CodeIgniter\View\View->render('welcome_message', [], true)
 6 APPPATH\Controllers\Home.php(9): view('welcome_message')
 7 SYSTEMPATH\CodeIgniter.php(942): App\Controllers\Home->index()
 8 SYSTEMPATH\CodeIgniter.php(502): CodeIgniter\CodeIgniter->runController(Object(App\Controllers\Home))
 9 SYSTEMPATH\CodeIgniter.php(361): CodeIgniter\CodeIgniter->handleRequest(null, Object(Config\Cache), false)
10 FCPATH\index.php(79): CodeIgniter\CodeIgniter->run()
CRITICAL - 2023-12-06 01:47:26 --> include_once(resources/url/MyUrl.php): Failed to open stream: No such file or directory
in APPPATH\Views\welcome_message.php on line 5.
 1 APPPATH\Views\welcome_message.php(5): CodeIgniter\Debug\Exceptions->errorHandler(2, 'include_once(resources/url/MyUrl.php): Failed to open stream: No such file or directory', 'C:\\xampp2\\htdocs\\integrador\\app\\Views\\welcome_message.php', 5)
 2 APPPATH\Views\welcome_message.php(5): include_once()
 3 SYSTEMPATH\View\View.php(228): include('C:\\xampp2\\htdocs\\integrador\\app\\Views\\welcome_message.php')
 4 SYSTEMPATH\View\View.php(231): CodeIgniter\View\View->CodeIgniter\View\{closure}()
 5 SYSTEMPATH\Common.php(1190): CodeIgniter\View\View->render('welcome_message', [], true)
 6 APPPATH\Controllers\Home.php(9): view('welcome_message')
 7 SYSTEMPATH\CodeIgniter.php(942): App\Controllers\Home->index()
 8 SYSTEMPATH\CodeIgniter.php(502): CodeIgniter\CodeIgniter->runController(Object(App\Controllers\Home))
 9 SYSTEMPATH\CodeIgniter.php(361): CodeIgniter\CodeIgniter->handleRequest(null, Object(Config\Cache), false)
10 FCPATH\index.php(79): CodeIgniter\CodeIgniter->run()
CRITICAL - 2023-12-06 01:55:34 --> syntax error, unexpected token "[", expecting "("
in APPPATH\Controllers\Home.php on line 9.
 1 SYSTEMPATH\Autoloader\Autoloader.php(291): CodeIgniter\Autoloader\Autoloader->includeFile('C:\\xampp2\\htdocs\\integrador\\app\\Controllers\\Home.php')
 2 SYSTEMPATH\Autoloader\Autoloader.php(269): CodeIgniter\Autoloader\Autoloader->loadInNamespace('App\\Controllers\\Home')
 3 [internal function]: CodeIgniter\Autoloader\Autoloader->loadClass('App\\Controllers\\Home')
 4 SYSTEMPATH\CodeIgniter.php(900): class_exists('\\App\\Controllers\\Home', true)
 5 SYSTEMPATH\CodeIgniter.php(489): CodeIgniter\CodeIgniter->startController()
 6 SYSTEMPATH\CodeIgniter.php(361): CodeIgniter\CodeIgniter->handleRequest(null, Object(Config\Cache), false)
 7 FCPATH\index.php(79): CodeIgniter\CodeIgniter->run()
CRITICAL - 2023-12-06 01:56:17 --> syntax error, unexpected token "[", expecting "("
in APPPATH\Controllers\Home.php on line 9.
 1 SYSTEMPATH\Autoloader\Autoloader.php(291): CodeIgniter\Autoloader\Autoloader->includeFile('C:\\xampp2\\htdocs\\integrador\\app\\Controllers\\Home.php')
 2 SYSTEMPATH\Autoloader\Autoloader.php(269): CodeIgniter\Autoloader\Autoloader->loadInNamespace('App\\Controllers\\Home')
 3 [internal function]: CodeIgniter\Autoloader\Autoloader->loadClass('App\\Controllers\\Home')
 4 SYSTEMPATH\CodeIgniter.php(900): class_exists('\\App\\Controllers\\Home', true)
 5 SYSTEMPATH\CodeIgniter.php(489): CodeIgniter\CodeIgniter->startController()
 6 SYSTEMPATH\CodeIgniter.php(361): CodeIgniter\CodeIgniter->handleRequest(null, Object(Config\Cache), false)
 7 FCPATH\index.php(79): CodeIgniter\CodeIgniter->run()
CRITICAL - 2023-12-06 03:47:23 --> Undefined variable $users
in APPPATH\Views\admin\AdminView.php on line 83.
 1 APPPATH\Views\admin\AdminView.php(83): CodeIgniter\Debug\Exceptions->errorHandler(2, 'Undefined variable $users', 'C:\\xampp2\\htdocs\\integrador\\app\\Views\\admin\\AdminView.php', 83)
 2 SYSTEMPATH\View\View.php(228): include('C:\\xampp2\\htdocs\\integrador\\app\\Views\\admin\\AdminView.php')
 3 SYSTEMPATH\View\View.php(231): CodeIgniter\View\View->CodeIgniter\View\{closure}()
 4 SYSTEMPATH\Common.php(1190): CodeIgniter\View\View->render('admin/AdminVIew', [], true)
 5 APPPATH\Controllers\AdminController.php(14): view('admin/AdminVIew', [...])
 6 SYSTEMPATH\CodeIgniter.php(942): App\Controllers\AdminController->index()
 7 SYSTEMPATH\CodeIgniter.php(502): CodeIgniter\CodeIgniter->runController(Object(App\Controllers\AdminController))
 8 SYSTEMPATH\CodeIgniter.php(361): CodeIgniter\CodeIgniter->handleRequest(null, Object(Config\Cache), false)
 9 FCPATH\index.php(79): CodeIgniter\CodeIgniter->run()
CRITICAL - 2023-12-06 04:32:14 --> Undefined variable $users
in APPPATH\Views\admin\AdminView.php on line 84.
 1 APPPATH\Views\admin\AdminView.php(84): CodeIgniter\Debug\Exceptions->errorHandler(2, 'Undefined variable $users', 'C:\\xampp2\\htdocs\\integrador\\app\\Views\\admin\\AdminView.php', 84)
 2 SYSTEMPATH\View\View.php(228): include('C:\\xampp2\\htdocs\\integrador\\app\\Views\\admin\\AdminView.php')
 3 SYSTEMPATH\View\View.php(231): CodeIgniter\View\View->CodeIgniter\View\{closure}()
 4 SYSTEMPATH\Common.php(1190): CodeIgniter\View\View->render('admin/AdminVIew', [], true)
 5 APPPATH\Controllers\AdminController.php(14): view('admin/AdminVIew', [...])
 6 SYSTEMPATH\CodeIgniter.php(942): App\Controllers\AdminController->index()
 7 SYSTEMPATH\CodeIgniter.php(502): CodeIgniter\CodeIgniter->runController(Object(App\Controllers\AdminController))
 8 SYSTEMPATH\CodeIgniter.php(361): CodeIgniter\CodeIgniter->handleRequest(null, Object(Config\Cache), false)
 9 FCPATH\index.php(79): CodeIgniter\CodeIgniter->run()
CRITICAL - 2023-12-06 06:04:46 --> Invalid file: "admin/index.php"
in SYSTEMPATH\Exceptions\FrameworkException.php on line 39.
 1 SYSTEMPATH\View\View.php(216): CodeIgniter\Exceptions\FrameworkException::forInvalidFile('admin/index.php')
 2 SYSTEMPATH\Common.php(1190): CodeIgniter\View\View->render('admin/index', [], true)
 3 APPPATH\Controllers\AdminController.php(12): view('admin/index', [...])
 4 SYSTEMPATH\CodeIgniter.php(942): App\Controllers\AdminController->index()
 5 SYSTEMPATH\CodeIgniter.php(502): CodeIgniter\CodeIgniter->runController(Object(App\Controllers\AdminController))
 6 SYSTEMPATH\CodeIgniter.php(361): CodeIgniter\CodeIgniter->handleRequest(null, Object(Config\Cache), false)
 7 FCPATH\index.php(79): CodeIgniter\CodeIgniter->run()
CRITICAL - 2023-12-06 06:06:59 --> Undefined variable $datos
in APPPATH\Views\admin\AdminView.php on line 49.
 1 APPPATH\Views\admin\AdminView.php(49): CodeIgniter\Debug\Exceptions->errorHandler(2, 'Undefined variable $datos', 'C:\\xampp2\\htdocs\\integrador\\app\\Views\\admin\\AdminView.php', 49)
 2 SYSTEMPATH\View\View.php(228): include('C:\\xampp2\\htdocs\\integrador\\app\\Views\\admin\\AdminView.php')
 3 SYSTEMPATH\View\View.php(231): CodeIgniter\View\View->CodeIgniter\View\{closure}()
 4 SYSTEMPATH\Common.php(1190): CodeIgniter\View\View->render('admin/AdminVIew', [...], true)
 5 APPPATH\Controllers\AdminController.php(18): view('admin/AdminVIew', [...], [...])
 6 SYSTEMPATH\CodeIgniter.php(942): App\Controllers\AdminController->index()
 7 SYSTEMPATH\CodeIgniter.php(502): CodeIgniter\CodeIgniter->runController(Object(App\Controllers\AdminController))
 8 SYSTEMPATH\CodeIgniter.php(361): CodeIgniter\CodeIgniter->handleRequest(null, Object(Config\Cache), false)
 9 FCPATH\index.php(79): CodeIgniter\CodeIgniter->run()
CRITICAL - 2023-12-06 06:17:44 --> Undefined property: stdClass::$level
in APPPATH\Views\admin\AdminView.php on line 98.
 1 APPPATH\Views\admin\AdminView.php(98): CodeIgniter\Debug\Exceptions->errorHandler(2, 'Undefined property: stdClass::$level', 'C:\\xampp2\\htdocs\\integrador\\app\\Views\\admin\\AdminView.php', 98)
 2 SYSTEMPATH\View\View.php(228): include('C:\\xampp2\\htdocs\\integrador\\app\\Views\\admin\\AdminView.php')
 3 SYSTEMPATH\View\View.php(231): CodeIgniter\View\View->CodeIgniter\View\{closure}()
 4 SYSTEMPATH\Common.php(1190): CodeIgniter\View\View->render('admin/AdminVIew', [], true)
 5 APPPATH\Controllers\AdminController.php(17): view('admin/AdminVIew', [...])
 6 SYSTEMPATH\CodeIgniter.php(942): App\Controllers\AdminController->index()
 7 SYSTEMPATH\CodeIgniter.php(502): CodeIgniter\CodeIgniter->runController(Object(App\Controllers\AdminController))
 8 SYSTEMPATH\CodeIgniter.php(361): CodeIgniter\CodeIgniter->handleRequest(null, Object(Config\Cache), false)
 9 FCPATH\index.php(79): CodeIgniter\CodeIgniter->run()
CRITICAL - 2023-12-06 06:18:27 --> Undefined property: stdClass::$Salrio
in APPPATH\Views\admin\AdminView.php on line 102.
 1 APPPATH\Views\admin\AdminView.php(102): CodeIgniter\Debug\Exceptions->errorHandler(2, 'Undefined property: stdClass::$Salrio', 'C:\\xampp2\\htdocs\\integrador\\app\\Views\\admin\\AdminView.php', 102)
 2 SYSTEMPATH\View\View.php(228): include('C:\\xampp2\\htdocs\\integrador\\app\\Views\\admin\\AdminView.php')
 3 SYSTEMPATH\View\View.php(231): CodeIgniter\View\View->CodeIgniter\View\{closure}()
 4 SYSTEMPATH\Common.php(1190): CodeIgniter\View\View->render('admin/AdminVIew', [], true)
 5 APPPATH\Controllers\AdminController.php(17): view('admin/AdminVIew', [...])
 6 SYSTEMPATH\CodeIgniter.php(942): App\Controllers\AdminController->index()
 7 SYSTEMPATH\CodeIgniter.php(502): CodeIgniter\CodeIgniter->runController(Object(App\Controllers\AdminController))
 8 SYSTEMPATH\CodeIgniter.php(361): CodeIgniter\CodeIgniter->handleRequest(null, Object(Config\Cache), false)
 9 FCPATH\index.php(79): CodeIgniter\CodeIgniter->run()
CRITICAL - 2023-12-06 06:18:28 --> Undefined property: stdClass::$Salrio
in APPPATH\Views\admin\AdminView.php on line 102.
 1 APPPATH\Views\admin\AdminView.php(102): CodeIgniter\Debug\Exceptions->errorHandler(2, 'Undefined property: stdClass::$Salrio', 'C:\\xampp2\\htdocs\\integrador\\app\\Views\\admin\\AdminView.php', 102)
 2 SYSTEMPATH\View\View.php(228): include('C:\\xampp2\\htdocs\\integrador\\app\\Views\\admin\\AdminView.php')
 3 SYSTEMPATH\View\View.php(231): CodeIgniter\View\View->CodeIgniter\View\{closure}()
 4 SYSTEMPATH\Common.php(1190): CodeIgniter\View\View->render('admin/AdminVIew', [], true)
 5 APPPATH\Controllers\AdminController.php(17): view('admin/AdminVIew', [...])
 6 SYSTEMPATH\CodeIgniter.php(942): App\Controllers\AdminController->index()
 7 SYSTEMPATH\CodeIgniter.php(502): CodeIgniter\CodeIgniter->runController(Object(App\Controllers\AdminController))
 8 SYSTEMPATH\CodeIgniter.php(361): CodeIgniter\CodeIgniter->handleRequest(null, Object(Config\Cache), false)
 9 FCPATH\index.php(79): CodeIgniter\CodeIgniter->run()
CRITICAL - 2023-12-06 06:48:24 --> Undefined array key "inSession"
in APPPATH\Controllers\AdminController.php on line 27.
 1 APPPATH\Controllers\AdminController.php(27): CodeIgniter\Debug\Exceptions->errorHandler(2, 'Undefined array key "inSession"', 'C:\\xampp2\\htdocs\\integrador\\app\\Controllers\\AdminController.php', 27)
 2 SYSTEMPATH\CodeIgniter.php(942): App\Controllers\AdminController->crear()
 3 SYSTEMPATH\CodeIgniter.php(502): CodeIgniter\CodeIgniter->runController(Object(App\Controllers\AdminController))
 4 SYSTEMPATH\CodeIgniter.php(361): CodeIgniter\CodeIgniter->handleRequest(null, Object(Config\Cache), false)
 5 FCPATH\index.php(79): CodeIgniter\CodeIgniter->run()
CRITICAL - 2023-12-06 06:59:00 --> Call to undefined method CodeIgniter\Database\MySQLi\Connection::insertUser()
in APPPATH\Models\UserModel.php on line 14.
 1 APPPATH\Controllers\AdminController.php(31): App\Models\UserModel->insertar([...])
 2 SYSTEMPATH\CodeIgniter.php(942): App\Controllers\AdminController->crear()
 3 SYSTEMPATH\CodeIgniter.php(502): CodeIgniter\CodeIgniter->runController(Object(App\Controllers\AdminController))
 4 SYSTEMPATH\CodeIgniter.php(361): CodeIgniter\CodeIgniter->handleRequest(null, Object(Config\Cache), false)
 5 FCPATH\index.php(79): CodeIgniter\CodeIgniter->run()
ERROR - 2023-12-06 07:01:11 --> mysqli_sql_exception: Duplicate entry 'Javier' for key 'PRIMARY' in C:\xampp2\htdocs\integrador\system\Database\MySQLi\Connection.php:306
Stack trace:
#0 C:\xampp2\htdocs\integrador\system\Database\MySQLi\Connection.php(306): mysqli->query('INSERT INTO `us...', 0)
#1 C:\xampp2\htdocs\integrador\system\Database\BaseConnection.php(693): CodeIgniter\Database\MySQLi\Connection->execute('INSERT INTO `us...')
#2 C:\xampp2\htdocs\integrador\system\Database\BaseConnection.php(607): CodeIgniter\Database\BaseConnection->simpleQuery('INSERT INTO `us...')
#3 C:\xampp2\htdocs\integrador\system\Database\BaseBuilder.php(2308): CodeIgniter\Database\BaseConnection->query('INSERT INTO `us...', Array, false)
#4 C:\xampp2\htdocs\integrador\app\Models\UserModel.php(13): CodeIgniter\Database\BaseBuilder->insert(Array)
#5 C:\xampp2\htdocs\integrador\app\Controllers\AdminController.php(31): App\Models\UserModel->insertar(Array)
#6 C:\xampp2\htdocs\integrador\system\CodeIgniter.php(942): App\Controllers\AdminController->crear()
#7 C:\xampp2\htdocs\integrador\system\CodeIgniter.php(502): CodeIgniter\CodeIgniter->runController(Object(App\Controllers\AdminController))
#8 C:\xampp2\htdocs\integrador\system\CodeIgniter.php(361): CodeIgniter\CodeIgniter->handleRequest(NULL, Object(Config\Cache), false)
#9 C:\xampp2\htdocs\integrador\index.php(79): CodeIgniter\CodeIgniter->run()
#10 {main}
CRITICAL - 2023-12-06 07:01:11 --> Duplicate entry 'Javier' for key 'PRIMARY'
in SYSTEMPATH\Database\BaseConnection.php on line 647.
 1 SYSTEMPATH\Database\BaseBuilder.php(2308): CodeIgniter\Database\BaseConnection->query('INSERT INTO `users` (`username`, `fkPhone`, `fkLevel`, `password`, `locked`, `inSession`, `Salario`) VALUES (:username:, :fkPhone:, :fkLevel:, :password:, :locked:, :inSession:, :Salario:)', [...], false)
 2 APPPATH\Models\UserModel.php(13): CodeIgniter\Database\BaseBuilder->insert([...])
 3 APPPATH\Controllers\AdminController.php(31): App\Models\UserModel->insertar([...])
 4 SYSTEMPATH\CodeIgniter.php(942): App\Controllers\AdminController->crear()
 5 SYSTEMPATH\CodeIgniter.php(502): CodeIgniter\CodeIgniter->runController(Object(App\Controllers\AdminController))
 6 SYSTEMPATH\CodeIgniter.php(361): CodeIgniter\CodeIgniter->handleRequest(null, Object(Config\Cache), false)
 7 FCPATH\index.php(79): CodeIgniter\CodeIgniter->run()
ERROR - 2023-12-06 07:05:41 --> mysqli_sql_exception: Duplicate entry 'Javier' for key 'PRIMARY' in C:\xampp2\htdocs\integrador\system\Database\MySQLi\Connection.php:306
Stack trace:
#0 C:\xampp2\htdocs\integrador\system\Database\MySQLi\Connection.php(306): mysqli->query('INSERT INTO `us...', 0)
#1 C:\xampp2\htdocs\integrador\system\Database\BaseConnection.php(693): CodeIgniter\Database\MySQLi\Connection->execute('INSERT INTO `us...')
#2 C:\xampp2\htdocs\integrador\system\Database\BaseConnection.php(607): CodeIgniter\Database\BaseConnection->simpleQuery('INSERT INTO `us...')
#3 C:\xampp2\htdocs\integrador\system\Database\BaseBuilder.php(2308): CodeIgniter\Database\BaseConnection->query('INSERT INTO `us...', Array, false)
#4 C:\xampp2\htdocs\integrador\app\Models\UserModel.php(13): CodeIgniter\Database\BaseBuilder->insert(Array)
#5 C:\xampp2\htdocs\integrador\app\Controllers\AdminController.php(31): App\Models\UserModel->insertar(Array)
#6 C:\xampp2\htdocs\integrador\system\CodeIgniter.php(942): App\Controllers\AdminController->crear()
#7 C:\xampp2\htdocs\integrador\system\CodeIgniter.php(502): CodeIgniter\CodeIgniter->runController(Object(App\Controllers\AdminController))
#8 C:\xampp2\htdocs\integrador\system\CodeIgniter.php(361): CodeIgniter\CodeIgniter->handleRequest(NULL, Object(Config\Cache), false)
#9 C:\xampp2\htdocs\integrador\index.php(79): CodeIgniter\CodeIgniter->run()
#10 {main}
CRITICAL - 2023-12-06 07:05:41 --> Duplicate entry 'Javier' for key 'PRIMARY'
in SYSTEMPATH\Database\BaseConnection.php on line 647.
 1 SYSTEMPATH\Database\BaseBuilder.php(2308): CodeIgniter\Database\BaseConnection->query('INSERT INTO `users` (`username`, `fkPhone`, `fkLevel`, `password`, `locked`, `inSession`, `Salario`) VALUES (:username:, :fkPhone:, :fkLevel:, :password:, :locked:, :inSession:, :Salario:)', [...], false)
 2 APPPATH\Models\UserModel.php(13): CodeIgniter\Database\BaseBuilder->insert([...])
 3 APPPATH\Controllers\AdminController.php(31): App\Models\UserModel->insertar([...])
 4 SYSTEMPATH\CodeIgniter.php(942): App\Controllers\AdminController->crear()
 5 SYSTEMPATH\CodeIgniter.php(502): CodeIgniter\CodeIgniter->runController(Object(App\Controllers\AdminController))
 6 SYSTEMPATH\CodeIgniter.php(361): CodeIgniter\CodeIgniter->handleRequest(null, Object(Config\Cache), false)
 7 FCPATH\index.php(79): CodeIgniter\CodeIgniter->run()
CRITICAL - 2023-12-06 07:06:30 --> Call to undefined method CodeIgniter\Database\MySQLi\Connection::insert()
in APPPATH\Models\UserModel.php on line 15.
 1 APPPATH\Controllers\AdminController.php(31): App\Models\UserModel->insertar([...])
 2 SYSTEMPATH\CodeIgniter.php(942): App\Controllers\AdminController->crear()
 3 SYSTEMPATH\CodeIgniter.php(502): CodeIgniter\CodeIgniter->runController(Object(App\Controllers\AdminController))
 4 SYSTEMPATH\CodeIgniter.php(361): CodeIgniter\CodeIgniter->handleRequest(null, Object(Config\Cache), false)
 5 FCPATH\index.php(79): CodeIgniter\CodeIgniter->run()
CRITICAL - 2023-12-06 07:08:34 --> Undefined property: App\Controllers\AdminController::$input
in APPPATH\Controllers\AdminController.php on line 22.
 1 APPPATH\Controllers\AdminController.php(22): CodeIgniter\Debug\Exceptions->errorHandler(2, 'Undefined property: App\\Controllers\\AdminController::$input', 'C:\\xampp2\\htdocs\\integrador\\app\\Controllers\\AdminController.php', 22)
 2 SYSTEMPATH\CodeIgniter.php(942): App\Controllers\AdminController->crear()
 3 SYSTEMPATH\CodeIgniter.php(502): CodeIgniter\CodeIgniter->runController(Object(App\Controllers\AdminController))
 4 SYSTEMPATH\CodeIgniter.php(361): CodeIgniter\CodeIgniter->handleRequest(null, Object(Config\Cache), false)
 5 FCPATH\index.php(79): CodeIgniter\CodeIgniter->run()
CRITICAL - 2023-12-06 07:09:16 --> Call to undefined method CodeIgniter\Database\MySQLi\Connection::insert()
in APPPATH\Models\UserModel.php on line 15.
 1 APPPATH\Controllers\AdminController.php(31): App\Models\UserModel->insertar([...])
 2 SYSTEMPATH\CodeIgniter.php(942): App\Controllers\AdminController->crear()
 3 SYSTEMPATH\CodeIgniter.php(502): CodeIgniter\CodeIgniter->runController(Object(App\Controllers\AdminController))
 4 SYSTEMPATH\CodeIgniter.php(361): CodeIgniter\CodeIgniter->handleRequest(null, Object(Config\Cache), false)
 5 FCPATH\index.php(79): CodeIgniter\CodeIgniter->run()
ERROR - 2023-12-06 07:15:09 --> mysqli_sql_exception: Duplicate entry 'Javier' for key 'PRIMARY' in C:\xampp2\htdocs\integrador\system\Database\MySQLi\Connection.php:306
Stack trace:
#0 C:\xampp2\htdocs\integrador\system\Database\MySQLi\Connection.php(306): mysqli->query('INSERT INTO `us...', 0)
#1 C:\xampp2\htdocs\integrador\system\Database\BaseConnection.php(693): CodeIgniter\Database\MySQLi\Connection->execute('INSERT INTO `us...')
#2 C:\xampp2\htdocs\integrador\system\Database\BaseConnection.php(607): CodeIgniter\Database\BaseConnection->simpleQuery('INSERT INTO `us...')
#3 C:\xampp2\htdocs\integrador\system\Database\BaseBuilder.php(2308): CodeIgniter\Database\BaseConnection->query('INSERT INTO `us...', Array, false)
#4 C:\xampp2\htdocs\integrador\app\Models\UserModel.php(13): CodeIgniter\Database\BaseBuilder->insert(Array)
#5 C:\xampp2\htdocs\integrador\app\Controllers\AdminController.php(31): App\Models\UserModel->insertar(Array)
#6 C:\xampp2\htdocs\integrador\system\CodeIgniter.php(942): App\Controllers\AdminController->crear()
#7 C:\xampp2\htdocs\integrador\system\CodeIgniter.php(502): CodeIgniter\CodeIgniter->runController(Object(App\Controllers\AdminController))
#8 C:\xampp2\htdocs\integrador\system\CodeIgniter.php(361): CodeIgniter\CodeIgniter->handleRequest(NULL, Object(Config\Cache), false)
#9 C:\xampp2\htdocs\integrador\index.php(79): CodeIgniter\CodeIgniter->run()
#10 {main}
CRITICAL - 2023-12-06 07:15:09 --> Duplicate entry 'Javier' for key 'PRIMARY'
in SYSTEMPATH\Database\BaseConnection.php on line 647.
 1 SYSTEMPATH\Database\BaseBuilder.php(2308): CodeIgniter\Database\BaseConnection->query('INSERT INTO `users` (`username`, `fkPhone`, `fkLevel`, `password`, `locked`, `inSession`, `Salario`) VALUES (:username:, :fkPhone:, :fkLevel:, :password:, :locked:, :inSession:, :Salario:)', [...], false)
 2 APPPATH\Models\UserModel.php(13): CodeIgniter\Database\BaseBuilder->insert([...])
 3 APPPATH\Controllers\AdminController.php(31): App\Models\UserModel->insertar([...])
 4 SYSTEMPATH\CodeIgniter.php(942): App\Controllers\AdminController->crear()
 5 SYSTEMPATH\CodeIgniter.php(502): CodeIgniter\CodeIgniter->runController(Object(App\Controllers\AdminController))
 6 SYSTEMPATH\CodeIgniter.php(361): CodeIgniter\CodeIgniter->handleRequest(null, Object(Config\Cache), false)
 7 FCPATH\index.php(79): CodeIgniter\CodeIgniter->run()
ERROR - 2023-12-06 07:16:07 --> mysqli_sql_exception: Duplicate entry 'Javier' for key 'PRIMARY' in C:\xampp2\htdocs\integrador\system\Database\MySQLi\Connection.php:306
Stack trace:
#0 C:\xampp2\htdocs\integrador\system\Database\MySQLi\Connection.php(306): mysqli->query('INSERT INTO `us...', 0)
#1 C:\xampp2\htdocs\integrador\system\Database\BaseConnection.php(693): CodeIgniter\Database\MySQLi\Connection->execute('INSERT INTO `us...')
#2 C:\xampp2\htdocs\integrador\system\Database\BaseConnection.php(607): CodeIgniter\Database\BaseConnection->simpleQuery('INSERT INTO `us...')
#3 C:\xampp2\htdocs\integrador\system\Database\BaseBuilder.php(2308): CodeIgniter\Database\BaseConnection->query('INSERT INTO `us...', Array, false)
#4 C:\xampp2\htdocs\integrador\app\Models\UserModel.php(13): CodeIgniter\Database\BaseBuilder->insert(Array)
#5 C:\xampp2\htdocs\integrador\app\Controllers\AdminController.php(31): App\Models\UserModel->insertar(Array)
#6 C:\xampp2\htdocs\integrador\system\CodeIgniter.php(942): App\Controllers\AdminController->crear()
#7 C:\xampp2\htdocs\integrador\system\CodeIgniter.php(502): CodeIgniter\CodeIgniter->runController(Object(App\Controllers\AdminController))
#8 C:\xampp2\htdocs\integrador\system\CodeIgniter.php(361): CodeIgniter\CodeIgniter->handleRequest(NULL, Object(Config\Cache), false)
#9 C:\xampp2\htdocs\integrador\index.php(79): CodeIgniter\CodeIgniter->run()
#10 {main}
CRITICAL - 2023-12-06 07:16:07 --> Duplicate entry 'Javier' for key 'PRIMARY'
in SYSTEMPATH\Database\BaseConnection.php on line 647.
 1 SYSTEMPATH\Database\BaseBuilder.php(2308): CodeIgniter\Database\BaseConnection->query('INSERT INTO `users` (`username`, `fkPhone`, `fkLevel`, `password`, `locked`, `inSession`, `Salario`) VALUES (:username:, :fkPhone:, :fkLevel:, :password:, :locked:, :inSession:, :Salario:)', [...], false)
 2 APPPATH\Models\UserModel.php(13): CodeIgniter\Database\BaseBuilder->insert([...])
 3 APPPATH\Controllers\AdminController.php(31): App\Models\UserModel->insertar([...])
 4 SYSTEMPATH\CodeIgniter.php(942): App\Controllers\AdminController->crear()
 5 SYSTEMPATH\CodeIgniter.php(502): CodeIgniter\CodeIgniter->runController(Object(App\Controllers\AdminController))
 6 SYSTEMPATH\CodeIgniter.php(361): CodeIgniter\CodeIgniter->handleRequest(null, Object(Config\Cache), false)
 7 FCPATH\index.php(79): CodeIgniter\CodeIgniter->run()
CRITICAL - 2023-12-06 07:17:06 --> Undefined variable $datos
in APPPATH\Controllers\AdminController.php on line 31.
 1 APPPATH\Controllers\AdminController.php(31): CodeIgniter\Debug\Exceptions->errorHandler(2, 'Undefined variable $datos', 'C:\\xampp2\\htdocs\\integrador\\app\\Controllers\\AdminController.php', 31)
 2 SYSTEMPATH\CodeIgniter.php(942): App\Controllers\AdminController->crear()
 3 SYSTEMPATH\CodeIgniter.php(502): CodeIgniter\CodeIgniter->runController(Object(App\Controllers\AdminController))
 4 SYSTEMPATH\CodeIgniter.php(361): CodeIgniter\CodeIgniter->handleRequest(null, Object(Config\Cache), false)
 5 FCPATH\index.php(79): CodeIgniter\CodeIgniter->run()
ERROR - 2023-12-06 07:19:43 --> mysqli_sql_exception: Duplicate entry 'Javier' for key 'PRIMARY' in C:\xampp2\htdocs\integrador\system\Database\MySQLi\Connection.php:306
Stack trace:
#0 C:\xampp2\htdocs\integrador\system\Database\MySQLi\Connection.php(306): mysqli->query('INSERT INTO `us...', 0)
#1 C:\xampp2\htdocs\integrador\system\Database\BaseConnection.php(693): CodeIgniter\Database\MySQLi\Connection->execute('INSERT INTO `us...')
#2 C:\xampp2\htdocs\integrador\system\Database\BaseConnection.php(607): CodeIgniter\Database\BaseConnection->simpleQuery('INSERT INTO `us...')
#3 C:\xampp2\htdocs\integrador\system\Database\BaseBuilder.php(2308): CodeIgniter\Database\BaseConnection->query('INSERT INTO `us...', Array, false)
#4 C:\xampp2\htdocs\integrador\app\Models\UserModel.php(13): CodeIgniter\Database\BaseBuilder->insert(Array)
#5 C:\xampp2\htdocs\integrador\app\Controllers\AdminController.php(31): App\Models\UserModel->insertar(Array)
#6 C:\xampp2\htdocs\integrador\system\CodeIgniter.php(942): App\Controllers\AdminController->crear()
#7 C:\xampp2\htdocs\integrador\system\CodeIgniter.php(502): CodeIgniter\CodeIgniter->runController(Object(App\Controllers\AdminController))
#8 C:\xampp2\htdocs\integrador\system\CodeIgniter.php(361): CodeIgniter\CodeIgniter->handleRequest(NULL, Object(Config\Cache), false)
#9 C:\xampp2\htdocs\integrador\index.php(79): CodeIgniter\CodeIgniter->run()
#10 {main}
CRITICAL - 2023-12-06 07:19:43 --> Duplicate entry 'Javier' for key 'PRIMARY'
in SYSTEMPATH\Database\BaseConnection.php on line 647.
 1 SYSTEMPATH\Database\BaseBuilder.php(2308): CodeIgniter\Database\BaseConnection->query('INSERT INTO `users` (`username`, `fkPhone`, `fkLevel`, `password`, `locked`, `inSession`, `Salario`) VALUES (:username:, :fkPhone:, :fkLevel:, :password:, :locked:, :inSession:, :Salario:)', [...], false)
 2 APPPATH\Models\UserModel.php(13): CodeIgniter\Database\BaseBuilder->insert([...])
 3 APPPATH\Controllers\AdminController.php(31): App\Models\UserModel->insertar([...])
 4 SYSTEMPATH\CodeIgniter.php(942): App\Controllers\AdminController->crear()
 5 SYSTEMPATH\CodeIgniter.php(502): CodeIgniter\CodeIgniter->runController(Object(App\Controllers\AdminController))
 6 SYSTEMPATH\CodeIgniter.php(361): CodeIgniter\CodeIgniter->handleRequest(null, Object(Config\Cache), false)
 7 FCPATH\index.php(79): CodeIgniter\CodeIgniter->run()
CRITICAL - 2023-12-06 07:20:40 --> syntax error, unexpected token "[", expecting "("
in APPPATH\Controllers\AdminController.php on line 21.
 1 SYSTEMPATH\Autoloader\Autoloader.php(291): CodeIgniter\Autoloader\Autoloader->includeFile('C:\\xampp2\\htdocs\\integrador\\app\\Controllers\\AdminController.php')
 2 SYSTEMPATH\Autoloader\Autoloader.php(269): CodeIgniter\Autoloader\Autoloader->loadInNamespace('App\\Controllers\\AdminController')
 3 [internal function]: CodeIgniter\Autoloader\Autoloader->loadClass('App\\Controllers\\AdminController')
 4 SYSTEMPATH\CodeIgniter.php(900): class_exists('\\App\\Controllers\\AdminController', true)
 5 SYSTEMPATH\CodeIgniter.php(489): CodeIgniter\CodeIgniter->startController()
 6 SYSTEMPATH\CodeIgniter.php(361): CodeIgniter\CodeIgniter->handleRequest(null, Object(Config\Cache), false)
 7 FCPATH\index.php(79): CodeIgniter\CodeIgniter->run()
ERROR - 2023-12-06 07:21:21 --> mysqli_sql_exception: Duplicate entry 'Javier' for key 'PRIMARY' in C:\xampp2\htdocs\integrador\system\Database\MySQLi\Connection.php:306
Stack trace:
#0 C:\xampp2\htdocs\integrador\system\Database\MySQLi\Connection.php(306): mysqli->query('INSERT INTO `us...', 0)
#1 C:\xampp2\htdocs\integrador\system\Database\BaseConnection.php(693): CodeIgniter\Database\MySQLi\Connection->execute('INSERT INTO `us...')
#2 C:\xampp2\htdocs\integrador\system\Database\BaseConnection.php(607): CodeIgniter\Database\BaseConnection->simpleQuery('INSERT INTO `us...')
#3 C:\xampp2\htdocs\integrador\system\Database\BaseBuilder.php(2308): CodeIgniter\Database\BaseConnection->query('INSERT INTO `us...', Array, false)
#4 C:\xampp2\htdocs\integrador\app\Models\UserModel.php(13): CodeIgniter\Database\BaseBuilder->insert(Array)
#5 C:\xampp2\htdocs\integrador\app\Controllers\AdminController.php(31): App\Models\UserModel->insertar(Array)
#6 C:\xampp2\htdocs\integrador\system\CodeIgniter.php(942): App\Controllers\AdminController->crear()
#7 C:\xampp2\htdocs\integrador\system\CodeIgniter.php(502): CodeIgniter\CodeIgniter->runController(Object(App\Controllers\AdminController))
#8 C:\xampp2\htdocs\integrador\system\CodeIgniter.php(361): CodeIgniter\CodeIgniter->handleRequest(NULL, Object(Config\Cache), false)
#9 C:\xampp2\htdocs\integrador\index.php(79): CodeIgniter\CodeIgniter->run()
#10 {main}
CRITICAL - 2023-12-06 07:21:21 --> Duplicate entry 'Javier' for key 'PRIMARY'
in SYSTEMPATH\Database\BaseConnection.php on line 647.
 1 SYSTEMPATH\Database\BaseBuilder.php(2308): CodeIgniter\Database\BaseConnection->query('INSERT INTO `users` (`username`, `fkPhone`, `fkLevel`, `password`, `locked`, `inSession`, `Salario`) VALUES (:username:, :fkPhone:, :fkLevel:, :password:, :locked:, :inSession:, :Salario:)', [...], false)
 2 APPPATH\Models\UserModel.php(13): CodeIgniter\Database\BaseBuilder->insert([...])
 3 APPPATH\Controllers\AdminController.php(31): App\Models\UserModel->insertar([...])
 4 SYSTEMPATH\CodeIgniter.php(942): App\Controllers\AdminController->crear()
 5 SYSTEMPATH\CodeIgniter.php(502): CodeIgniter\CodeIgniter->runController(Object(App\Controllers\AdminController))
 6 SYSTEMPATH\CodeIgniter.php(361): CodeIgniter\CodeIgniter->handleRequest(null, Object(Config\Cache), false)
 7 FCPATH\index.php(79): CodeIgniter\CodeIgniter->run()
CRITICAL - 2023-12-06 13:09:00 --> Undefined property: stdClass::$pkPhone
in APPPATH\Views\admin\AdminView.php on line 91.
 1 APPPATH\Views\admin\AdminView.php(91): CodeIgniter\Debug\Exceptions->errorHandler(2, 'Undefined property: stdClass::$pkPhone', 'C:\\xampp2\\htdocs\\integrador\\app\\Views\\admin\\AdminView.php', 91)
 2 SYSTEMPATH\View\View.php(228): include('C:\\xampp2\\htdocs\\integrador\\app\\Views\\admin\\AdminView.php')
 3 SYSTEMPATH\View\View.php(231): CodeIgniter\View\View->CodeIgniter\View\{closure}()
 4 SYSTEMPATH\Common.php(1190): CodeIgniter\View\View->render('admin/AdminVIew', [], true)
 5 APPPATH\Controllers\AdminController.php(18): view('admin/AdminVIew', [...])
 6 SYSTEMPATH\CodeIgniter.php(942): App\Controllers\AdminController->index()
 7 SYSTEMPATH\CodeIgniter.php(502): CodeIgniter\CodeIgniter->runController(Object(App\Controllers\AdminController))
 8 SYSTEMPATH\CodeIgniter.php(361): CodeIgniter\CodeIgniter->handleRequest(null, Object(Config\Cache), false)
 9 FCPATH\index.php(79): CodeIgniter\CodeIgniter->run()
CRITICAL - 2023-12-06 13:10:39 --> Class "App\Controllers\CustomerModel" not found
in APPPATH\Controllers\AdminController.php on line 12.
 1 SYSTEMPATH\CodeIgniter.php(942): App\Controllers\AdminController->index()
 2 SYSTEMPATH\CodeIgniter.php(502): CodeIgniter\CodeIgniter->runController(Object(App\Controllers\AdminController))
 3 SYSTEMPATH\CodeIgniter.php(361): CodeIgniter\CodeIgniter->handleRequest(null, Object(Config\Cache), false)
 4 FCPATH\index.php(79): CodeIgniter\CodeIgniter->run()
CRITICAL - 2023-12-06 13:11:29 --> Class "App\Controllers\CustomerModel" not found
in APPPATH\Controllers\AdminController.php on line 12.
 1 SYSTEMPATH\CodeIgniter.php(942): App\Controllers\AdminController->index()
 2 SYSTEMPATH\CodeIgniter.php(502): CodeIgniter\CodeIgniter->runController(Object(App\Controllers\AdminController))
 3 SYSTEMPATH\CodeIgniter.php(361): CodeIgniter\CodeIgniter->handleRequest(null, Object(Config\Cache), false)
 4 FCPATH\index.php(79): CodeIgniter\CodeIgniter->run()
CRITICAL - 2023-12-06 13:12:23 --> Cannot declare class App\Models\UserModel, because the name is already in use
in APPPATH\Models\CustomerModel.php on line 6.
 1 [internal function]: CodeIgniter\Debug\Exceptions->shutdownHandler()
CRITICAL - 2023-12-06 13:12:49 --> Undefined variable $datos
in APPPATH\Controllers\AdminController.php on line 18.
 1 APPPATH\Controllers\AdminController.php(18): CodeIgniter\Debug\Exceptions->errorHandler(2, 'Undefined variable $datos', 'C:\\xampp2\\htdocs\\integrador\\app\\Controllers\\AdminController.php', 18)
 2 SYSTEMPATH\CodeIgniter.php(942): App\Controllers\AdminController->index()
 3 SYSTEMPATH\CodeIgniter.php(502): CodeIgniter\CodeIgniter->runController(Object(App\Controllers\AdminController))
 4 SYSTEMPATH\CodeIgniter.php(361): CodeIgniter\CodeIgniter->handleRequest(null, Object(Config\Cache), false)
 5 FCPATH\index.php(79): CodeIgniter\CodeIgniter->run()
CRITICAL - 2023-12-06 13:13:04 --> Undefined property: stdClass::$firstname
in APPPATH\Views\admin\AdminView.php on line 93.
 1 APPPATH\Views\admin\AdminView.php(93): CodeIgniter\Debug\Exceptions->errorHandler(2, 'Undefined property: stdClass::$firstname', 'C:\\xampp2\\htdocs\\integrador\\app\\Views\\admin\\AdminView.php', 93)
 2 SYSTEMPATH\View\View.php(228): include('C:\\xampp2\\htdocs\\integrador\\app\\Views\\admin\\AdminView.php')
 3 SYSTEMPATH\View\View.php(231): CodeIgniter\View\View->CodeIgniter\View\{closure}()
 4 SYSTEMPATH\Common.php(1190): CodeIgniter\View\View->render('admin/AdminVIew', [], true)
 5 APPPATH\Controllers\AdminController.php(20): view('admin/AdminVIew', [...])
 6 SYSTEMPATH\CodeIgniter.php(942): App\Controllers\AdminController->index()
 7 SYSTEMPATH\CodeIgniter.php(502): CodeIgniter\CodeIgniter->runController(Object(App\Controllers\AdminController))
 8 SYSTEMPATH\CodeIgniter.php(361): CodeIgniter\CodeIgniter->handleRequest(null, Object(Config\Cache), false)
 9 FCPATH\index.php(79): CodeIgniter\CodeIgniter->run()
CRITICAL - 2023-12-06 13:13:36 --> Undefined array key "username"
in APPPATH\Controllers\AdminController.php on line 25.
 1 APPPATH\Controllers\AdminController.php(25): CodeIgniter\Debug\Exceptions->errorHandler(2, 'Undefined array key "username"', 'C:\\xampp2\\htdocs\\integrador\\app\\Controllers\\AdminController.php', 25)
 2 SYSTEMPATH\CodeIgniter.php(942): App\Controllers\AdminController->crear()
 3 SYSTEMPATH\CodeIgniter.php(502): CodeIgniter\CodeIgniter->runController(Object(App\Controllers\AdminController))
 4 SYSTEMPATH\CodeIgniter.php(361): CodeIgniter\CodeIgniter->handleRequest(null, Object(Config\Cache), false)
 5 FCPATH\index.php(79): CodeIgniter\CodeIgniter->run()
INFO - 2023-12-06 18:02:03 --> Session: Class initialized using 'CodeIgniter\Session\Handlers\FileHandler' driver.
CRITICAL - 2023-12-06 18:07:07 --> Undefined property: stdClass::$pkPhone
in APPPATH\Views\user\UserView.php on line 104.
 1 APPPATH\Views\user\UserView.php(104): CodeIgniter\Debug\Exceptions->errorHandler(2, 'Undefined property: stdClass::$pkPhone', 'C:\\xampp2\\htdocs\\integrador\\app\\Views\\user\\UserView.php', 104)
 2 SYSTEMPATH\View\View.php(228): include('C:\\xampp2\\htdocs\\integrador\\app\\Views\\user\\UserView.php')
 3 SYSTEMPATH\View\View.php(231): CodeIgniter\View\View->CodeIgniter\View\{closure}()
 4 SYSTEMPATH\Common.php(1190): CodeIgniter\View\View->render('user/UserView', [], true)
 5 APPPATH\Controllers\UserController.php(19): view('user/UserView', [...])
 6 SYSTEMPATH\CodeIgniter.php(942): App\Controllers\UserController->index()
 7 SYSTEMPATH\CodeIgniter.php(502): CodeIgniter\CodeIgniter->runController(Object(App\Controllers\UserController))
 8 SYSTEMPATH\CodeIgniter.php(361): CodeIgniter\CodeIgniter->handleRequest(null, Object(Config\Cache), false)
 9 FCPATH\index.php(79): CodeIgniter\CodeIgniter->run()
INFO - 2023-12-06 18:24:06 --> Session: Class initialized using 'CodeIgniter\Session\Handlers\FileHandler' driver.
INFO - 2023-12-06 18:25:01 --> Session: Class initialized using 'CodeIgniter\Session\Handlers\FileHandler' driver.
INFO - 2023-12-06 18:27:30 --> Session: Class initialized using 'CodeIgniter\Session\Handlers\FileHandler' driver.
INFO - 2023-12-06 20:05:54 --> Session: Class initialized using 'CodeIgniter\Session\Handlers\FileHandler' driver.
