ERROR - 2024-01-17 16:10:13 --> mysqli_sql_exception: Unknown table 'quiz.users' in C:\xampp\htdocs\quiz\system\Database\MySQLi\Connection.php:306
Stack trace:
#0 C:\xampp\htdocs\quiz\system\Database\MySQLi\Connection.php(306): mysqli->query('DROP TABLE `use...', 0)
#1 C:\xampp\htdocs\quiz\system\Database\BaseConnection.php(693): CodeIgniter\Database\MySQLi\Connection->execute('DROP TABLE `use...')
#2 C:\xampp\htdocs\quiz\system\Database\BaseConnection.php(607): CodeIgniter\Database\BaseConnection->simpleQuery('DROP TABLE `use...')
#3 C:\xampp\htdocs\quiz\system\Database\Forge.php(637): CodeIgniter\Database\BaseConnection->query('DROP TABLE `use...')
#4 C:\xampp\htdocs\quiz\app\Database\Migrations\2024-01-17-154528_Users.php(54): CodeIgniter\Database\Forge->dropTable('users')
#5 C:\xampp\htdocs\quiz\system\Database\MigrationRunner.php(873): App\Database\Migrations\Users->down()
#6 C:\xampp\htdocs\quiz\system\Database\MigrationRunner.php(295): CodeIgniter\Database\MigrationRunner->migrate('down', Object(stdClass))
#7 C:\xampp\htdocs\quiz\system\Commands\Database\MigrateRollback.php(86): CodeIgniter\Database\MigrationRunner->regress(0)
#8 C:\xampp\htdocs\quiz\system\CLI\Commands.php(65): CodeIgniter\Commands\Database\MigrateRollback->run(Array)
#9 C:\xampp\htdocs\quiz\system\CLI\BaseCommand.php(115): CodeIgniter\CLI\Commands->run('migrate:rollbac...', Array)
#10 C:\xampp\htdocs\quiz\system\Commands\Database\MigrateRefresh.php(84): CodeIgniter\CLI\BaseCommand->call('migrate:rollbac...', Array)
#11 C:\xampp\htdocs\quiz\system\CLI\Commands.php(65): CodeIgniter\Commands\Database\MigrateRefresh->run(Array)
#12 C:\xampp\htdocs\quiz\system\CLI\Console.php(46): CodeIgniter\CLI\Commands->run('migrate:refresh', Array)
#13 C:\xampp\htdocs\quiz\spark(102): CodeIgniter\CLI\Console->run()
#14 {main}
ERROR - 2024-01-17 16:13:07 --> mysqli_sql_exception: Unknown table 'quiz.users' in C:\xampp\htdocs\quiz\system\Database\MySQLi\Connection.php:306
Stack trace:
#0 C:\xampp\htdocs\quiz\system\Database\MySQLi\Connection.php(306): mysqli->query('DROP TABLE `use...', 0)
#1 C:\xampp\htdocs\quiz\system\Database\BaseConnection.php(693): CodeIgniter\Database\MySQLi\Connection->execute('DROP TABLE `use...')
#2 C:\xampp\htdocs\quiz\system\Database\BaseConnection.php(607): CodeIgniter\Database\BaseConnection->simpleQuery('DROP TABLE `use...')
#3 C:\xampp\htdocs\quiz\system\Database\Forge.php(637): CodeIgniter\Database\BaseConnection->query('DROP TABLE `use...')
#4 C:\xampp\htdocs\quiz\app\Database\Migrations\2024-01-17-154528_Users.php(54): CodeIgniter\Database\Forge->dropTable('users')
#5 C:\xampp\htdocs\quiz\system\Database\MigrationRunner.php(873): App\Database\Migrations\Users->down()
#6 C:\xampp\htdocs\quiz\system\Database\MigrationRunner.php(295): CodeIgniter\Database\MigrationRunner->migrate('down', Object(stdClass))
#7 C:\xampp\htdocs\quiz\system\Commands\Database\MigrateRollback.php(86): CodeIgniter\Database\MigrationRunner->regress(0)
#8 C:\xampp\htdocs\quiz\system\CLI\Commands.php(65): CodeIgniter\Commands\Database\MigrateRollback->run(Array)
#9 C:\xampp\htdocs\quiz\system\CLI\BaseCommand.php(115): CodeIgniter\CLI\Commands->run('migrate:rollbac...', Array)
#10 C:\xampp\htdocs\quiz\system\Commands\Database\MigrateRefresh.php(84): CodeIgniter\CLI\BaseCommand->call('migrate:rollbac...', Array)
#11 C:\xampp\htdocs\quiz\system\CLI\Commands.php(65): CodeIgniter\Commands\Database\MigrateRefresh->run(Array)
#12 C:\xampp\htdocs\quiz\system\CLI\Console.php(46): CodeIgniter\CLI\Commands->run('migrate:refresh', Array)
#13 C:\xampp\htdocs\quiz\spark(102): CodeIgniter\CLI\Console->run()
#14 {main}
ERROR - 2024-01-17 16:14:16 --> mysqli_sql_exception: Unknown table 'quiz.users' in C:\xampp\htdocs\quiz\system\Database\MySQLi\Connection.php:306
Stack trace:
#0 C:\xampp\htdocs\quiz\system\Database\MySQLi\Connection.php(306): mysqli->query('DROP TABLE `use...', 0)
#1 C:\xampp\htdocs\quiz\system\Database\BaseConnection.php(693): CodeIgniter\Database\MySQLi\Connection->execute('DROP TABLE `use...')
#2 C:\xampp\htdocs\quiz\system\Database\BaseConnection.php(607): CodeIgniter\Database\BaseConnection->simpleQuery('DROP TABLE `use...')
#3 C:\xampp\htdocs\quiz\system\Database\Forge.php(637): CodeIgniter\Database\BaseConnection->query('DROP TABLE `use...')
#4 C:\xampp\htdocs\quiz\app\Database\Migrations\2024-01-17-154528_Users.php(54): CodeIgniter\Database\Forge->dropTable('users')
#5 C:\xampp\htdocs\quiz\system\Database\MigrationRunner.php(873): App\Database\Migrations\Users->down()
#6 C:\xampp\htdocs\quiz\system\Database\MigrationRunner.php(295): CodeIgniter\Database\MigrationRunner->migrate('down', Object(stdClass))
#7 C:\xampp\htdocs\quiz\system\Commands\Database\MigrateRollback.php(86): CodeIgniter\Database\MigrationRunner->regress(0)
#8 C:\xampp\htdocs\quiz\system\CLI\Commands.php(65): CodeIgniter\Commands\Database\MigrateRollback->run(Array)
#9 C:\xampp\htdocs\quiz\system\CLI\BaseCommand.php(115): CodeIgniter\CLI\Commands->run('migrate:rollbac...', Array)
#10 C:\xampp\htdocs\quiz\system\Commands\Database\MigrateRefresh.php(84): CodeIgniter\CLI\BaseCommand->call('migrate:rollbac...', Array)
#11 C:\xampp\htdocs\quiz\system\CLI\Commands.php(65): CodeIgniter\Commands\Database\MigrateRefresh->run(Array)
#12 C:\xampp\htdocs\quiz\system\CLI\Console.php(46): CodeIgniter\CLI\Commands->run('migrate:refresh', Array)
#13 C:\xampp\htdocs\quiz\spark(102): CodeIgniter\CLI\Console->run()
#14 {main}
ERROR - 2024-01-17 16:19:54 --> mysqli_sql_exception: Table 'users' already exists in C:\xampp\htdocs\quiz\system\Database\MySQLi\Connection.php:306
Stack trace:
#0 C:\xampp\htdocs\quiz\system\Database\MySQLi\Connection.php(306): mysqli->query('CREATE TABLE `u...', 0)
#1 C:\xampp\htdocs\quiz\system\Database\BaseConnection.php(693): CodeIgniter\Database\MySQLi\Connection->execute('CREATE TABLE `u...')
#2 C:\xampp\htdocs\quiz\system\Database\BaseConnection.php(607): CodeIgniter\Database\BaseConnection->simpleQuery('CREATE TABLE `u...')
#3 C:\xampp\htdocs\quiz\system\Database\Forge.php(546): CodeIgniter\Database\BaseConnection->query('CREATE TABLE `u...')
#4 C:\xampp\htdocs\quiz\app\Database\Migrations\2024-01-17-155451_User.php(49): CodeIgniter\Database\Forge->createTable('users')
#5 C:\xampp\htdocs\quiz\system\Database\MigrationRunner.php(873): App\Database\Migrations\User->up()
#6 C:\xampp\htdocs\quiz\system\Database\MigrationRunner.php(188): CodeIgniter\Database\MigrationRunner->migrate('up', Object(stdClass))
#7 C:\xampp\htdocs\quiz\system\Commands\Database\Migrate.php(84): CodeIgniter\Database\MigrationRunner->latest(NULL)
#8 C:\xampp\htdocs\quiz\system\CLI\Commands.php(65): CodeIgniter\Commands\Database\Migrate->run(Array)
#9 C:\xampp\htdocs\quiz\system\CLI\Console.php(46): CodeIgniter\CLI\Commands->run('migrate', Array)
#10 C:\xampp\htdocs\quiz\spark(102): CodeIgniter\CLI\Console->run()
#11 {main}
ERROR - 2024-01-17 16:20:04 --> mysqli_sql_exception: Table 'users' already exists in C:\xampp\htdocs\quiz\system\Database\MySQLi\Connection.php:306
Stack trace:
#0 C:\xampp\htdocs\quiz\system\Database\MySQLi\Connection.php(306): mysqli->query('CREATE TABLE `u...', 0)
#1 C:\xampp\htdocs\quiz\system\Database\BaseConnection.php(693): CodeIgniter\Database\MySQLi\Connection->execute('CREATE TABLE `u...')
#2 C:\xampp\htdocs\quiz\system\Database\BaseConnection.php(607): CodeIgniter\Database\BaseConnection->simpleQuery('CREATE TABLE `u...')
#3 C:\xampp\htdocs\quiz\system\Database\Forge.php(546): CodeIgniter\Database\BaseConnection->query('CREATE TABLE `u...')
#4 C:\xampp\htdocs\quiz\app\Database\Migrations\2024-01-17-155451_User.php(49): CodeIgniter\Database\Forge->createTable('users')
#5 C:\xampp\htdocs\quiz\system\Database\MigrationRunner.php(873): App\Database\Migrations\User->up()
#6 C:\xampp\htdocs\quiz\system\Database\MigrationRunner.php(188): CodeIgniter\Database\MigrationRunner->migrate('up', Object(stdClass))
#7 C:\xampp\htdocs\quiz\system\Commands\Database\Migrate.php(84): CodeIgniter\Database\MigrationRunner->latest(NULL)
#8 C:\xampp\htdocs\quiz\system\CLI\Commands.php(65): CodeIgniter\Commands\Database\Migrate->run(Array)
#9 C:\xampp\htdocs\quiz\system\CLI\Console.php(46): CodeIgniter\CLI\Commands->run('migrate', Array)
#10 C:\xampp\htdocs\quiz\spark(102): CodeIgniter\CLI\Console->run()
#11 {main}
ERROR - 2024-01-17 16:25:02 --> mysqli_sql_exception: Table 'countries' already exists in C:\xampp\htdocs\quiz\system\Database\MySQLi\Connection.php:306
Stack trace:
#0 C:\xampp\htdocs\quiz\system\Database\MySQLi\Connection.php(306): mysqli->query('CREATE TABLE `c...', 0)
#1 C:\xampp\htdocs\quiz\system\Database\BaseConnection.php(693): CodeIgniter\Database\MySQLi\Connection->execute('CREATE TABLE `c...')
#2 C:\xampp\htdocs\quiz\system\Database\BaseConnection.php(607): CodeIgniter\Database\BaseConnection->simpleQuery('CREATE TABLE `c...')
#3 C:\xampp\htdocs\quiz\system\Database\Forge.php(546): CodeIgniter\Database\BaseConnection->query('CREATE TABLE `c...')
#4 C:\xampp\htdocs\quiz\app\Database\Migrations\2024-01-17-162415_Countries.php(35): CodeIgniter\Database\Forge->createTable('countries')
#5 C:\xampp\htdocs\quiz\system\Database\MigrationRunner.php(873): App\Database\Migrations\Countries->up()
#6 C:\xampp\htdocs\quiz\system\Database\MigrationRunner.php(188): CodeIgniter\Database\MigrationRunner->migrate('up', Object(stdClass))
#7 C:\xampp\htdocs\quiz\system\Commands\Database\Migrate.php(84): CodeIgniter\Database\MigrationRunner->latest(NULL)
#8 C:\xampp\htdocs\quiz\system\CLI\Commands.php(65): CodeIgniter\Commands\Database\Migrate->run(Array)
#9 C:\xampp\htdocs\quiz\system\CLI\Console.php(46): CodeIgniter\CLI\Commands->run('migrate', Array)
#10 C:\xampp\htdocs\quiz\spark(102): CodeIgniter\CLI\Console->run()
#11 {main}
ERROR - 2024-01-17 16:38:04 --> mysqli_sql_exception: Table 'users' already exists in C:\xampp\htdocs\quiz\system\Database\MySQLi\Connection.php:306
Stack trace:
#0 C:\xampp\htdocs\quiz\system\Database\MySQLi\Connection.php(306): mysqli->query('CREATE TABLE `u...', 0)
#1 C:\xampp\htdocs\quiz\system\Database\BaseConnection.php(693): CodeIgniter\Database\MySQLi\Connection->execute('CREATE TABLE `u...')
#2 C:\xampp\htdocs\quiz\system\Database\BaseConnection.php(607): CodeIgniter\Database\BaseConnection->simpleQuery('CREATE TABLE `u...')
#3 C:\xampp\htdocs\quiz\system\Database\Forge.php(546): CodeIgniter\Database\BaseConnection->query('CREATE TABLE `u...')
#4 C:\xampp\htdocs\quiz\app\Database\Migrations\2024-01-17-163627_Users.php(49): CodeIgniter\Database\Forge->createTable('users')
#5 C:\xampp\htdocs\quiz\system\Database\MigrationRunner.php(873): App\Database\Migrations\Users->up()
#6 C:\xampp\htdocs\quiz\system\Database\MigrationRunner.php(188): CodeIgniter\Database\MigrationRunner->migrate('up', Object(stdClass))
#7 C:\xampp\htdocs\quiz\system\Commands\Database\Migrate.php(84): CodeIgniter\Database\MigrationRunner->latest(NULL)
#8 C:\xampp\htdocs\quiz\system\CLI\Commands.php(65): CodeIgniter\Commands\Database\Migrate->run(Array)
#9 C:\xampp\htdocs\quiz\system\CLI\Console.php(46): CodeIgniter\CLI\Commands->run('migrate', Array)
#10 C:\xampp\htdocs\quiz\spark(102): CodeIgniter\CLI\Console->run()
#11 {main}
ERROR - 2024-01-17 16:38:22 --> mysqli_sql_exception: Table 'users' already exists in C:\xampp\htdocs\quiz\system\Database\MySQLi\Connection.php:306
Stack trace:
#0 C:\xampp\htdocs\quiz\system\Database\MySQLi\Connection.php(306): mysqli->query('CREATE TABLE `u...', 0)
#1 C:\xampp\htdocs\quiz\system\Database\BaseConnection.php(693): CodeIgniter\Database\MySQLi\Connection->execute('CREATE TABLE `u...')
#2 C:\xampp\htdocs\quiz\system\Database\BaseConnection.php(607): CodeIgniter\Database\BaseConnection->simpleQuery('CREATE TABLE `u...')
#3 C:\xampp\htdocs\quiz\system\Database\Forge.php(546): CodeIgniter\Database\BaseConnection->query('CREATE TABLE `u...')
#4 C:\xampp\htdocs\quiz\app\Database\Migrations\2024-01-17-163627_Users.php(49): CodeIgniter\Database\Forge->createTable('users')
#5 C:\xampp\htdocs\quiz\system\Database\MigrationRunner.php(873): App\Database\Migrations\Users->up()
#6 C:\xampp\htdocs\quiz\system\Database\MigrationRunner.php(188): CodeIgniter\Database\MigrationRunner->migrate('up', Object(stdClass))
#7 C:\xampp\htdocs\quiz\system\Commands\Database\Migrate.php(84): CodeIgniter\Database\MigrationRunner->latest(NULL)
#8 C:\xampp\htdocs\quiz\system\CLI\Commands.php(65): CodeIgniter\Commands\Database\Migrate->run(Array)
#9 C:\xampp\htdocs\quiz\system\CLI\Console.php(46): CodeIgniter\CLI\Commands->run('migrate', Array)
#10 C:\xampp\htdocs\quiz\spark(102): CodeIgniter\CLI\Console->run()
#11 {main}
ERROR - 2024-01-17 16:38:27 --> mysqli_sql_exception: Table 'users' already exists in C:\xampp\htdocs\quiz\system\Database\MySQLi\Connection.php:306
Stack trace:
#0 C:\xampp\htdocs\quiz\system\Database\MySQLi\Connection.php(306): mysqli->query('CREATE TABLE `u...', 0)
#1 C:\xampp\htdocs\quiz\system\Database\BaseConnection.php(693): CodeIgniter\Database\MySQLi\Connection->execute('CREATE TABLE `u...')
#2 C:\xampp\htdocs\quiz\system\Database\BaseConnection.php(607): CodeIgniter\Database\BaseConnection->simpleQuery('CREATE TABLE `u...')
#3 C:\xampp\htdocs\quiz\system\Database\Forge.php(546): CodeIgniter\Database\BaseConnection->query('CREATE TABLE `u...')
#4 C:\xampp\htdocs\quiz\app\Database\Migrations\2024-01-17-163627_Users.php(49): CodeIgniter\Database\Forge->createTable('users')
#5 C:\xampp\htdocs\quiz\system\Database\MigrationRunner.php(873): App\Database\Migrations\Users->up()
#6 C:\xampp\htdocs\quiz\system\Database\MigrationRunner.php(188): CodeIgniter\Database\MigrationRunner->migrate('up', Object(stdClass))
#7 C:\xampp\htdocs\quiz\system\Commands\Database\Migrate.php(84): CodeIgniter\Database\MigrationRunner->latest(NULL)
#8 C:\xampp\htdocs\quiz\system\CLI\Commands.php(65): CodeIgniter\Commands\Database\Migrate->run(Array)
#9 C:\xampp\htdocs\quiz\system\CLI\Console.php(46): CodeIgniter\CLI\Commands->run('migrate', Array)
#10 C:\xampp\htdocs\quiz\spark(102): CodeIgniter\CLI\Console->run()
#11 {main}
CRITICAL - 2024-01-17 19:35:06 --> include(templates/login/footer.php): Failed to open stream: No such file or directory
in APPPATH\Views\welcome_message.php on line 27.
 1 APPPATH\Views\welcome_message.php(27): CodeIgniter\Debug\Exceptions->errorHandler(2, 'include(templates/login/footer.php): Failed to open stream: No such file or directory', 'C:\\xampp\\htdocs\\quiz\\app\\Views\\welcome_message.php', 27)
 2 APPPATH\Views\welcome_message.php(27): include()
 3 SYSTEMPATH\View\View.php(228): include('C:\\xampp\\htdocs\\quiz\\app\\Views\\welcome_message.php')
 4 SYSTEMPATH\View\View.php(231): CodeIgniter\View\View->CodeIgniter\View\{closure}()
 5 SYSTEMPATH\Common.php(1190): CodeIgniter\View\View->render('welcome_message', [], true)
 6 APPPATH\Controllers\Home.php(14): view('welcome_message', [...])
 7 SYSTEMPATH\CodeIgniter.php(942): App\Controllers\Home->index()
 8 SYSTEMPATH\CodeIgniter.php(502): CodeIgniter\CodeIgniter->runController(Object(App\Controllers\Home))
 9 SYSTEMPATH\CodeIgniter.php(361): CodeIgniter\CodeIgniter->handleRequest(null, Object(Config\Cache), false)
10 FCPATH\index.php(79): CodeIgniter\CodeIgniter->run()
