INFO - 2024-02-12 00:53:32 --> Session: Class initialized using 'CodeIgniter\Session\Handlers\FileHandler' driver.
INFO - 2024-02-12 01:02:19 --> Session: Class initialized using 'CodeIgniter\Session\Handlers\FileHandler' driver.
INFO - 2024-02-12 01:02:38 --> Session: Class initialized using 'CodeIgniter\Session\Handlers\FileHandler' driver.
INFO - 2024-02-12 01:02:41 --> Session: Class initialized using 'CodeIgniter\Session\Handlers\FileHandler' driver.
INFO - 2024-02-12 01:02:41 --> Session: Class initialized using 'CodeIgniter\Session\Handlers\FileHandler' driver.
INFO - 2024-02-12 01:02:51 --> Session: Class initialized using 'CodeIgniter\Session\Handlers\FileHandler' driver.
INFO - 2024-02-12 01:02:53 --> Session: Class initialized using 'CodeIgniter\Session\Handlers\FileHandler' driver.
CRITICAL - 2024-02-12 01:05:48 --> Undefined variable $datos
in APPPATH\Views\AdminViewPerson.php on line 94.
 1 APPPATH\Views\AdminViewPerson.php(94): CodeIgniter\Debug\Exceptions->errorHandler(2, 'Undefined variable $datos', 'C:\\xampp\\htdocs\\quiz\\app\\Views\\AdminViewPerson.php', 94)
 2 SYSTEMPATH\View\View.php(228): include('C:\\xampp\\htdocs\\quiz\\app\\Views\\AdminViewPerson.php')
 3 SYSTEMPATH\View\View.php(231): CodeIgniter\View\View->CodeIgniter\View\{closure}()
 4 SYSTEMPATH\Common.php(1190): CodeIgniter\View\View->render('AdminVIewPerson', [], true)
 5 APPPATH\Controllers\PersonController.php(16): view('AdminVIewPerson', [...])
 6 SYSTEMPATH\CodeIgniter.php(942): App\Controllers\PersonController->index()
 7 SYSTEMPATH\CodeIgniter.php(502): CodeIgniter\CodeIgniter->runController(Object(App\Controllers\PersonController))
 8 SYSTEMPATH\CodeIgniter.php(361): CodeIgniter\CodeIgniter->handleRequest(null, Object(Config\Cache), false)
 9 FCPATH\index.php(79): CodeIgniter\CodeIgniter->run()
CRITICAL - 2024-02-12 01:06:42 --> Undefined variable $datos
in APPPATH\Views\AdminViewPerson.php on line 94.
 1 APPPATH\Views\AdminViewPerson.php(94): CodeIgniter\Debug\Exceptions->errorHandler(2, 'Undefined variable $datos', 'C:\\xampp\\htdocs\\quiz\\app\\Views\\AdminViewPerson.php', 94)
 2 SYSTEMPATH\View\View.php(228): include('C:\\xampp\\htdocs\\quiz\\app\\Views\\AdminViewPerson.php')
 3 SYSTEMPATH\View\View.php(231): CodeIgniter\View\View->CodeIgniter\View\{closure}()
 4 SYSTEMPATH\Common.php(1190): CodeIgniter\View\View->render('AdminVIewPerson', [], true)
 5 APPPATH\Controllers\PersonController.php(19): view('AdminVIewPerson', [...])
 6 SYSTEMPATH\CodeIgniter.php(942): App\Controllers\PersonController->index()
 7 SYSTEMPATH\CodeIgniter.php(502): CodeIgniter\CodeIgniter->runController(Object(App\Controllers\PersonController))
 8 SYSTEMPATH\CodeIgniter.php(361): CodeIgniter\CodeIgniter->handleRequest(null, Object(Config\Cache), false)
 9 FCPATH\index.php(79): CodeIgniter\CodeIgniter->run()
CRITICAL - 2024-02-12 01:06:46 --> Undefined variable $datos
in APPPATH\Views\AdminViewPerson.php on line 94.
 1 APPPATH\Views\AdminViewPerson.php(94): CodeIgniter\Debug\Exceptions->errorHandler(2, 'Undefined variable $datos', 'C:\\xampp\\htdocs\\quiz\\app\\Views\\AdminViewPerson.php', 94)
 2 SYSTEMPATH\View\View.php(228): include('C:\\xampp\\htdocs\\quiz\\app\\Views\\AdminViewPerson.php')
 3 SYSTEMPATH\View\View.php(231): CodeIgniter\View\View->CodeIgniter\View\{closure}()
 4 SYSTEMPATH\Common.php(1190): CodeIgniter\View\View->render('AdminVIewPerson', [], true)
 5 APPPATH\Controllers\PersonController.php(19): view('AdminVIewPerson', [...])
 6 SYSTEMPATH\CodeIgniter.php(942): App\Controllers\PersonController->index()
 7 SYSTEMPATH\CodeIgniter.php(502): CodeIgniter\CodeIgniter->runController(Object(App\Controllers\PersonController))
 8 SYSTEMPATH\CodeIgniter.php(361): CodeIgniter\CodeIgniter->handleRequest(null, Object(Config\Cache), false)
 9 FCPATH\index.php(79): CodeIgniter\CodeIgniter->run()
CRITICAL - 2024-02-12 01:17:08 --> Undefined variable $datos
in APPPATH\Views\AdminViewPerson.php on line 94.
 1 APPPATH\Views\AdminViewPerson.php(94): CodeIgniter\Debug\Exceptions->errorHandler(2, 'Undefined variable $datos', 'C:\\xampp\\htdocs\\quiz\\app\\Views\\AdminViewPerson.php', 94)
 2 SYSTEMPATH\View\View.php(228): include('C:\\xampp\\htdocs\\quiz\\app\\Views\\AdminViewPerson.php')
 3 SYSTEMPATH\View\View.php(231): CodeIgniter\View\View->CodeIgniter\View\{closure}()
 4 SYSTEMPATH\Common.php(1190): CodeIgniter\View\View->render('AdminVIewPerson', [], true)
 5 APPPATH\Controllers\PersonController.php(20): view('AdminVIewPerson', [...])
 6 SYSTEMPATH\CodeIgniter.php(942): App\Controllers\PersonController->index()
 7 SYSTEMPATH\CodeIgniter.php(502): CodeIgniter\CodeIgniter->runController(Object(App\Controllers\PersonController))
 8 SYSTEMPATH\CodeIgniter.php(361): CodeIgniter\CodeIgniter->handleRequest(null, Object(Config\Cache), false)
 9 FCPATH\index.php(79): CodeIgniter\CodeIgniter->run()
INFO - 2024-02-12 01:26:50 --> Session: Class initialized using 'CodeIgniter\Session\Handlers\FileHandler' driver.
INFO - 2024-02-12 01:27:29 --> Session: Class initialized using 'CodeIgniter\Session\Handlers\FileHandler' driver.
INFO - 2024-02-12 01:27:58 --> Session: Class initialized using 'CodeIgniter\Session\Handlers\FileHandler' driver.
INFO - 2024-02-12 01:28:31 --> Session: Class initialized using 'CodeIgniter\Session\Handlers\FileHandler' driver.
INFO - 2024-02-12 01:28:47 --> Session: Class initialized using 'CodeIgniter\Session\Handlers\FileHandler' driver.
INFO - 2024-02-12 01:29:33 --> Session: Class initialized using 'CodeIgniter\Session\Handlers\FileHandler' driver.
CRITICAL - 2024-02-12 01:41:32 --> Undefined variable $customerModel
in APPPATH\Controllers\PersonController.php on line 98.
 1 APPPATH\Controllers\PersonController.php(98): CodeIgniter\Debug\Exceptions->errorHandler(2, 'Undefined variable $customerModel', 'C:\\xampp\\htdocs\\quiz\\app\\Controllers\\PersonController.php', 98)
 2 SYSTEMPATH\CodeIgniter.php(942): App\Controllers\PersonController->eliminar('7123567605')
 3 SYSTEMPATH\CodeIgniter.php(502): CodeIgniter\CodeIgniter->runController(Object(App\Controllers\PersonController))
 4 SYSTEMPATH\CodeIgniter.php(361): CodeIgniter\CodeIgniter->handleRequest(null, Object(Config\Cache), false)
 5 FCPATH\index.php(79): CodeIgniter\CodeIgniter->run()
CRITICAL - 2024-02-12 01:46:54 --> Undefined array key 0
in APPPATH\Views\ActualizarPerson.php on line 2.
 1 APPPATH\Views\ActualizarPerson.php(2): CodeIgniter\Debug\Exceptions->errorHandler(2, 'Undefined array key 0', 'C:\\xampp\\htdocs\\quiz\\app\\Views\\ActualizarPerson.php', 2)
 2 SYSTEMPATH\View\View.php(228): include('C:\\xampp\\htdocs\\quiz\\app\\Views\\ActualizarPerson.php')
 3 SYSTEMPATH\View\View.php(231): CodeIgniter\View\View->CodeIgniter\View\{closure}()
 4 SYSTEMPATH\Common.php(1190): CodeIgniter\View\View->render('ActualizarPerson', [], true)
 5 APPPATH\Controllers\PersonController.php(93): view('ActualizarPerson', [...])
 6 SYSTEMPATH\CodeIgniter.php(942): App\Controllers\PersonController->obtenerUserName('resources', 'css', 'styleTemplate.css')
 7 SYSTEMPATH\CodeIgniter.php(502): CodeIgniter\CodeIgniter->runController(Object(App\Controllers\PersonController))
 8 SYSTEMPATH\CodeIgniter.php(361): CodeIgniter\CodeIgniter->handleRequest(null, Object(Config\Cache), false)
 9 FCPATH\index.php(79): CodeIgniter\CodeIgniter->run()
CRITICAL - 2024-02-12 01:49:01 --> Undefined array key 0
in APPPATH\Views\ActualizarPerson.php on line 2.
 1 APPPATH\Views\ActualizarPerson.php(2): CodeIgniter\Debug\Exceptions->errorHandler(2, 'Undefined array key 0', 'C:\\xampp\\htdocs\\quiz\\app\\Views\\ActualizarPerson.php', 2)
 2 SYSTEMPATH\View\View.php(228): include('C:\\xampp\\htdocs\\quiz\\app\\Views\\ActualizarPerson.php')
 3 SYSTEMPATH\View\View.php(231): CodeIgniter\View\View->CodeIgniter\View\{closure}()
 4 SYSTEMPATH\Common.php(1190): CodeIgniter\View\View->render('ActualizarPerson', [], true)
 5 APPPATH\Controllers\PersonController.php(93): view('ActualizarPerson', [...])
 6 SYSTEMPATH\CodeIgniter.php(942): App\Controllers\PersonController->obtenerUserName('resources', 'css', 'styleTemplate.css')
 7 SYSTEMPATH\CodeIgniter.php(502): CodeIgniter\CodeIgniter->runController(Object(App\Controllers\PersonController))
 8 SYSTEMPATH\CodeIgniter.php(361): CodeIgniter\CodeIgniter->handleRequest(null, Object(Config\Cache), false)
 9 FCPATH\index.php(79): CodeIgniter\CodeIgniter->run()
INFO - 2024-02-12 01:49:55 --> Session: Class initialized using 'CodeIgniter\Session\Handlers\FileHandler' driver.
INFO - 2024-02-12 01:50:48 --> Session: Class initialized using 'CodeIgniter\Session\Handlers\FileHandler' driver.
INFO - 2024-02-12 02:19:27 --> Session: Class initialized using 'CodeIgniter\Session\Handlers\FileHandler' driver.
INFO - 2024-02-12 02:20:06 --> Session: Class initialized using 'CodeIgniter\Session\Handlers\FileHandler' driver.
INFO - 2024-02-12 03:38:07 --> Session: Class initialized using 'CodeIgniter\Session\Handlers\FileHandler' driver.
CRITICAL - 2024-02-12 03:38:07 --> Undefined variable $users
in APPPATH\Views\AdminView.php on line 167.
 1 APPPATH\Views\AdminView.php(167): CodeIgniter\Debug\Exceptions->errorHandler(2, 'Undefined variable $users', 'C:\\xampp\\htdocs\\quiz\\app\\Views\\AdminView.php', 167)
 2 SYSTEMPATH\View\View.php(228): include('C:\\xampp\\htdocs\\quiz\\app\\Views\\AdminView.php')
 3 SYSTEMPATH\View\View.php(231): CodeIgniter\View\View->CodeIgniter\View\{closure}()
 4 SYSTEMPATH\Common.php(1190): CodeIgniter\View\View->render('AdminVIew', [], true)
 5 APPPATH\Controllers\AdminController.php(22): view('AdminVIew', [...])
 6 SYSTEMPATH\CodeIgniter.php(942): App\Controllers\AdminController->index()
 7 SYSTEMPATH\CodeIgniter.php(502): CodeIgniter\CodeIgniter->runController(Object(App\Controllers\AdminController))
 8 SYSTEMPATH\CodeIgniter.php(361): CodeIgniter\CodeIgniter->handleRequest(null, Object(Config\Cache), false)
 9 FCPATH\index.php(79): CodeIgniter\CodeIgniter->run()
INFO - 2024-02-12 03:38:48 --> Session: Class initialized using 'CodeIgniter\Session\Handlers\FileHandler' driver.
INFO - 2024-02-12 03:39:08 --> Session: Class initialized using 'CodeIgniter\Session\Handlers\FileHandler' driver.
INFO - 2024-02-12 03:45:37 --> Session: Class initialized using 'CodeIgniter\Session\Handlers\FileHandler' driver.
CRITICAL - 2024-02-12 03:45:37 --> Class "App\Controllers\ProfessionModel" not found
in APPPATH\Controllers\AdminController.php on line 16.
 1 SYSTEMPATH\CodeIgniter.php(942): App\Controllers\AdminController->index()
 2 SYSTEMPATH\CodeIgniter.php(502): CodeIgniter\CodeIgniter->runController(Object(App\Controllers\AdminController))
 3 SYSTEMPATH\CodeIgniter.php(361): CodeIgniter\CodeIgniter->handleRequest(null, Object(Config\Cache), false)
 4 FCPATH\index.php(79): CodeIgniter\CodeIgniter->run()
INFO - 2024-02-12 03:46:00 --> Session: Class initialized using 'CodeIgniter\Session\Handlers\FileHandler' driver.
INFO - 2024-02-12 03:51:19 --> Session: Class initialized using 'CodeIgniter\Session\Handlers\FileHandler' driver.
CRITICAL - 2024-02-12 03:51:19 --> Undefined variable $levels
in APPPATH\Views\AdminView.php on line 90.
 1 APPPATH\Views\AdminView.php(90): CodeIgniter\Debug\Exceptions->errorHandler(2, 'Undefined variable $levels', 'C:\\xampp\\htdocs\\quiz\\app\\Views\\AdminView.php', 90)
 2 SYSTEMPATH\View\View.php(228): include('C:\\xampp\\htdocs\\quiz\\app\\Views\\AdminView.php')
 3 SYSTEMPATH\View\View.php(231): CodeIgniter\View\View->CodeIgniter\View\{closure}()
 4 SYSTEMPATH\Common.php(1190): CodeIgniter\View\View->render('AdminVIew', [], true)
 5 APPPATH\Controllers\AdminController.php(28): view('AdminVIew', [...])
 6 SYSTEMPATH\CodeIgniter.php(942): App\Controllers\AdminController->index()
 7 SYSTEMPATH\CodeIgniter.php(502): CodeIgniter\CodeIgniter->runController(Object(App\Controllers\AdminController))
 8 SYSTEMPATH\CodeIgniter.php(361): CodeIgniter\CodeIgniter->handleRequest(null, Object(Config\Cache), false)
 9 FCPATH\index.php(79): CodeIgniter\CodeIgniter->run()
INFO - 2024-02-12 03:52:49 --> Session: Class initialized using 'CodeIgniter\Session\Handlers\FileHandler' driver.
CRITICAL - 2024-02-12 03:52:49 --> Undefined variable $levels
in APPPATH\Views\AdminView.php on line 90.
 1 APPPATH\Views\AdminView.php(90): CodeIgniter\Debug\Exceptions->errorHandler(2, 'Undefined variable $levels', 'C:\\xampp\\htdocs\\quiz\\app\\Views\\AdminView.php', 90)
 2 SYSTEMPATH\View\View.php(228): include('C:\\xampp\\htdocs\\quiz\\app\\Views\\AdminView.php')
 3 SYSTEMPATH\View\View.php(231): CodeIgniter\View\View->CodeIgniter\View\{closure}()
 4 SYSTEMPATH\Common.php(1190): CodeIgniter\View\View->render('AdminVIew', [], true)
 5 APPPATH\Controllers\AdminController.php(31): view('AdminVIew', [...])
 6 SYSTEMPATH\CodeIgniter.php(942): App\Controllers\AdminController->index()
 7 SYSTEMPATH\CodeIgniter.php(502): CodeIgniter\CodeIgniter->runController(Object(App\Controllers\AdminController))
 8 SYSTEMPATH\CodeIgniter.php(361): CodeIgniter\CodeIgniter->handleRequest(null, Object(Config\Cache), false)
 9 FCPATH\index.php(79): CodeIgniter\CodeIgniter->run()
INFO - 2024-02-12 03:53:31 --> Session: Class initialized using 'CodeIgniter\Session\Handlers\FileHandler' driver.
CRITICAL - 2024-02-12 03:53:31 --> Undefined variable $levels
in APPPATH\Views\AdminView.php on line 90.
 1 APPPATH\Views\AdminView.php(90): CodeIgniter\Debug\Exceptions->errorHandler(2, 'Undefined variable $levels', 'C:\\xampp\\htdocs\\quiz\\app\\Views\\AdminView.php', 90)
 2 SYSTEMPATH\View\View.php(228): include('C:\\xampp\\htdocs\\quiz\\app\\Views\\AdminView.php')
 3 SYSTEMPATH\View\View.php(231): CodeIgniter\View\View->CodeIgniter\View\{closure}()
 4 SYSTEMPATH\Common.php(1190): CodeIgniter\View\View->render('AdminVIew', [], true)
 5 APPPATH\Controllers\AdminController.php(31): view('AdminVIew', [...])
 6 SYSTEMPATH\CodeIgniter.php(942): App\Controllers\AdminController->index()
 7 SYSTEMPATH\CodeIgniter.php(502): CodeIgniter\CodeIgniter->runController(Object(App\Controllers\AdminController))
 8 SYSTEMPATH\CodeIgniter.php(361): CodeIgniter\CodeIgniter->handleRequest(null, Object(Config\Cache), false)
 9 FCPATH\index.php(79): CodeIgniter\CodeIgniter->run()
INFO - 2024-02-12 03:54:11 --> Session: Class initialized using 'CodeIgniter\Session\Handlers\FileHandler' driver.
CRITICAL - 2024-02-12 03:54:11 --> Undefined variable $levels
in APPPATH\Views\AdminView.php on line 90.
 1 APPPATH\Views\AdminView.php(90): CodeIgniter\Debug\Exceptions->errorHandler(2, 'Undefined variable $levels', 'C:\\xampp\\htdocs\\quiz\\app\\Views\\AdminView.php', 90)
 2 SYSTEMPATH\View\View.php(228): include('C:\\xampp\\htdocs\\quiz\\app\\Views\\AdminView.php')
 3 SYSTEMPATH\View\View.php(231): CodeIgniter\View\View->CodeIgniter\View\{closure}()
 4 SYSTEMPATH\Common.php(1190): CodeIgniter\View\View->render('AdminVIew', [], true)
 5 APPPATH\Controllers\AdminController.php(31): view('AdminVIew', [...])
 6 SYSTEMPATH\CodeIgniter.php(942): App\Controllers\AdminController->index()
 7 SYSTEMPATH\CodeIgniter.php(502): CodeIgniter\CodeIgniter->runController(Object(App\Controllers\AdminController))
 8 SYSTEMPATH\CodeIgniter.php(361): CodeIgniter\CodeIgniter->handleRequest(null, Object(Config\Cache), false)
 9 FCPATH\index.php(79): CodeIgniter\CodeIgniter->run()
INFO - 2024-02-12 04:27:12 --> Session: Class initialized using 'CodeIgniter\Session\Handlers\FileHandler' driver.
INFO - 2024-02-12 12:57:34 --> Session: Class initialized using 'CodeIgniter\Session\Handlers\FileHandler' driver.
INFO - 2024-02-12 12:58:50 --> Session: Class initialized using 'CodeIgniter\Session\Handlers\FileHandler' driver.
INFO - 2024-02-12 13:03:51 --> Session: Class initialized using 'CodeIgniter\Session\Handlers\FileHandler' driver.
INFO - 2024-02-12 13:03:57 --> Session: Class initialized using 'CodeIgniter\Session\Handlers\FileHandler' driver.
CRITICAL - 2024-02-12 13:03:57 --> Call to undefined method App\Models\CustomerModel::obtenerUserName
in SYSTEMPATH\Model.php on line 873.
 1 APPPATH\Controllers\AdminController.php(85): CodeIgniter\Model->__call('obtenerUserName', [...])
 2 SYSTEMPATH\CodeIgniter.php(942): App\Controllers\AdminController->obtenerUserNameUser('2031126001')
 3 SYSTEMPATH\CodeIgniter.php(502): CodeIgniter\CodeIgniter->runController(Object(App\Controllers\AdminController))
 4 SYSTEMPATH\CodeIgniter.php(361): CodeIgniter\CodeIgniter->handleRequest(null, Object(Config\Cache), false)
 5 FCPATH\index.php(79): CodeIgniter\CodeIgniter->run()
INFO - 2024-02-12 13:04:05 --> Session: Class initialized using 'CodeIgniter\Session\Handlers\FileHandler' driver.
INFO - 2024-02-12 13:14:51 --> Session: Class initialized using 'CodeIgniter\Session\Handlers\FileHandler' driver.
CRITICAL - 2024-02-12 13:14:52 --> Undefined array key "fkProfession "
in APPPATH\Views\ActualizarUser.php on line 6.
 1 APPPATH\Views\ActualizarUser.php(6): CodeIgniter\Debug\Exceptions->errorHandler(2, 'Undefined array key "fkProfession "', 'C:\\xampp\\htdocs\\quiz\\app\\Views\\ActualizarUser.php', 6)
 2 SYSTEMPATH\View\View.php(228): include('C:\\xampp\\htdocs\\quiz\\app\\Views\\ActualizarUser.php')
 3 SYSTEMPATH\View\View.php(231): CodeIgniter\View\View->CodeIgniter\View\{closure}()
 4 SYSTEMPATH\Common.php(1190): CodeIgniter\View\View->render('ActualizarUser', [], true)
 5 APPPATH\Controllers\AdminController.php(93): view('ActualizarUser', [...])
 6 SYSTEMPATH\CodeIgniter.php(942): App\Controllers\AdminController->obtenerUserNameUser('2031126001')
 7 SYSTEMPATH\CodeIgniter.php(502): CodeIgniter\CodeIgniter->runController(Object(App\Controllers\AdminController))
 8 SYSTEMPATH\CodeIgniter.php(361): CodeIgniter\CodeIgniter->handleRequest(null, Object(Config\Cache), false)
 9 FCPATH\index.php(79): CodeIgniter\CodeIgniter->run()
INFO - 2024-02-12 13:15:06 --> Session: Class initialized using 'CodeIgniter\Session\Handlers\FileHandler' driver.
INFO - 2024-02-12 13:24:02 --> Session: Class initialized using 'CodeIgniter\Session\Handlers\FileHandler' driver.
INFO - 2024-02-12 13:25:30 --> Session: Class initialized using 'CodeIgniter\Session\Handlers\FileHandler' driver.
CRITICAL - 2024-02-12 13:25:30 --> Undefined variable $datosUser
in APPPATH\Views\AdminView.php on line 129.
 1 APPPATH\Views\AdminView.php(129): CodeIgniter\Debug\Exceptions->errorHandler(2, 'Undefined variable $datosUser', 'C:\\xampp\\htdocs\\quiz\\app\\Views\\AdminView.php', 129)
 2 SYSTEMPATH\View\View.php(228): include('C:\\xampp\\htdocs\\quiz\\app\\Views\\AdminView.php')
 3 SYSTEMPATH\View\View.php(231): CodeIgniter\View\View->CodeIgniter\View\{closure}()
 4 SYSTEMPATH\Common.php(1190): CodeIgniter\View\View->render('AdminVIew', [], true)
 5 APPPATH\Controllers\AdminController.php(31): view('AdminVIew', [...])
 6 SYSTEMPATH\CodeIgniter.php(942): App\Controllers\AdminController->index()
 7 SYSTEMPATH\CodeIgniter.php(502): CodeIgniter\CodeIgniter->runController(Object(App\Controllers\AdminController))
 8 SYSTEMPATH\CodeIgniter.php(361): CodeIgniter\CodeIgniter->handleRequest(null, Object(Config\Cache), false)
 9 FCPATH\index.php(79): CodeIgniter\CodeIgniter->run()
INFO - 2024-02-12 13:27:41 --> Session: Class initialized using 'CodeIgniter\Session\Handlers\FileHandler' driver.
CRITICAL - 2024-02-12 13:27:41 --> Undefined variable $datosUser
in APPPATH\Views\AdminView.php on line 129.
 1 APPPATH\Views\AdminView.php(129): CodeIgniter\Debug\Exceptions->errorHandler(2, 'Undefined variable $datosUser', 'C:\\xampp\\htdocs\\quiz\\app\\Views\\AdminView.php', 129)
 2 SYSTEMPATH\View\View.php(228): include('C:\\xampp\\htdocs\\quiz\\app\\Views\\AdminView.php')
 3 SYSTEMPATH\View\View.php(231): CodeIgniter\View\View->CodeIgniter\View\{closure}()
 4 SYSTEMPATH\Common.php(1190): CodeIgniter\View\View->render('AdminVIew', [], true)
 5 APPPATH\Controllers\AdminController.php(31): view('AdminVIew', [...])
 6 SYSTEMPATH\CodeIgniter.php(942): App\Controllers\AdminController->index()
 7 SYSTEMPATH\CodeIgniter.php(502): CodeIgniter\CodeIgniter->runController(Object(App\Controllers\AdminController))
 8 SYSTEMPATH\CodeIgniter.php(361): CodeIgniter\CodeIgniter->handleRequest(null, Object(Config\Cache), false)
 9 FCPATH\index.php(79): CodeIgniter\CodeIgniter->run()
INFO - 2024-02-12 13:28:40 --> Session: Class initialized using 'CodeIgniter\Session\Handlers\FileHandler' driver.
CRITICAL - 2024-02-12 13:28:40 --> Undefined variable $datosUser
in APPPATH\Views\AdminView.php on line 129.
 1 APPPATH\Views\AdminView.php(129): CodeIgniter\Debug\Exceptions->errorHandler(2, 'Undefined variable $datosUser', 'C:\\xampp\\htdocs\\quiz\\app\\Views\\AdminView.php', 129)
 2 SYSTEMPATH\View\View.php(228): include('C:\\xampp\\htdocs\\quiz\\app\\Views\\AdminView.php')
 3 SYSTEMPATH\View\View.php(231): CodeIgniter\View\View->CodeIgniter\View\{closure}()
 4 SYSTEMPATH\Common.php(1190): CodeIgniter\View\View->render('AdminVIew', [], true)
 5 APPPATH\Controllers\AdminController.php(31): view('AdminVIew', [...])
 6 SYSTEMPATH\CodeIgniter.php(942): App\Controllers\AdminController->index()
 7 SYSTEMPATH\CodeIgniter.php(502): CodeIgniter\CodeIgniter->runController(Object(App\Controllers\AdminController))
 8 SYSTEMPATH\CodeIgniter.php(361): CodeIgniter\CodeIgniter->handleRequest(null, Object(Config\Cache), false)
 9 FCPATH\index.php(79): CodeIgniter\CodeIgniter->run()
INFO - 2024-02-12 13:29:24 --> Session: Class initialized using 'CodeIgniter\Session\Handlers\FileHandler' driver.
CRITICAL - 2024-02-12 13:29:24 --> Undefined variable $datosUser
in APPPATH\Views\AdminView.php on line 129.
 1 APPPATH\Views\AdminView.php(129): CodeIgniter\Debug\Exceptions->errorHandler(2, 'Undefined variable $datosUser', 'C:\\xampp\\htdocs\\quiz\\app\\Views\\AdminView.php', 129)
 2 SYSTEMPATH\View\View.php(228): include('C:\\xampp\\htdocs\\quiz\\app\\Views\\AdminView.php')
 3 SYSTEMPATH\View\View.php(231): CodeIgniter\View\View->CodeIgniter\View\{closure}()
 4 SYSTEMPATH\Common.php(1190): CodeIgniter\View\View->render('AdminVIew', [], true)
 5 APPPATH\Controllers\AdminController.php(31): view('AdminVIew', [...])
 6 SYSTEMPATH\CodeIgniter.php(942): App\Controllers\AdminController->index()
 7 SYSTEMPATH\CodeIgniter.php(502): CodeIgniter\CodeIgniter->runController(Object(App\Controllers\AdminController))
 8 SYSTEMPATH\CodeIgniter.php(361): CodeIgniter\CodeIgniter->handleRequest(null, Object(Config\Cache), false)
 9 FCPATH\index.php(79): CodeIgniter\CodeIgniter->run()
INFO - 2024-02-12 13:30:53 --> Session: Class initialized using 'CodeIgniter\Session\Handlers\FileHandler' driver.
CRITICAL - 2024-02-12 13:30:53 --> Undefined variable $datosUser
in APPPATH\Views\AdminView.php on line 129.
 1 APPPATH\Views\AdminView.php(129): CodeIgniter\Debug\Exceptions->errorHandler(2, 'Undefined variable $datosUser', 'C:\\xampp\\htdocs\\quiz\\app\\Views\\AdminView.php', 129)
 2 SYSTEMPATH\View\View.php(228): include('C:\\xampp\\htdocs\\quiz\\app\\Views\\AdminView.php')
 3 SYSTEMPATH\View\View.php(231): CodeIgniter\View\View->CodeIgniter\View\{closure}()
 4 SYSTEMPATH\Common.php(1190): CodeIgniter\View\View->render('AdminVIew', [], true)
 5 APPPATH\Controllers\AdminController.php(31): view('AdminVIew', [...])
 6 SYSTEMPATH\CodeIgniter.php(942): App\Controllers\AdminController->index()
 7 SYSTEMPATH\CodeIgniter.php(502): CodeIgniter\CodeIgniter->runController(Object(App\Controllers\AdminController))
 8 SYSTEMPATH\CodeIgniter.php(361): CodeIgniter\CodeIgniter->handleRequest(null, Object(Config\Cache), false)
 9 FCPATH\index.php(79): CodeIgniter\CodeIgniter->run()
INFO - 2024-02-12 13:31:09 --> Session: Class initialized using 'CodeIgniter\Session\Handlers\FileHandler' driver.
CRITICAL - 2024-02-12 13:31:09 --> Undefined variable $datosUser
in APPPATH\Views\AdminView.php on line 129.
 1 APPPATH\Views\AdminView.php(129): CodeIgniter\Debug\Exceptions->errorHandler(2, 'Undefined variable $datosUser', 'C:\\xampp\\htdocs\\quiz\\app\\Views\\AdminView.php', 129)
 2 SYSTEMPATH\View\View.php(228): include('C:\\xampp\\htdocs\\quiz\\app\\Views\\AdminView.php')
 3 SYSTEMPATH\View\View.php(231): CodeIgniter\View\View->CodeIgniter\View\{closure}()
 4 SYSTEMPATH\Common.php(1190): CodeIgniter\View\View->render('AdminVIew', [], true)
 5 APPPATH\Controllers\AdminController.php(31): view('AdminVIew', [...])
 6 SYSTEMPATH\CodeIgniter.php(942): App\Controllers\AdminController->index()
 7 SYSTEMPATH\CodeIgniter.php(502): CodeIgniter\CodeIgniter->runController(Object(App\Controllers\AdminController))
 8 SYSTEMPATH\CodeIgniter.php(361): CodeIgniter\CodeIgniter->handleRequest(null, Object(Config\Cache), false)
 9 FCPATH\index.php(79): CodeIgniter\CodeIgniter->run()
INFO - 2024-02-12 13:31:50 --> Session: Class initialized using 'CodeIgniter\Session\Handlers\FileHandler' driver.
CRITICAL - 2024-02-12 13:31:50 --> Undefined variable $datosUser
in APPPATH\Views\AdminView.php on line 129.
 1 APPPATH\Views\AdminView.php(129): CodeIgniter\Debug\Exceptions->errorHandler(2, 'Undefined variable $datosUser', 'C:\\xampp\\htdocs\\quiz\\app\\Views\\AdminView.php', 129)
 2 SYSTEMPATH\View\View.php(228): include('C:\\xampp\\htdocs\\quiz\\app\\Views\\AdminView.php')
 3 SYSTEMPATH\View\View.php(231): CodeIgniter\View\View->CodeIgniter\View\{closure}()
 4 SYSTEMPATH\Common.php(1190): CodeIgniter\View\View->render('AdminVIew', [], true)
 5 APPPATH\Controllers\AdminController.php(31): view('AdminVIew', [...])
 6 SYSTEMPATH\CodeIgniter.php(942): App\Controllers\AdminController->index()
 7 SYSTEMPATH\CodeIgniter.php(502): CodeIgniter\CodeIgniter->runController(Object(App\Controllers\AdminController))
 8 SYSTEMPATH\CodeIgniter.php(361): CodeIgniter\CodeIgniter->handleRequest(null, Object(Config\Cache), false)
 9 FCPATH\index.php(79): CodeIgniter\CodeIgniter->run()
INFO - 2024-02-12 13:31:59 --> Session: Class initialized using 'CodeIgniter\Session\Handlers\FileHandler' driver.
INFO - 2024-02-12 13:52:55 --> Session: Class initialized using 'CodeIgniter\Session\Handlers\FileHandler' driver.
INFO - 2024-02-12 13:53:00 --> Session: Class initialized using 'CodeIgniter\Session\Handlers\FileHandler' driver.
CRITICAL - 2024-02-12 13:53:00 --> Undefined array key "fkProfession "
in APPPATH\Views\ActualizarUser.php on line 6.
 1 APPPATH\Views\ActualizarUser.php(6): CodeIgniter\Debug\Exceptions->errorHandler(2, 'Undefined array key "fkProfession "', 'C:\\xampp\\htdocs\\quiz\\app\\Views\\ActualizarUser.php', 6)
 2 SYSTEMPATH\View\View.php(228): include('C:\\xampp\\htdocs\\quiz\\app\\Views\\ActualizarUser.php')
 3 SYSTEMPATH\View\View.php(231): CodeIgniter\View\View->CodeIgniter\View\{closure}()
 4 SYSTEMPATH\Common.php(1190): CodeIgniter\View\View->render('ActualizarUser', [], true)
 5 APPPATH\Controllers\AdminController.php(93): view('ActualizarUser', [...])
 6 SYSTEMPATH\CodeIgniter.php(942): App\Controllers\AdminController->obtenerUserNameUser('2031126001')
 7 SYSTEMPATH\CodeIgniter.php(502): CodeIgniter\CodeIgniter->runController(Object(App\Controllers\AdminController))
 8 SYSTEMPATH\CodeIgniter.php(361): CodeIgniter\CodeIgniter->handleRequest(null, Object(Config\Cache), false)
 9 FCPATH\index.php(79): CodeIgniter\CodeIgniter->run()
INFO - 2024-02-12 13:53:43 --> Session: Class initialized using 'CodeIgniter\Session\Handlers\FileHandler' driver.
INFO - 2024-02-12 15:00:06 --> Session: Class initialized using 'CodeIgniter\Session\Handlers\FileHandler' driver.
INFO - 2024-02-12 15:15:20 --> Session: Class initialized using 'CodeIgniter\Session\Handlers\FileHandler' driver.
INFO - 2024-02-12 15:15:24 --> Session: Class initialized using 'CodeIgniter\Session\Handlers\FileHandler' driver.
INFO - 2024-02-12 15:19:50 --> Session: Class initialized using 'CodeIgniter\Session\Handlers\FileHandler' driver.
INFO - 2024-02-12 15:20:48 --> Session: Class initialized using 'CodeIgniter\Session\Handlers\FileHandler' driver.
INFO - 2024-02-12 15:20:50 --> Session: Class initialized using 'CodeIgniter\Session\Handlers\FileHandler' driver.
INFO - 2024-02-12 15:21:01 --> Session: Class initialized using 'CodeIgniter\Session\Handlers\FileHandler' driver.
INFO - 2024-02-12 15:21:02 --> Session: Class initialized using 'CodeIgniter\Session\Handlers\FileHandler' driver.
INFO - 2024-02-12 15:21:11 --> Session: Class initialized using 'CodeIgniter\Session\Handlers\FileHandler' driver.
INFO - 2024-02-12 15:21:12 --> Session: Class initialized using 'CodeIgniter\Session\Handlers\FileHandler' driver.
CRITICAL - 2024-02-12 15:23:08 --> Undefined array key 0
in APPPATH\Views\ActualizarPerson.php on line 2.
 1 APPPATH\Views\ActualizarPerson.php(2): CodeIgniter\Debug\Exceptions->errorHandler(2, 'Undefined array key 0', 'C:\\xampp\\htdocs\\quiz\\app\\Views\\ActualizarPerson.php', 2)
 2 SYSTEMPATH\View\View.php(228): include('C:\\xampp\\htdocs\\quiz\\app\\Views\\ActualizarPerson.php')
 3 SYSTEMPATH\View\View.php(231): CodeIgniter\View\View->CodeIgniter\View\{closure}()
 4 SYSTEMPATH\Common.php(1190): CodeIgniter\View\View->render('ActualizarPerson', [], true)
 5 APPPATH\Controllers\PersonController.php(93): view('ActualizarPerson', [...])
 6 SYSTEMPATH\CodeIgniter.php(942): App\Controllers\PersonController->obtenerUserName('resources', 'css', 'styleTemplate.css')
 7 SYSTEMPATH\CodeIgniter.php(502): CodeIgniter\CodeIgniter->runController(Object(App\Controllers\PersonController))
 8 SYSTEMPATH\CodeIgniter.php(361): CodeIgniter\CodeIgniter->handleRequest(null, Object(Config\Cache), false)
 9 FCPATH\index.php(79): CodeIgniter\CodeIgniter->run()
INFO - 2024-02-12 15:24:33 --> Session: Class initialized using 'CodeIgniter\Session\Handlers\FileHandler' driver.
INFO - 2024-02-12 15:33:59 --> Session: Class initialized using 'CodeIgniter\Session\Handlers\FileHandler' driver.
CRITICAL - 2024-02-12 15:33:59 --> Undefined variable $professions
in APPPATH\Views\AdminView.php on line 92.
 1 APPPATH\Views\AdminView.php(92): CodeIgniter\Debug\Exceptions->errorHandler(2, 'Undefined variable $professions', 'C:\\xampp\\htdocs\\quiz\\app\\Views\\AdminView.php', 92)
 2 SYSTEMPATH\View\View.php(228): include('C:\\xampp\\htdocs\\quiz\\app\\Views\\AdminView.php')
 3 SYSTEMPATH\View\View.php(231): CodeIgniter\View\View->CodeIgniter\View\{closure}()
 4 SYSTEMPATH\Common.php(1190): CodeIgniter\View\View->render('AdminView', [], true)
 5 APPPATH\Controllers\AdminController.php(28): view('AdminView', [...])
 6 SYSTEMPATH\CodeIgniter.php(942): App\Controllers\AdminController->index()
 7 SYSTEMPATH\CodeIgniter.php(502): CodeIgniter\CodeIgniter->runController(Object(App\Controllers\AdminController))
 8 SYSTEMPATH\CodeIgniter.php(361): CodeIgniter\CodeIgniter->handleRequest(null, Object(Config\Cache), false)
 9 FCPATH\index.php(79): CodeIgniter\CodeIgniter->run()
INFO - 2024-02-12 15:37:54 --> Session: Class initialized using 'CodeIgniter\Session\Handlers\FileHandler' driver.
CRITICAL - 2024-02-12 15:37:54 --> Undefined variable $professions
in APPPATH\Views\AdminView.php on line 92.
 1 APPPATH\Views\AdminView.php(92): CodeIgniter\Debug\Exceptions->errorHandler(2, 'Undefined variable $professions', 'C:\\xampp\\htdocs\\quiz\\app\\Views\\AdminView.php', 92)
 2 SYSTEMPATH\View\View.php(228): include('C:\\xampp\\htdocs\\quiz\\app\\Views\\AdminView.php')
 3 SYSTEMPATH\View\View.php(231): CodeIgniter\View\View->CodeIgniter\View\{closure}()
 4 SYSTEMPATH\Common.php(1190): CodeIgniter\View\View->render('AdminView', [], true)
 5 APPPATH\Controllers\AdminController.php(29): view('AdminView', [...])
 6 SYSTEMPATH\CodeIgniter.php(942): App\Controllers\AdminController->index()
 7 SYSTEMPATH\CodeIgniter.php(502): CodeIgniter\CodeIgniter->runController(Object(App\Controllers\AdminController))
 8 SYSTEMPATH\CodeIgniter.php(361): CodeIgniter\CodeIgniter->handleRequest(null, Object(Config\Cache), false)
 9 FCPATH\index.php(79): CodeIgniter\CodeIgniter->run()
INFO - 2024-02-12 15:37:57 --> Session: Class initialized using 'CodeIgniter\Session\Handlers\FileHandler' driver.
CRITICAL - 2024-02-12 15:37:58 --> Undefined variable $professions
in APPPATH\Views\AdminView.php on line 92.
 1 APPPATH\Views\AdminView.php(92): CodeIgniter\Debug\Exceptions->errorHandler(2, 'Undefined variable $professions', 'C:\\xampp\\htdocs\\quiz\\app\\Views\\AdminView.php', 92)
 2 SYSTEMPATH\View\View.php(228): include('C:\\xampp\\htdocs\\quiz\\app\\Views\\AdminView.php')
 3 SYSTEMPATH\View\View.php(231): CodeIgniter\View\View->CodeIgniter\View\{closure}()
 4 SYSTEMPATH\Common.php(1190): CodeIgniter\View\View->render('AdminView', [], true)
 5 APPPATH\Controllers\AdminController.php(29): view('AdminView', [...])
 6 SYSTEMPATH\CodeIgniter.php(942): App\Controllers\AdminController->index()
 7 SYSTEMPATH\CodeIgniter.php(502): CodeIgniter\CodeIgniter->runController(Object(App\Controllers\AdminController))
 8 SYSTEMPATH\CodeIgniter.php(361): CodeIgniter\CodeIgniter->handleRequest(null, Object(Config\Cache), false)
 9 FCPATH\index.php(79): CodeIgniter\CodeIgniter->run()
INFO - 2024-02-12 15:40:19 --> Session: Class initialized using 'CodeIgniter\Session\Handlers\FileHandler' driver.
CRITICAL - 2024-02-12 15:40:19 --> Undefined variable $professions
in APPPATH\Views\AdminView.php on line 92.
 1 APPPATH\Views\AdminView.php(92): CodeIgniter\Debug\Exceptions->errorHandler(2, 'Undefined variable $professions', 'C:\\xampp\\htdocs\\quiz\\app\\Views\\AdminView.php', 92)
 2 SYSTEMPATH\View\View.php(228): include('C:\\xampp\\htdocs\\quiz\\app\\Views\\AdminView.php')
 3 SYSTEMPATH\View\View.php(231): CodeIgniter\View\View->CodeIgniter\View\{closure}()
 4 SYSTEMPATH\Common.php(1190): CodeIgniter\View\View->render('AdminView', [], true)
 5 APPPATH\Controllers\AdminController.php(29): view('AdminView', [...])
 6 SYSTEMPATH\CodeIgniter.php(942): App\Controllers\AdminController->index()
 7 SYSTEMPATH\CodeIgniter.php(502): CodeIgniter\CodeIgniter->runController(Object(App\Controllers\AdminController))
 8 SYSTEMPATH\CodeIgniter.php(361): CodeIgniter\CodeIgniter->handleRequest(null, Object(Config\Cache), false)
 9 FCPATH\index.php(79): CodeIgniter\CodeIgniter->run()
INFO - 2024-02-12 15:40:44 --> Session: Class initialized using 'CodeIgniter\Session\Handlers\FileHandler' driver.
CRITICAL - 2024-02-12 15:40:44 --> Undefined variable $professions
in APPPATH\Views\AdminView.php on line 92.
 1 APPPATH\Views\AdminView.php(92): CodeIgniter\Debug\Exceptions->errorHandler(2, 'Undefined variable $professions', 'C:\\xampp\\htdocs\\quiz\\app\\Views\\AdminView.php', 92)
 2 SYSTEMPATH\View\View.php(228): include('C:\\xampp\\htdocs\\quiz\\app\\Views\\AdminView.php')
 3 SYSTEMPATH\View\View.php(231): CodeIgniter\View\View->CodeIgniter\View\{closure}()
 4 SYSTEMPATH\Common.php(1190): CodeIgniter\View\View->render('AdminView', [], true)
 5 APPPATH\Controllers\AdminController.php(29): view('AdminView', [...])
 6 SYSTEMPATH\CodeIgniter.php(942): App\Controllers\AdminController->index()
 7 SYSTEMPATH\CodeIgniter.php(502): CodeIgniter\CodeIgniter->runController(Object(App\Controllers\AdminController))
 8 SYSTEMPATH\CodeIgniter.php(361): CodeIgniter\CodeIgniter->handleRequest(null, Object(Config\Cache), false)
 9 FCPATH\index.php(79): CodeIgniter\CodeIgniter->run()
INFO - 2024-02-12 15:41:51 --> Session: Class initialized using 'CodeIgniter\Session\Handlers\FileHandler' driver.
CRITICAL - 2024-02-12 15:41:51 --> Undefined variable $datos
in APPPATH\Views\AdminView.php on line 129.
 1 APPPATH\Views\AdminView.php(129): CodeIgniter\Debug\Exceptions->errorHandler(2, 'Undefined variable $datos', 'C:\\xampp\\htdocs\\quiz\\app\\Views\\AdminView.php', 129)
 2 SYSTEMPATH\View\View.php(228): include('C:\\xampp\\htdocs\\quiz\\app\\Views\\AdminView.php')
 3 SYSTEMPATH\View\View.php(231): CodeIgniter\View\View->CodeIgniter\View\{closure}()
 4 SYSTEMPATH\Common.php(1190): CodeIgniter\View\View->render('AdminView', [], true)
 5 APPPATH\Controllers\AdminController.php(30): view('AdminView', [...])
 6 SYSTEMPATH\CodeIgniter.php(942): App\Controllers\AdminController->index()
 7 SYSTEMPATH\CodeIgniter.php(502): CodeIgniter\CodeIgniter->runController(Object(App\Controllers\AdminController))
 8 SYSTEMPATH\CodeIgniter.php(361): CodeIgniter\CodeIgniter->handleRequest(null, Object(Config\Cache), false)
 9 FCPATH\index.php(79): CodeIgniter\CodeIgniter->run()
INFO - 2024-02-12 15:42:57 --> Session: Class initialized using 'CodeIgniter\Session\Handlers\FileHandler' driver.
INFO - 2024-02-12 15:45:01 --> Session: Class initialized using 'CodeIgniter\Session\Handlers\FileHandler' driver.
INFO - 2024-02-12 15:45:17 --> Session: Class initialized using 'CodeIgniter\Session\Handlers\FileHandler' driver.
INFO - 2024-02-12 15:47:38 --> Session: Class initialized using 'CodeIgniter\Session\Handlers\FileHandler' driver.
INFO - 2024-02-12 15:48:09 --> Session: Class initialized using 'CodeIgniter\Session\Handlers\FileHandler' driver.
INFO - 2024-02-12 15:49:36 --> Session: Class initialized using 'CodeIgniter\Session\Handlers\FileHandler' driver.
CRITICAL - 2024-02-12 15:49:36 --> Undefined variable $levels
in APPPATH\Views\AdminView.php on line 92.
 1 APPPATH\Views\AdminView.php(92): CodeIgniter\Debug\Exceptions->errorHandler(2, 'Undefined variable $levels', 'C:\\xampp\\htdocs\\quiz\\app\\Views\\AdminView.php', 92)
 2 SYSTEMPATH\View\View.php(228): include('C:\\xampp\\htdocs\\quiz\\app\\Views\\AdminView.php')
 3 SYSTEMPATH\View\View.php(231): CodeIgniter\View\View->CodeIgniter\View\{closure}()
 4 SYSTEMPATH\Common.php(1190): CodeIgniter\View\View->render('AdminView', [], true)
 5 APPPATH\Controllers\AdminController.php(38): view('AdminView', [...])
 6 SYSTEMPATH\CodeIgniter.php(942): App\Controllers\AdminController->index()
 7 SYSTEMPATH\CodeIgniter.php(502): CodeIgniter\CodeIgniter->runController(Object(App\Controllers\AdminController))
 8 SYSTEMPATH\CodeIgniter.php(361): CodeIgniter\CodeIgniter->handleRequest(null, Object(Config\Cache), false)
 9 FCPATH\index.php(79): CodeIgniter\CodeIgniter->run()
INFO - 2024-02-12 15:51:10 --> Session: Class initialized using 'CodeIgniter\Session\Handlers\FileHandler' driver.
CRITICAL - 2024-02-12 15:51:10 --> Undefined variable $levels
in APPPATH\Views\AdminView.php on line 92.
 1 APPPATH\Views\AdminView.php(92): CodeIgniter\Debug\Exceptions->errorHandler(2, 'Undefined variable $levels', 'C:\\xampp\\htdocs\\quiz\\app\\Views\\AdminView.php', 92)
 2 SYSTEMPATH\View\View.php(228): include('C:\\xampp\\htdocs\\quiz\\app\\Views\\AdminView.php')
 3 SYSTEMPATH\View\View.php(231): CodeIgniter\View\View->CodeIgniter\View\{closure}()
 4 SYSTEMPATH\Common.php(1190): CodeIgniter\View\View->render('AdminView', [], true)
 5 APPPATH\Controllers\AdminController.php(38): view('AdminView', [...])
 6 SYSTEMPATH\CodeIgniter.php(942): App\Controllers\AdminController->index()
 7 SYSTEMPATH\CodeIgniter.php(502): CodeIgniter\CodeIgniter->runController(Object(App\Controllers\AdminController))
 8 SYSTEMPATH\CodeIgniter.php(361): CodeIgniter\CodeIgniter->handleRequest(null, Object(Config\Cache), false)
 9 FCPATH\index.php(79): CodeIgniter\CodeIgniter->run()
INFO - 2024-02-12 15:54:04 --> Session: Class initialized using 'CodeIgniter\Session\Handlers\FileHandler' driver.
INFO - 2024-02-12 15:54:54 --> Session: Class initialized using 'CodeIgniter\Session\Handlers\FileHandler' driver.
INFO - 2024-02-12 15:55:16 --> Session: Class initialized using 'CodeIgniter\Session\Handlers\FileHandler' driver.
INFO - 2024-02-12 15:56:34 --> Session: Class initialized using 'CodeIgniter\Session\Handlers\FileHandler' driver.
INFO - 2024-02-12 15:58:59 --> Session: Class initialized using 'CodeIgniter\Session\Handlers\FileHandler' driver.
CRITICAL - 2024-02-12 15:58:59 --> Undefined array key "fkLevel"
in APPPATH\Controllers\AdminController.php on line 62.
 1 APPPATH\Controllers\AdminController.php(62): CodeIgniter\Debug\Exceptions->errorHandler(2, 'Undefined array key "fkLevel"', 'C:\\xampp\\htdocs\\quiz\\app\\Controllers\\AdminController.php', 62)
 2 SYSTEMPATH\CodeIgniter.php(942): App\Controllers\AdminController->crearUser()
 3 SYSTEMPATH\CodeIgniter.php(502): CodeIgniter\CodeIgniter->runController(Object(App\Controllers\AdminController))
 4 SYSTEMPATH\CodeIgniter.php(361): CodeIgniter\CodeIgniter->handleRequest(null, Object(Config\Cache), false)
 5 FCPATH\index.php(79): CodeIgniter\CodeIgniter->run()
INFO - 2024-02-12 15:59:35 --> Session: Class initialized using 'CodeIgniter\Session\Handlers\FileHandler' driver.
CRITICAL - 2024-02-12 15:59:35 --> Undefined array key "fkLevel"
in APPPATH\Controllers\AdminController.php on line 62.
 1 APPPATH\Controllers\AdminController.php(62): CodeIgniter\Debug\Exceptions->errorHandler(2, 'Undefined array key "fkLevel"', 'C:\\xampp\\htdocs\\quiz\\app\\Controllers\\AdminController.php', 62)
 2 SYSTEMPATH\CodeIgniter.php(942): App\Controllers\AdminController->crearUser()
 3 SYSTEMPATH\CodeIgniter.php(502): CodeIgniter\CodeIgniter->runController(Object(App\Controllers\AdminController))
 4 SYSTEMPATH\CodeIgniter.php(361): CodeIgniter\CodeIgniter->handleRequest(null, Object(Config\Cache), false)
 5 FCPATH\index.php(79): CodeIgniter\CodeIgniter->run()
INFO - 2024-02-12 15:59:39 --> Session: Class initialized using 'CodeIgniter\Session\Handlers\FileHandler' driver.
INFO - 2024-02-12 15:59:45 --> Session: Class initialized using 'CodeIgniter\Session\Handlers\FileHandler' driver.
CRITICAL - 2024-02-12 15:59:45 --> Undefined array key "fkLevel"
in APPPATH\Controllers\AdminController.php on line 62.
 1 APPPATH\Controllers\AdminController.php(62): CodeIgniter\Debug\Exceptions->errorHandler(2, 'Undefined array key "fkLevel"', 'C:\\xampp\\htdocs\\quiz\\app\\Controllers\\AdminController.php', 62)
 2 SYSTEMPATH\CodeIgniter.php(942): App\Controllers\AdminController->crearUser()
 3 SYSTEMPATH\CodeIgniter.php(502): CodeIgniter\CodeIgniter->runController(Object(App\Controllers\AdminController))
 4 SYSTEMPATH\CodeIgniter.php(361): CodeIgniter\CodeIgniter->handleRequest(null, Object(Config\Cache), false)
 5 FCPATH\index.php(79): CodeIgniter\CodeIgniter->run()
INFO - 2024-02-12 15:59:55 --> Session: Class initialized using 'CodeIgniter\Session\Handlers\FileHandler' driver.
CRITICAL - 2024-02-12 15:59:55 --> Undefined array key "fkLevel"
in APPPATH\Controllers\AdminController.php on line 62.
 1 APPPATH\Controllers\AdminController.php(62): CodeIgniter\Debug\Exceptions->errorHandler(2, 'Undefined array key "fkLevel"', 'C:\\xampp\\htdocs\\quiz\\app\\Controllers\\AdminController.php', 62)
 2 SYSTEMPATH\CodeIgniter.php(942): App\Controllers\AdminController->crearUser()
 3 SYSTEMPATH\CodeIgniter.php(502): CodeIgniter\CodeIgniter->runController(Object(App\Controllers\AdminController))
 4 SYSTEMPATH\CodeIgniter.php(361): CodeIgniter\CodeIgniter->handleRequest(null, Object(Config\Cache), false)
 5 FCPATH\index.php(79): CodeIgniter\CodeIgniter->run()
INFO - 2024-02-12 15:59:58 --> Session: Class initialized using 'CodeIgniter\Session\Handlers\FileHandler' driver.
INFO - 2024-02-12 16:00:01 --> Session: Class initialized using 'CodeIgniter\Session\Handlers\FileHandler' driver.
INFO - 2024-02-12 16:00:21 --> Session: Class initialized using 'CodeIgniter\Session\Handlers\FileHandler' driver.
CRITICAL - 2024-02-12 16:00:21 --> Undefined array key "fkLevel"
in APPPATH\Controllers\AdminController.php on line 62.
 1 APPPATH\Controllers\AdminController.php(62): CodeIgniter\Debug\Exceptions->errorHandler(2, 'Undefined array key "fkLevel"', 'C:\\xampp\\htdocs\\quiz\\app\\Controllers\\AdminController.php', 62)
 2 SYSTEMPATH\CodeIgniter.php(942): App\Controllers\AdminController->crearUser()
 3 SYSTEMPATH\CodeIgniter.php(502): CodeIgniter\CodeIgniter->runController(Object(App\Controllers\AdminController))
 4 SYSTEMPATH\CodeIgniter.php(361): CodeIgniter\CodeIgniter->handleRequest(null, Object(Config\Cache), false)
 5 FCPATH\index.php(79): CodeIgniter\CodeIgniter->run()
INFO - 2024-02-12 16:00:35 --> Session: Class initialized using 'CodeIgniter\Session\Handlers\FileHandler' driver.
CRITICAL - 2024-02-12 16:00:35 --> Undefined array key "fkProfession"
in APPPATH\Controllers\AdminController.php on line 63.
 1 APPPATH\Controllers\AdminController.php(63): CodeIgniter\Debug\Exceptions->errorHandler(2, 'Undefined array key "fkProfession"', 'C:\\xampp\\htdocs\\quiz\\app\\Controllers\\AdminController.php', 63)
 2 SYSTEMPATH\CodeIgniter.php(942): App\Controllers\AdminController->crearUser()
 3 SYSTEMPATH\CodeIgniter.php(502): CodeIgniter\CodeIgniter->runController(Object(App\Controllers\AdminController))
 4 SYSTEMPATH\CodeIgniter.php(361): CodeIgniter\CodeIgniter->handleRequest(null, Object(Config\Cache), false)
 5 FCPATH\index.php(79): CodeIgniter\CodeIgniter->run()
INFO - 2024-02-12 16:00:55 --> Session: Class initialized using 'CodeIgniter\Session\Handlers\FileHandler' driver.
INFO - 2024-02-12 16:00:56 --> Session: Class initialized using 'CodeIgniter\Session\Handlers\FileHandler' driver.
INFO - 2024-02-12 16:01:25 --> Session: Class initialized using 'CodeIgniter\Session\Handlers\FileHandler' driver.
CRITICAL - 2024-02-12 16:04:13 --> Undefined array key 0
in APPPATH\Views\ActualizarPerson.php on line 2.
 1 APPPATH\Views\ActualizarPerson.php(2): CodeIgniter\Debug\Exceptions->errorHandler(2, 'Undefined array key 0', 'C:\\xampp\\htdocs\\quiz\\app\\Views\\ActualizarPerson.php', 2)
 2 SYSTEMPATH\View\View.php(228): include('C:\\xampp\\htdocs\\quiz\\app\\Views\\ActualizarPerson.php')
 3 SYSTEMPATH\View\View.php(231): CodeIgniter\View\View->CodeIgniter\View\{closure}()
 4 SYSTEMPATH\Common.php(1190): CodeIgniter\View\View->render('ActualizarPerson', [], true)
 5 APPPATH\Controllers\PersonController.php(93): view('ActualizarPerson', [...])
 6 SYSTEMPATH\CodeIgniter.php(942): App\Controllers\PersonController->obtenerUserName('resources', 'css', 'styleTemplate.css')
 7 SYSTEMPATH\CodeIgniter.php(502): CodeIgniter\CodeIgniter->runController(Object(App\Controllers\PersonController))
 8 SYSTEMPATH\CodeIgniter.php(361): CodeIgniter\CodeIgniter->handleRequest(null, Object(Config\Cache), false)
 9 FCPATH\index.php(79): CodeIgniter\CodeIgniter->run()
CRITICAL - 2024-02-12 16:04:38 --> Undefined array key 0
in APPPATH\Views\ActualizarPerson.php on line 2.
 1 APPPATH\Views\ActualizarPerson.php(2): CodeIgniter\Debug\Exceptions->errorHandler(2, 'Undefined array key 0', 'C:\\xampp\\htdocs\\quiz\\app\\Views\\ActualizarPerson.php', 2)
 2 SYSTEMPATH\View\View.php(228): include('C:\\xampp\\htdocs\\quiz\\app\\Views\\ActualizarPerson.php')
 3 SYSTEMPATH\View\View.php(231): CodeIgniter\View\View->CodeIgniter\View\{closure}()
 4 SYSTEMPATH\Common.php(1190): CodeIgniter\View\View->render('ActualizarPerson', [], true)
 5 APPPATH\Controllers\PersonController.php(93): view('ActualizarPerson', [...])
 6 SYSTEMPATH\CodeIgniter.php(942): App\Controllers\PersonController->obtenerUserName('resources', 'css', 'styleTemplate.css')
 7 SYSTEMPATH\CodeIgniter.php(502): CodeIgniter\CodeIgniter->runController(Object(App\Controllers\PersonController))
 8 SYSTEMPATH\CodeIgniter.php(361): CodeIgniter\CodeIgniter->handleRequest(null, Object(Config\Cache), false)
 9 FCPATH\index.php(79): CodeIgniter\CodeIgniter->run()
INFO - 2024-02-12 16:04:59 --> Session: Class initialized using 'CodeIgniter\Session\Handlers\FileHandler' driver.
INFO - 2024-02-12 16:05:44 --> Session: Class initialized using 'CodeIgniter\Session\Handlers\FileHandler' driver.
INFO - 2024-02-12 16:05:45 --> Session: Class initialized using 'CodeIgniter\Session\Handlers\FileHandler' driver.
INFO - 2024-02-12 16:37:01 --> Session: Class initialized using 'CodeIgniter\Session\Handlers\FileHandler' driver.
INFO - 2024-02-12 16:37:34 --> Session: Class initialized using 'CodeIgniter\Session\Handlers\FileHandler' driver.
CRITICAL - 2024-02-12 16:37:34 --> Undefined array key "level"
in APPPATH\Views\ActualizarUser.php on line 5.
 1 APPPATH\Views\ActualizarUser.php(5): CodeIgniter\Debug\Exceptions->errorHandler(2, 'Undefined array key "level"', 'C:\\xampp\\htdocs\\quiz\\app\\Views\\ActualizarUser.php', 5)
 2 SYSTEMPATH\View\View.php(228): include('C:\\xampp\\htdocs\\quiz\\app\\Views\\ActualizarUser.php')
 3 SYSTEMPATH\View\View.php(231): CodeIgniter\View\View->CodeIgniter\View\{closure}()
 4 SYSTEMPATH\Common.php(1190): CodeIgniter\View\View->render('ActualizarUser', [], true)
 5 APPPATH\Controllers\AdminController.php(105): view('ActualizarUser', [...])
 6 SYSTEMPATH\CodeIgniter.php(942): App\Controllers\AdminController->obtenerUserNameUser('2031126001')
 7 SYSTEMPATH\CodeIgniter.php(502): CodeIgniter\CodeIgniter->runController(Object(App\Controllers\AdminController))
 8 SYSTEMPATH\CodeIgniter.php(361): CodeIgniter\CodeIgniter->handleRequest(null, Object(Config\Cache), false)
 9 FCPATH\index.php(79): CodeIgniter\CodeIgniter->run()
INFO - 2024-02-12 16:42:14 --> Session: Class initialized using 'CodeIgniter\Session\Handlers\FileHandler' driver.
CRITICAL - 2024-02-12 16:42:14 --> Undefined array key "profession "
in APPPATH\Views\ActualizarUser.php on line 6.
 1 APPPATH\Views\ActualizarUser.php(6): CodeIgniter\Debug\Exceptions->errorHandler(2, 'Undefined array key "profession "', 'C:\\xampp\\htdocs\\quiz\\app\\Views\\ActualizarUser.php', 6)
 2 SYSTEMPATH\View\View.php(228): include('C:\\xampp\\htdocs\\quiz\\app\\Views\\ActualizarUser.php')
 3 SYSTEMPATH\View\View.php(231): CodeIgniter\View\View->CodeIgniter\View\{closure}()
 4 SYSTEMPATH\Common.php(1190): CodeIgniter\View\View->render('ActualizarUser', [], true)
 5 APPPATH\Controllers\AdminController.php(105): view('ActualizarUser', [...])
 6 SYSTEMPATH\CodeIgniter.php(942): App\Controllers\AdminController->obtenerUserNameUser('2031126001')
 7 SYSTEMPATH\CodeIgniter.php(502): CodeIgniter\CodeIgniter->runController(Object(App\Controllers\AdminController))
 8 SYSTEMPATH\CodeIgniter.php(361): CodeIgniter\CodeIgniter->handleRequest(null, Object(Config\Cache), false)
 9 FCPATH\index.php(79): CodeIgniter\CodeIgniter->run()
INFO - 2024-02-12 16:43:09 --> Session: Class initialized using 'CodeIgniter\Session\Handlers\FileHandler' driver.
CRITICAL - 2024-02-12 16:43:09 --> Undefined variable $levels
in APPPATH\Views\ActualizarUser.php on line 73.
 1 APPPATH\Views\ActualizarUser.php(73): CodeIgniter\Debug\Exceptions->errorHandler(2, 'Undefined variable $levels', 'C:\\xampp\\htdocs\\quiz\\app\\Views\\ActualizarUser.php', 73)
 2 SYSTEMPATH\View\View.php(228): include('C:\\xampp\\htdocs\\quiz\\app\\Views\\ActualizarUser.php')
 3 SYSTEMPATH\View\View.php(231): CodeIgniter\View\View->CodeIgniter\View\{closure}()
 4 SYSTEMPATH\Common.php(1190): CodeIgniter\View\View->render('ActualizarUser', [], true)
 5 APPPATH\Controllers\AdminController.php(105): view('ActualizarUser', [...])
 6 SYSTEMPATH\CodeIgniter.php(942): App\Controllers\AdminController->obtenerUserNameUser('2031126001')
 7 SYSTEMPATH\CodeIgniter.php(502): CodeIgniter\CodeIgniter->runController(Object(App\Controllers\AdminController))
 8 SYSTEMPATH\CodeIgniter.php(361): CodeIgniter\CodeIgniter->handleRequest(null, Object(Config\Cache), false)
 9 FCPATH\index.php(79): CodeIgniter\CodeIgniter->run()
INFO - 2024-02-12 16:54:26 --> Session: Class initialized using 'CodeIgniter\Session\Handlers\FileHandler' driver.
CRITICAL - 2024-02-12 16:54:26 --> Undefined variable $professionModel
in APPPATH\Controllers\AdminController.php on line 103.
 1 APPPATH\Controllers\AdminController.php(103): CodeIgniter\Debug\Exceptions->errorHandler(2, 'Undefined variable $professionModel', 'C:\\xampp\\htdocs\\quiz\\app\\Controllers\\AdminController.php', 103)
 2 SYSTEMPATH\CodeIgniter.php(942): App\Controllers\AdminController->obtenerUserNameUser('2031126001')
 3 SYSTEMPATH\CodeIgniter.php(502): CodeIgniter\CodeIgniter->runController(Object(App\Controllers\AdminController))
 4 SYSTEMPATH\CodeIgniter.php(361): CodeIgniter\CodeIgniter->handleRequest(null, Object(Config\Cache), false)
 5 FCPATH\index.php(79): CodeIgniter\CodeIgniter->run()
INFO - 2024-02-12 16:54:43 --> Session: Class initialized using 'CodeIgniter\Session\Handlers\FileHandler' driver.
CRITICAL - 2024-02-12 16:54:43 --> Undefined variable $firstName
in APPPATH\Views\ActualizarUser.php on line 110.
 1 APPPATH\Views\ActualizarUser.php(110): CodeIgniter\Debug\Exceptions->errorHandler(2, 'Undefined variable $firstName', 'C:\\xampp\\htdocs\\quiz\\app\\Views\\ActualizarUser.php', 110)
 2 SYSTEMPATH\View\View.php(228): include('C:\\xampp\\htdocs\\quiz\\app\\Views\\ActualizarUser.php')
 3 SYSTEMPATH\View\View.php(231): CodeIgniter\View\View->CodeIgniter\View\{closure}()
 4 SYSTEMPATH\Common.php(1190): CodeIgniter\View\View->render('ActualizarUser', [], true)
 5 APPPATH\Controllers\AdminController.php(125): view('ActualizarUser', [...])
 6 SYSTEMPATH\CodeIgniter.php(942): App\Controllers\AdminController->obtenerUserNameUser('2031126001')
 7 SYSTEMPATH\CodeIgniter.php(502): CodeIgniter\CodeIgniter->runController(Object(App\Controllers\AdminController))
 8 SYSTEMPATH\CodeIgniter.php(361): CodeIgniter\CodeIgniter->handleRequest(null, Object(Config\Cache), false)
 9 FCPATH\index.php(79): CodeIgniter\CodeIgniter->run()
INFO - 2024-02-12 16:55:22 --> Session: Class initialized using 'CodeIgniter\Session\Handlers\FileHandler' driver.
INFO - 2024-02-12 16:55:25 --> Session: Class initialized using 'CodeIgniter\Session\Handlers\FileHandler' driver.
CRITICAL - 2024-02-12 16:55:25 --> Undefined array key 0
in APPPATH\Views\ActualizarUser.php on line 2.
 1 APPPATH\Views\ActualizarUser.php(2): CodeIgniter\Debug\Exceptions->errorHandler(2, 'Undefined array key 0', 'C:\\xampp\\htdocs\\quiz\\app\\Views\\ActualizarUser.php', 2)
 2 SYSTEMPATH\View\View.php(228): include('C:\\xampp\\htdocs\\quiz\\app\\Views\\ActualizarUser.php')
 3 SYSTEMPATH\View\View.php(231): CodeIgniter\View\View->CodeIgniter\View\{closure}()
 4 SYSTEMPATH\Common.php(1190): CodeIgniter\View\View->render('ActualizarUser', [], true)
 5 APPPATH\Controllers\AdminController.php(125): view('ActualizarUser', [...])
 6 SYSTEMPATH\CodeIgniter.php(942): App\Controllers\AdminController->obtenerUserNameUser('resources', 'css', 'styleTemplate.css')
 7 SYSTEMPATH\CodeIgniter.php(502): CodeIgniter\CodeIgniter->runController(Object(App\Controllers\AdminController))
 8 SYSTEMPATH\CodeIgniter.php(361): CodeIgniter\CodeIgniter->handleRequest(null, Object(Config\Cache), false)
 9 FCPATH\index.php(79): CodeIgniter\CodeIgniter->run()
INFO - 2024-02-12 16:55:34 --> Session: Class initialized using 'CodeIgniter\Session\Handlers\FileHandler' driver.
INFO - 2024-02-12 16:55:40 --> Session: Class initialized using 'CodeIgniter\Session\Handlers\FileHandler' driver.
INFO - 2024-02-12 16:55:43 --> Session: Class initialized using 'CodeIgniter\Session\Handlers\FileHandler' driver.
CRITICAL - 2024-02-12 16:55:43 --> Undefined array key 0
in APPPATH\Views\ActualizarUser.php on line 2.
 1 APPPATH\Views\ActualizarUser.php(2): CodeIgniter\Debug\Exceptions->errorHandler(2, 'Undefined array key 0', 'C:\\xampp\\htdocs\\quiz\\app\\Views\\ActualizarUser.php', 2)
 2 SYSTEMPATH\View\View.php(228): include('C:\\xampp\\htdocs\\quiz\\app\\Views\\ActualizarUser.php')
 3 SYSTEMPATH\View\View.php(231): CodeIgniter\View\View->CodeIgniter\View\{closure}()
 4 SYSTEMPATH\Common.php(1190): CodeIgniter\View\View->render('ActualizarUser', [], true)
 5 APPPATH\Controllers\AdminController.php(125): view('ActualizarUser', [...])
 6 SYSTEMPATH\CodeIgniter.php(942): App\Controllers\AdminController->obtenerUserNameUser('resources', 'css', 'styleTemplate.css')
 7 SYSTEMPATH\CodeIgniter.php(502): CodeIgniter\CodeIgniter->runController(Object(App\Controllers\AdminController))
 8 SYSTEMPATH\CodeIgniter.php(361): CodeIgniter\CodeIgniter->handleRequest(null, Object(Config\Cache), false)
 9 FCPATH\index.php(79): CodeIgniter\CodeIgniter->run()
INFO - 2024-02-12 16:55:57 --> Session: Class initialized using 'CodeIgniter\Session\Handlers\FileHandler' driver.
INFO - 2024-02-12 16:56:19 --> Session: Class initialized using 'CodeIgniter\Session\Handlers\FileHandler' driver.
INFO - 2024-02-12 16:56:21 --> Session: Class initialized using 'CodeIgniter\Session\Handlers\FileHandler' driver.
CRITICAL - 2024-02-12 16:56:21 --> Undefined array key 0
in APPPATH\Views\ActualizarUser.php on line 2.
 1 APPPATH\Views\ActualizarUser.php(2): CodeIgniter\Debug\Exceptions->errorHandler(2, 'Undefined array key 0', 'C:\\xampp\\htdocs\\quiz\\app\\Views\\ActualizarUser.php', 2)
 2 SYSTEMPATH\View\View.php(228): include('C:\\xampp\\htdocs\\quiz\\app\\Views\\ActualizarUser.php')
 3 SYSTEMPATH\View\View.php(231): CodeIgniter\View\View->CodeIgniter\View\{closure}()
 4 SYSTEMPATH\Common.php(1190): CodeIgniter\View\View->render('ActualizarUser', [], true)
 5 APPPATH\Controllers\AdminController.php(125): view('ActualizarUser', [...])
 6 SYSTEMPATH\CodeIgniter.php(942): App\Controllers\AdminController->obtenerUserNameUser('resources', 'css', 'styleTemplate.css')
 7 SYSTEMPATH\CodeIgniter.php(502): CodeIgniter\CodeIgniter->runController(Object(App\Controllers\AdminController))
 8 SYSTEMPATH\CodeIgniter.php(361): CodeIgniter\CodeIgniter->handleRequest(null, Object(Config\Cache), false)
 9 FCPATH\index.php(79): CodeIgniter\CodeIgniter->run()
INFO - 2024-02-12 16:56:37 --> Session: Class initialized using 'CodeIgniter\Session\Handlers\FileHandler' driver.
INFO - 2024-02-12 17:07:45 --> Session: Class initialized using 'CodeIgniter\Session\Handlers\FileHandler' driver.
INFO - 2024-02-12 17:07:47 --> Session: Class initialized using 'CodeIgniter\Session\Handlers\FileHandler' driver.
CRITICAL - 2024-02-12 17:07:47 --> Undefined array key 0
in APPPATH\Views\ActualizarUser.php on line 2.
 1 APPPATH\Views\ActualizarUser.php(2): CodeIgniter\Debug\Exceptions->errorHandler(2, 'Undefined array key 0', 'C:\\xampp\\htdocs\\quiz\\app\\Views\\ActualizarUser.php', 2)
 2 SYSTEMPATH\View\View.php(228): include('C:\\xampp\\htdocs\\quiz\\app\\Views\\ActualizarUser.php')
 3 SYSTEMPATH\View\View.php(231): CodeIgniter\View\View->CodeIgniter\View\{closure}()
 4 SYSTEMPATH\Common.php(1190): CodeIgniter\View\View->render('ActualizarUser', [], true)
 5 APPPATH\Controllers\AdminController.php(125): view('ActualizarUser', [...])
 6 SYSTEMPATH\CodeIgniter.php(942): App\Controllers\AdminController->obtenerUserNameUser('resources', 'css', 'styleTemplate.css')
 7 SYSTEMPATH\CodeIgniter.php(502): CodeIgniter\CodeIgniter->runController(Object(App\Controllers\AdminController))
 8 SYSTEMPATH\CodeIgniter.php(361): CodeIgniter\CodeIgniter->handleRequest(null, Object(Config\Cache), false)
 9 FCPATH\index.php(79): CodeIgniter\CodeIgniter->run()
INFO - 2024-02-12 17:08:08 --> Session: Class initialized using 'CodeIgniter\Session\Handlers\FileHandler' driver.
INFO - 2024-02-12 17:25:06 --> Session: Class initialized using 'CodeIgniter\Session\Handlers\FileHandler' driver.
INFO - 2024-02-12 18:43:05 --> Session: Class initialized using 'CodeIgniter\Session\Handlers\FileHandler' driver.
INFO - 2024-02-12 18:43:12 --> Session: Class initialized using 'CodeIgniter\Session\Handlers\FileHandler' driver.
CRITICAL - 2024-02-12 18:43:12 --> Attempt to read property "pkUser" on string
in APPPATH\Views\AdminView.php on line 139.
 1 APPPATH\Views\AdminView.php(139): CodeIgniter\Debug\Exceptions->errorHandler(2, 'Attempt to read property "pkUser" on string', 'C:\\xampp\\htdocs\\quiz\\app\\Views\\AdminView.php', 139)
 2 SYSTEMPATH\View\View.php(228): include('C:\\xampp\\htdocs\\quiz\\app\\Views\\AdminView.php')
 3 SYSTEMPATH\View\View.php(231): CodeIgniter\View\View->CodeIgniter\View\{closure}()
 4 SYSTEMPATH\Common.php(1190): CodeIgniter\View\View->render('AdminView', [], true)
 5 APPPATH\Controllers\AdminController.php(123): view('AdminView', [...])
 6 SYSTEMPATH\CodeIgniter.php(942): App\Controllers\AdminController->obtenerUserNameUser('2031126058')
 7 SYSTEMPATH\CodeIgniter.php(502): CodeIgniter\CodeIgniter->runController(Object(App\Controllers\AdminController))
 8 SYSTEMPATH\CodeIgniter.php(361): CodeIgniter\CodeIgniter->handleRequest(null, Object(Config\Cache), false)
 9 FCPATH\index.php(79): CodeIgniter\CodeIgniter->run()
INFO - 2024-02-12 19:40:21 --> Session: Class initialized using 'CodeIgniter\Session\Handlers\FileHandler' driver.
INFO - 2024-02-12 19:40:28 --> Session: Class initialized using 'CodeIgniter\Session\Handlers\FileHandler' driver.
CRITICAL - 2024-02-12 19:40:28 --> Attempt to read property "pkUser" on string
in APPPATH\Views\AdminView.php on line 139.
 1 APPPATH\Views\AdminView.php(139): CodeIgniter\Debug\Exceptions->errorHandler(2, 'Attempt to read property "pkUser" on string', 'C:\\xampp\\htdocs\\quiz\\app\\Views\\AdminView.php', 139)
 2 SYSTEMPATH\View\View.php(228): include('C:\\xampp\\htdocs\\quiz\\app\\Views\\AdminView.php')
 3 SYSTEMPATH\View\View.php(231): CodeIgniter\View\View->CodeIgniter\View\{closure}()
 4 SYSTEMPATH\Common.php(1190): CodeIgniter\View\View->render('AdminView', [], true)
 5 APPPATH\Controllers\AdminController.php(123): view('AdminView', [...])
 6 SYSTEMPATH\CodeIgniter.php(942): App\Controllers\AdminController->obtenerUserNameUser('2031126001')
 7 SYSTEMPATH\CodeIgniter.php(502): CodeIgniter\CodeIgniter->runController(Object(App\Controllers\AdminController))
 8 SYSTEMPATH\CodeIgniter.php(361): CodeIgniter\CodeIgniter->handleRequest(null, Object(Config\Cache), false)
 9 FCPATH\index.php(79): CodeIgniter\CodeIgniter->run()
INFO - 2024-02-12 19:40:40 --> Session: Class initialized using 'CodeIgniter\Session\Handlers\FileHandler' driver.
CRITICAL - 2024-02-12 19:40:54 --> Undefined array key 0
in APPPATH\Views\ActualizarPerson.php on line 2.
 1 APPPATH\Views\ActualizarPerson.php(2): CodeIgniter\Debug\Exceptions->errorHandler(2, 'Undefined array key 0', 'C:\\xampp\\htdocs\\quiz\\app\\Views\\ActualizarPerson.php', 2)
 2 SYSTEMPATH\View\View.php(228): include('C:\\xampp\\htdocs\\quiz\\app\\Views\\ActualizarPerson.php')
 3 SYSTEMPATH\View\View.php(231): CodeIgniter\View\View->CodeIgniter\View\{closure}()
 4 SYSTEMPATH\Common.php(1190): CodeIgniter\View\View->render('ActualizarPerson', [], true)
 5 APPPATH\Controllers\PersonController.php(93): view('ActualizarPerson', [...])
 6 SYSTEMPATH\CodeIgniter.php(942): App\Controllers\PersonController->obtenerUserName('resources', 'css', 'styleTemplate.css')
 7 SYSTEMPATH\CodeIgniter.php(502): CodeIgniter\CodeIgniter->runController(Object(App\Controllers\PersonController))
 8 SYSTEMPATH\CodeIgniter.php(361): CodeIgniter\CodeIgniter->handleRequest(null, Object(Config\Cache), false)
 9 FCPATH\index.php(79): CodeIgniter\CodeIgniter->run()
CRITICAL - 2024-02-12 19:41:36 --> Undefined array key 0
in APPPATH\Views\ActualizarPerson.php on line 2.
 1 APPPATH\Views\ActualizarPerson.php(2): CodeIgniter\Debug\Exceptions->errorHandler(2, 'Undefined array key 0', 'C:\\xampp\\htdocs\\quiz\\app\\Views\\ActualizarPerson.php', 2)
 2 SYSTEMPATH\View\View.php(228): include('C:\\xampp\\htdocs\\quiz\\app\\Views\\ActualizarPerson.php')
 3 SYSTEMPATH\View\View.php(231): CodeIgniter\View\View->CodeIgniter\View\{closure}()
 4 SYSTEMPATH\Common.php(1190): CodeIgniter\View\View->render('ActualizarPerson', [], true)
 5 APPPATH\Controllers\PersonController.php(93): view('ActualizarPerson', [...])
 6 SYSTEMPATH\CodeIgniter.php(942): App\Controllers\PersonController->obtenerUserName('resources', 'css', 'styleTemplate.css')
 7 SYSTEMPATH\CodeIgniter.php(502): CodeIgniter\CodeIgniter->runController(Object(App\Controllers\PersonController))
 8 SYSTEMPATH\CodeIgniter.php(361): CodeIgniter\CodeIgniter->handleRequest(null, Object(Config\Cache), false)
 9 FCPATH\index.php(79): CodeIgniter\CodeIgniter->run()
INFO - 2024-02-12 19:41:42 --> Session: Class initialized using 'CodeIgniter\Session\Handlers\FileHandler' driver.
INFO - 2024-02-12 19:42:42 --> Session: Class initialized using 'CodeIgniter\Session\Handlers\FileHandler' driver.
CRITICAL - 2024-02-12 19:42:42 --> Attempt to read property "pkUser" on string
in APPPATH\Views\AdminView.php on line 139.
 1 APPPATH\Views\AdminView.php(139): CodeIgniter\Debug\Exceptions->errorHandler(2, 'Attempt to read property "pkUser" on string', 'C:\\xampp\\htdocs\\quiz\\app\\Views\\AdminView.php', 139)
 2 SYSTEMPATH\View\View.php(228): include('C:\\xampp\\htdocs\\quiz\\app\\Views\\AdminView.php')
 3 SYSTEMPATH\View\View.php(231): CodeIgniter\View\View->CodeIgniter\View\{closure}()
 4 SYSTEMPATH\Common.php(1190): CodeIgniter\View\View->render('AdminView', [], true)
 5 APPPATH\Controllers\AdminController.php(123): view('AdminView', [...])
 6 SYSTEMPATH\CodeIgniter.php(942): App\Controllers\AdminController->obtenerUserNameUser('2031126058')
 7 SYSTEMPATH\CodeIgniter.php(502): CodeIgniter\CodeIgniter->runController(Object(App\Controllers\AdminController))
 8 SYSTEMPATH\CodeIgniter.php(361): CodeIgniter\CodeIgniter->handleRequest(null, Object(Config\Cache), false)
 9 FCPATH\index.php(79): CodeIgniter\CodeIgniter->run()
INFO - 2024-02-12 19:47:35 --> Session: Class initialized using 'CodeIgniter\Session\Handlers\FileHandler' driver.
CRITICAL - 2024-02-12 19:47:35 --> Attempt to read property "pkUser" on string
in APPPATH\Views\AdminView.php on line 139.
 1 APPPATH\Views\AdminView.php(139): CodeIgniter\Debug\Exceptions->errorHandler(2, 'Attempt to read property "pkUser" on string', 'C:\\xampp\\htdocs\\quiz\\app\\Views\\AdminView.php', 139)
 2 SYSTEMPATH\View\View.php(228): include('C:\\xampp\\htdocs\\quiz\\app\\Views\\AdminView.php')
 3 SYSTEMPATH\View\View.php(231): CodeIgniter\View\View->CodeIgniter\View\{closure}()
 4 SYSTEMPATH\Common.php(1190): CodeIgniter\View\View->render('AdminView', [], true)
 5 APPPATH\Controllers\AdminController.php(124): view('AdminView', [...])
 6 SYSTEMPATH\CodeIgniter.php(942): App\Controllers\AdminController->obtenerUserNameUser('2031126058')
 7 SYSTEMPATH\CodeIgniter.php(502): CodeIgniter\CodeIgniter->runController(Object(App\Controllers\AdminController))
 8 SYSTEMPATH\CodeIgniter.php(361): CodeIgniter\CodeIgniter->handleRequest(null, Object(Config\Cache), false)
 9 FCPATH\index.php(79): CodeIgniter\CodeIgniter->run()
INFO - 2024-02-12 19:53:16 --> Session: Class initialized using 'CodeIgniter\Session\Handlers\FileHandler' driver.
CRITICAL - 2024-02-12 19:53:17 --> Undefined variable $datos
in APPPATH\Controllers\AdminController.php on line 106.
 1 APPPATH\Controllers\AdminController.php(106): CodeIgniter\Debug\Exceptions->errorHandler(2, 'Undefined variable $datos', 'C:\\xampp\\htdocs\\quiz\\app\\Controllers\\AdminController.php', 106)
 2 SYSTEMPATH\CodeIgniter.php(942): App\Controllers\AdminController->obtenerUserNameUser('2031126058')
 3 SYSTEMPATH\CodeIgniter.php(502): CodeIgniter\CodeIgniter->runController(Object(App\Controllers\AdminController))
 4 SYSTEMPATH\CodeIgniter.php(361): CodeIgniter\CodeIgniter->handleRequest(null, Object(Config\Cache), false)
 5 FCPATH\index.php(79): CodeIgniter\CodeIgniter->run()
INFO - 2024-02-12 19:54:24 --> Session: Class initialized using 'CodeIgniter\Session\Handlers\FileHandler' driver.
CRITICAL - 2024-02-12 19:54:24 --> Attempt to read property "pkUser" on array
in APPPATH\Views\AdminView.php on line 139.
 1 APPPATH\Views\AdminView.php(139): CodeIgniter\Debug\Exceptions->errorHandler(2, 'Attempt to read property "pkUser" on array', 'C:\\xampp\\htdocs\\quiz\\app\\Views\\AdminView.php', 139)
 2 SYSTEMPATH\View\View.php(228): include('C:\\xampp\\htdocs\\quiz\\app\\Views\\AdminView.php')
 3 SYSTEMPATH\View\View.php(231): CodeIgniter\View\View->CodeIgniter\View\{closure}()
 4 SYSTEMPATH\Common.php(1190): CodeIgniter\View\View->render('AdminView', [], true)
 5 APPPATH\Controllers\AdminController.php(123): view('AdminView', [...])
 6 SYSTEMPATH\CodeIgniter.php(942): App\Controllers\AdminController->obtenerUserNameUser('2031126058')
 7 SYSTEMPATH\CodeIgniter.php(502): CodeIgniter\CodeIgniter->runController(Object(App\Controllers\AdminController))
 8 SYSTEMPATH\CodeIgniter.php(361): CodeIgniter\CodeIgniter->handleRequest(null, Object(Config\Cache), false)
 9 FCPATH\index.php(79): CodeIgniter\CodeIgniter->run()
INFO - 2024-02-12 20:04:51 --> Session: Class initialized using 'CodeIgniter\Session\Handlers\FileHandler' driver.
CRITICAL - 2024-02-12 20:04:51 --> Attempt to read property "pkUser" on string
in APPPATH\Views\AdminView.php on line 139.
 1 APPPATH\Views\AdminView.php(139): CodeIgniter\Debug\Exceptions->errorHandler(2, 'Attempt to read property "pkUser" on string', 'C:\\xampp\\htdocs\\quiz\\app\\Views\\AdminView.php', 139)
 2 SYSTEMPATH\View\View.php(228): include('C:\\xampp\\htdocs\\quiz\\app\\Views\\AdminView.php')
 3 SYSTEMPATH\View\View.php(231): CodeIgniter\View\View->CodeIgniter\View\{closure}()
 4 SYSTEMPATH\Common.php(1190): CodeIgniter\View\View->render('AdminView', [], true)
 5 APPPATH\Controllers\AdminController.php(120): view('AdminView', [...])
 6 SYSTEMPATH\CodeIgniter.php(942): App\Controllers\AdminController->obtenerUserNameUser('2031126058')
 7 SYSTEMPATH\CodeIgniter.php(502): CodeIgniter\CodeIgniter->runController(Object(App\Controllers\AdminController))
 8 SYSTEMPATH\CodeIgniter.php(361): CodeIgniter\CodeIgniter->handleRequest(null, Object(Config\Cache), false)
 9 FCPATH\index.php(79): CodeIgniter\CodeIgniter->run()
INFO - 2024-02-12 20:04:55 --> Session: Class initialized using 'CodeIgniter\Session\Handlers\FileHandler' driver.
CRITICAL - 2024-02-12 20:04:55 --> Attempt to read property "pkUser" on string
in APPPATH\Views\AdminView.php on line 139.
 1 APPPATH\Views\AdminView.php(139): CodeIgniter\Debug\Exceptions->errorHandler(2, 'Attempt to read property "pkUser" on string', 'C:\\xampp\\htdocs\\quiz\\app\\Views\\AdminView.php', 139)
 2 SYSTEMPATH\View\View.php(228): include('C:\\xampp\\htdocs\\quiz\\app\\Views\\AdminView.php')
 3 SYSTEMPATH\View\View.php(231): CodeIgniter\View\View->CodeIgniter\View\{closure}()
 4 SYSTEMPATH\Common.php(1190): CodeIgniter\View\View->render('AdminView', [], true)
 5 APPPATH\Controllers\AdminController.php(120): view('AdminView', [...])
 6 SYSTEMPATH\CodeIgniter.php(942): App\Controllers\AdminController->obtenerUserNameUser('2031126058')
 7 SYSTEMPATH\CodeIgniter.php(502): CodeIgniter\CodeIgniter->runController(Object(App\Controllers\AdminController))
 8 SYSTEMPATH\CodeIgniter.php(361): CodeIgniter\CodeIgniter->handleRequest(null, Object(Config\Cache), false)
 9 FCPATH\index.php(79): CodeIgniter\CodeIgniter->run()
INFO - 2024-02-12 20:08:51 --> Session: Class initialized using 'CodeIgniter\Session\Handlers\FileHandler' driver.
CRITICAL - 2024-02-12 20:08:52 --> Attempt to read property "pkUser" on string
in APPPATH\Views\AdminView.php on line 139.
 1 APPPATH\Views\AdminView.php(139): CodeIgniter\Debug\Exceptions->errorHandler(2, 'Attempt to read property "pkUser" on string', 'C:\\xampp\\htdocs\\quiz\\app\\Views\\AdminView.php', 139)
 2 SYSTEMPATH\View\View.php(228): include('C:\\xampp\\htdocs\\quiz\\app\\Views\\AdminView.php')
 3 SYSTEMPATH\View\View.php(231): CodeIgniter\View\View->CodeIgniter\View\{closure}()
 4 SYSTEMPATH\Common.php(1190): CodeIgniter\View\View->render('AdminView', [], true)
 5 APPPATH\Controllers\AdminController.php(120): view('AdminView', [...])
 6 SYSTEMPATH\CodeIgniter.php(942): App\Controllers\AdminController->obtenerUserNameUser('2031126058')
 7 SYSTEMPATH\CodeIgniter.php(502): CodeIgniter\CodeIgniter->runController(Object(App\Controllers\AdminController))
 8 SYSTEMPATH\CodeIgniter.php(361): CodeIgniter\CodeIgniter->handleRequest(null, Object(Config\Cache), false)
 9 FCPATH\index.php(79): CodeIgniter\CodeIgniter->run()
INFO - 2024-02-12 20:11:50 --> Session: Class initialized using 'CodeIgniter\Session\Handlers\FileHandler' driver.
CRITICAL - 2024-02-12 20:11:50 --> Attempt to read property "pkUser" on array
in APPPATH\Views\AdminView.php on line 139.
 1 APPPATH\Views\AdminView.php(139): CodeIgniter\Debug\Exceptions->errorHandler(2, 'Attempt to read property "pkUser" on array', 'C:\\xampp\\htdocs\\quiz\\app\\Views\\AdminView.php', 139)
 2 SYSTEMPATH\View\View.php(228): include('C:\\xampp\\htdocs\\quiz\\app\\Views\\AdminView.php')
 3 SYSTEMPATH\View\View.php(231): CodeIgniter\View\View->CodeIgniter\View\{closure}()
 4 SYSTEMPATH\Common.php(1190): CodeIgniter\View\View->render('AdminView', [], true)
 5 APPPATH\Controllers\AdminController.php(120): view('AdminView', [...])
 6 SYSTEMPATH\CodeIgniter.php(942): App\Controllers\AdminController->obtenerUserNameUser('2031126058')
 7 SYSTEMPATH\CodeIgniter.php(502): CodeIgniter\CodeIgniter->runController(Object(App\Controllers\AdminController))
 8 SYSTEMPATH\CodeIgniter.php(361): CodeIgniter\CodeIgniter->handleRequest(null, Object(Config\Cache), false)
 9 FCPATH\index.php(79): CodeIgniter\CodeIgniter->run()
INFO - 2024-02-12 20:17:53 --> Session: Class initialized using 'CodeIgniter\Session\Handlers\FileHandler' driver.
CRITICAL - 2024-02-12 20:17:53 --> Attempt to read property "pkUser" on array
in APPPATH\Views\AdminView.php on line 139.
 1 APPPATH\Views\AdminView.php(139): CodeIgniter\Debug\Exceptions->errorHandler(2, 'Attempt to read property "pkUser" on array', 'C:\\xampp\\htdocs\\quiz\\app\\Views\\AdminView.php', 139)
 2 SYSTEMPATH\View\View.php(228): include('C:\\xampp\\htdocs\\quiz\\app\\Views\\AdminView.php')
 3 SYSTEMPATH\View\View.php(231): CodeIgniter\View\View->CodeIgniter\View\{closure}()
 4 SYSTEMPATH\Common.php(1190): CodeIgniter\View\View->render('AdminView', [], true)
 5 APPPATH\Controllers\AdminController.php(120): view('AdminView', [...])
 6 SYSTEMPATH\CodeIgniter.php(942): App\Controllers\AdminController->obtenerUserNameUser('2031126058')
 7 SYSTEMPATH\CodeIgniter.php(502): CodeIgniter\CodeIgniter->runController(Object(App\Controllers\AdminController))
 8 SYSTEMPATH\CodeIgniter.php(361): CodeIgniter\CodeIgniter->handleRequest(null, Object(Config\Cache), false)
 9 FCPATH\index.php(79): CodeIgniter\CodeIgniter->run()
INFO - 2024-02-12 20:22:40 --> Session: Class initialized using 'CodeIgniter\Session\Handlers\FileHandler' driver.
CRITICAL - 2024-02-12 20:22:40 --> Attempt to read property "pkUser" on string
in APPPATH\Views\AdminView.php on line 139.
 1 APPPATH\Views\AdminView.php(139): CodeIgniter\Debug\Exceptions->errorHandler(2, 'Attempt to read property "pkUser" on string', 'C:\\xampp\\htdocs\\quiz\\app\\Views\\AdminView.php', 139)
 2 SYSTEMPATH\View\View.php(228): include('C:\\xampp\\htdocs\\quiz\\app\\Views\\AdminView.php')
 3 SYSTEMPATH\View\View.php(231): CodeIgniter\View\View->CodeIgniter\View\{closure}()
 4 SYSTEMPATH\Common.php(1190): CodeIgniter\View\View->render('AdminView', [], true)
 5 APPPATH\Controllers\AdminController.php(120): view('AdminView', [...])
 6 SYSTEMPATH\CodeIgniter.php(942): App\Controllers\AdminController->obtenerUserNameUser('2031126058')
 7 SYSTEMPATH\CodeIgniter.php(502): CodeIgniter\CodeIgniter->runController(Object(App\Controllers\AdminController))
 8 SYSTEMPATH\CodeIgniter.php(361): CodeIgniter\CodeIgniter->handleRequest(null, Object(Config\Cache), false)
 9 FCPATH\index.php(79): CodeIgniter\CodeIgniter->run()
INFO - 2024-02-12 20:24:09 --> Session: Class initialized using 'CodeIgniter\Session\Handlers\FileHandler' driver.
CRITICAL - 2024-02-12 20:24:09 --> Attempt to read property "pkUser" on array
in APPPATH\Views\AdminView.php on line 139.
 1 APPPATH\Views\AdminView.php(139): CodeIgniter\Debug\Exceptions->errorHandler(2, 'Attempt to read property "pkUser" on array', 'C:\\xampp\\htdocs\\quiz\\app\\Views\\AdminView.php', 139)
 2 SYSTEMPATH\View\View.php(228): include('C:\\xampp\\htdocs\\quiz\\app\\Views\\AdminView.php')
 3 SYSTEMPATH\View\View.php(231): CodeIgniter\View\View->CodeIgniter\View\{closure}()
 4 SYSTEMPATH\Common.php(1190): CodeIgniter\View\View->render('AdminView', [], true)
 5 APPPATH\Controllers\AdminController.php(120): view('AdminView', [...])
 6 SYSTEMPATH\CodeIgniter.php(942): App\Controllers\AdminController->obtenerUserNameUser('2031126058')
 7 SYSTEMPATH\CodeIgniter.php(502): CodeIgniter\CodeIgniter->runController(Object(App\Controllers\AdminController))
 8 SYSTEMPATH\CodeIgniter.php(361): CodeIgniter\CodeIgniter->handleRequest(null, Object(Config\Cache), false)
 9 FCPATH\index.php(79): CodeIgniter\CodeIgniter->run()
INFO - 2024-02-12 20:35:23 --> Session: Class initialized using 'CodeIgniter\Session\Handlers\FileHandler' driver.
INFO - 2024-02-12 20:35:25 --> Session: Class initialized using 'CodeIgniter\Session\Handlers\FileHandler' driver.
INFO - 2024-02-12 20:35:40 --> Session: Class initialized using 'CodeIgniter\Session\Handlers\FileHandler' driver.
CRITICAL - 2024-02-12 20:35:40 --> Cannot use object of type stdClass as array
in APPPATH\Views\AdminView.php on line 139.
 1 SYSTEMPATH\View\View.php(228): include()
 2 SYSTEMPATH\View\View.php(231): CodeIgniter\View\View->CodeIgniter\View\{closure}()
 3 SYSTEMPATH\Common.php(1190): CodeIgniter\View\View->render('AdminView', [], true)
 4 APPPATH\Controllers\AdminController.php(38): view('AdminView', [...])
 5 SYSTEMPATH\CodeIgniter.php(942): App\Controllers\AdminController->index()
 6 SYSTEMPATH\CodeIgniter.php(502): CodeIgniter\CodeIgniter->runController(Object(App\Controllers\AdminController))
 7 SYSTEMPATH\CodeIgniter.php(361): CodeIgniter\CodeIgniter->handleRequest(null, Object(Config\Cache), false)
 8 FCPATH\index.php(79): CodeIgniter\CodeIgniter->run()
INFO - 2024-02-12 20:36:09 --> Session: Class initialized using 'CodeIgniter\Session\Handlers\FileHandler' driver.
INFO - 2024-02-12 20:36:17 --> Session: Class initialized using 'CodeIgniter\Session\Handlers\FileHandler' driver.
CRITICAL - 2024-02-12 20:36:17 --> Attempt to read property "pkUser" on array
in APPPATH\Views\AdminView.php on line 139.
 1 APPPATH\Views\AdminView.php(139): CodeIgniter\Debug\Exceptions->errorHandler(2, 'Attempt to read property "pkUser" on array', 'C:\\xampp\\htdocs\\quiz\\app\\Views\\AdminView.php', 139)
 2 SYSTEMPATH\View\View.php(228): include('C:\\xampp\\htdocs\\quiz\\app\\Views\\AdminView.php')
 3 SYSTEMPATH\View\View.php(231): CodeIgniter\View\View->CodeIgniter\View\{closure}()
 4 SYSTEMPATH\Common.php(1190): CodeIgniter\View\View->render('AdminView', [], true)
 5 APPPATH\Controllers\AdminController.php(120): view('AdminView', [...])
 6 SYSTEMPATH\CodeIgniter.php(942): App\Controllers\AdminController->obtenerUserNameUser('2031126058')
 7 SYSTEMPATH\CodeIgniter.php(502): CodeIgniter\CodeIgniter->runController(Object(App\Controllers\AdminController))
 8 SYSTEMPATH\CodeIgniter.php(361): CodeIgniter\CodeIgniter->handleRequest(null, Object(Config\Cache), false)
 9 FCPATH\index.php(79): CodeIgniter\CodeIgniter->run()
INFO - 2024-02-12 20:37:02 --> Session: Class initialized using 'CodeIgniter\Session\Handlers\FileHandler' driver.
INFO - 2024-02-12 20:37:06 --> Session: Class initialized using 'CodeIgniter\Session\Handlers\FileHandler' driver.
INFO - 2024-02-12 20:37:11 --> Session: Class initialized using 'CodeIgniter\Session\Handlers\FileHandler' driver.
INFO - 2024-02-12 20:37:14 --> Session: Class initialized using 'CodeIgniter\Session\Handlers\FileHandler' driver.
CRITICAL - 2024-02-12 20:37:14 --> Undefined array key 0
in APPPATH\Views\ActualizarUser.php on line 2.
 1 APPPATH\Views\ActualizarUser.php(2): CodeIgniter\Debug\Exceptions->errorHandler(2, 'Undefined array key 0', 'C:\\xampp\\htdocs\\quiz\\app\\Views\\ActualizarUser.php', 2)
 2 SYSTEMPATH\View\View.php(228): include('C:\\xampp\\htdocs\\quiz\\app\\Views\\ActualizarUser.php')
 3 SYSTEMPATH\View\View.php(231): CodeIgniter\View\View->CodeIgniter\View\{closure}()
 4 SYSTEMPATH\Common.php(1190): CodeIgniter\View\View->render('ActualizarUser', [], true)
 5 APPPATH\Controllers\AdminController.php(125): view('ActualizarUser', [...])
 6 SYSTEMPATH\CodeIgniter.php(942): App\Controllers\AdminController->obtenerUserNameUser('resources', 'css', 'styleTemplate.css')
 7 SYSTEMPATH\CodeIgniter.php(502): CodeIgniter\CodeIgniter->runController(Object(App\Controllers\AdminController))
 8 SYSTEMPATH\CodeIgniter.php(361): CodeIgniter\CodeIgniter->handleRequest(null, Object(Config\Cache), false)
 9 FCPATH\index.php(79): CodeIgniter\CodeIgniter->run()
INFO - 2024-02-12 20:37:27 --> Session: Class initialized using 'CodeIgniter\Session\Handlers\FileHandler' driver.
INFO - 2024-02-12 20:49:50 --> Session: Class initialized using 'CodeIgniter\Session\Handlers\FileHandler' driver.
INFO - 2024-02-12 20:49:51 --> Session: Class initialized using 'CodeIgniter\Session\Handlers\FileHandler' driver.
INFO - 2024-02-12 20:50:39 --> Session: Class initialized using 'CodeIgniter\Session\Handlers\FileHandler' driver.
INFO - 2024-02-12 20:51:23 --> Session: Class initialized using 'CodeIgniter\Session\Handlers\FileHandler' driver.
INFO - 2024-02-12 21:05:51 --> Session: Class initialized using 'CodeIgniter\Session\Handlers\FileHandler' driver.
INFO - 2024-02-12 21:13:52 --> Session: Class initialized using 'CodeIgniter\Session\Handlers\FileHandler' driver.
