INFO - 2024-03-14 16:09:52 --> Session: Class initialized using 'CodeIgniter\Session\Handlers\FileHandler' driver.
INFO - 2024-03-14 16:10:23 --> Session: Class initialized using 'CodeIgniter\Session\Handlers\FileHandler' driver.
INFO - 2024-03-14 16:10:26 --> Session: Class initialized using 'CodeIgniter\Session\Handlers\FileHandler' driver.
INFO - 2024-03-14 16:10:44 --> Session: Class initialized using 'CodeIgniter\Session\Handlers\FileHandler' driver.
CRITICAL - 2024-03-14 16:10:44 --> Class "Illuminate\Support\Facades\Facade" not found
in FCPATH\vendor\simplesoftwareio\simple-qrcode\src\Facades\QrCode.php on line 8.
 1 SYSTEMPATH\Autoloader\Autoloader.php(312): include_once()
 2 SYSTEMPATH\Autoloader\Autoloader.php(256): CodeIgniter\Autoloader\Autoloader->includeFile('C:\\xampp\\htdocs\\quiz\\vendor\\composer/../simplesoftwareio/simple-qrcode/src/Facades/QrCode.php')
 3 APPPATH\Controllers\AdminController.php(45): CodeIgniter\Autoloader\Autoloader->loadClassmap('SimpleSoftwareIO\\QrCode\\Facades\\QrCode')
 4 SYSTEMPATH\CodeIgniter.php(942): App\Controllers\AdminController->generarQR()
 5 SYSTEMPATH\CodeIgniter.php(502): CodeIgniter\CodeIgniter->runController(Object(App\Controllers\AdminController))
 6 SYSTEMPATH\CodeIgniter.php(361): CodeIgniter\CodeIgniter->handleRequest(null, Object(Config\Cache), false)
 7 FCPATH\index.php(79): CodeIgniter\CodeIgniter->run()
INFO - 2024-03-14 16:11:21 --> Session: Class initialized using 'CodeIgniter\Session\Handlers\FileHandler' driver.
CRITICAL - 2024-03-14 16:11:21 --> Class "Illuminate\Support\Facades\Facade" not found
in FCPATH\vendor\simplesoftwareio\simple-qrcode\src\Facades\QrCode.php on line 8.
 1 SYSTEMPATH\Autoloader\Autoloader.php(312): include_once()
 2 SYSTEMPATH\Autoloader\Autoloader.php(256): CodeIgniter\Autoloader\Autoloader->includeFile('C:\\xampp\\htdocs\\quiz\\vendor\\composer/../simplesoftwareio/simple-qrcode/src/Facades/QrCode.php')
 3 APPPATH\Controllers\AdminController.php(45): CodeIgniter\Autoloader\Autoloader->loadClassmap('SimpleSoftwareIO\\QrCode\\Facades\\QrCode')
 4 SYSTEMPATH\CodeIgniter.php(942): App\Controllers\AdminController->generarQR()
 5 SYSTEMPATH\CodeIgniter.php(502): CodeIgniter\CodeIgniter->runController(Object(App\Controllers\AdminController))
 6 SYSTEMPATH\CodeIgniter.php(361): CodeIgniter\CodeIgniter->handleRequest(null, Object(Config\Cache), false)
 7 FCPATH\index.php(79): CodeIgniter\CodeIgniter->run()
INFO - 2024-03-14 16:16:20 --> Session: Class initialized using 'CodeIgniter\Session\Handlers\FileHandler' driver.
CRITICAL - 2024-03-14 16:16:21 --> You need to install the imagick extension to use this back end
in FCPATH\vendor\bacon\bacon-qr-code\src\Renderer\Image\ImagickImageBackEnd.php on line 64.
 1 FCPATH\vendor\simplesoftwareio\simple-qrcode\src\Generator.php(464): BaconQrCode\Renderer\Image\ImagickImageBackEnd->__construct('png')
 2 FCPATH\vendor\simplesoftwareio\simple-qrcode\src\Generator.php(440): SimpleSoftwareIO\QrCode\Generator->getFormatter()
 3 FCPATH\vendor\simplesoftwareio\simple-qrcode\src\Generator.php(171): SimpleSoftwareIO\QrCode\Generator->getRenderer()
 4 APPPATH\Controllers\AdminController.php(55): SimpleSoftwareIO\QrCode\Generator->generate('Hola mundo')
 5 SYSTEMPATH\CodeIgniter.php(942): App\Controllers\AdminController->generarQR()
 6 SYSTEMPATH\CodeIgniter.php(502): CodeIgniter\CodeIgniter->runController(Object(App\Controllers\AdminController))
 7 SYSTEMPATH\CodeIgniter.php(361): CodeIgniter\CodeIgniter->handleRequest(null, Object(Config\Cache), false)
 8 FCPATH\index.php(79): CodeIgniter\CodeIgniter->run()
INFO - 2024-03-14 16:54:50 --> Session: Class initialized using 'CodeIgniter\Session\Handlers\FileHandler' driver.
CRITICAL - 2024-03-14 16:54:50 --> You need to install the imagick extension to use this back end
in FCPATH\vendor\bacon\bacon-qr-code\src\Renderer\Image\ImagickImageBackEnd.php on line 64.
 1 FCPATH\vendor\simplesoftwareio\simple-qrcode\src\Generator.php(464): BaconQrCode\Renderer\Image\ImagickImageBackEnd->__construct('png')
 2 FCPATH\vendor\simplesoftwareio\simple-qrcode\src\Generator.php(440): SimpleSoftwareIO\QrCode\Generator->getFormatter()
 3 FCPATH\vendor\simplesoftwareio\simple-qrcode\src\Generator.php(171): SimpleSoftwareIO\QrCode\Generator->getRenderer()
 4 APPPATH\Controllers\AdminController.php(55): SimpleSoftwareIO\QrCode\Generator->generate('Hola mundo')
 5 SYSTEMPATH\CodeIgniter.php(942): App\Controllers\AdminController->generarQR()
 6 SYSTEMPATH\CodeIgniter.php(502): CodeIgniter\CodeIgniter->runController(Object(App\Controllers\AdminController))
 7 SYSTEMPATH\CodeIgniter.php(361): CodeIgniter\CodeIgniter->handleRequest(null, Object(Config\Cache), false)
 8 FCPATH\index.php(79): CodeIgniter\CodeIgniter->run()
INFO - 2024-03-14 16:55:01 --> Session: Class initialized using 'CodeIgniter\Session\Handlers\FileHandler' driver.
CRITICAL - 2024-03-14 16:55:01 --> You need to install the imagick extension to use this back end
in FCPATH\vendor\bacon\bacon-qr-code\src\Renderer\Image\ImagickImageBackEnd.php on line 64.
 1 FCPATH\vendor\simplesoftwareio\simple-qrcode\src\Generator.php(464): BaconQrCode\Renderer\Image\ImagickImageBackEnd->__construct('png')
 2 FCPATH\vendor\simplesoftwareio\simple-qrcode\src\Generator.php(440): SimpleSoftwareIO\QrCode\Generator->getFormatter()
 3 FCPATH\vendor\simplesoftwareio\simple-qrcode\src\Generator.php(171): SimpleSoftwareIO\QrCode\Generator->getRenderer()
 4 APPPATH\Controllers\AdminController.php(55): SimpleSoftwareIO\QrCode\Generator->generate('Hola mundo')
 5 SYSTEMPATH\CodeIgniter.php(942): App\Controllers\AdminController->generarQR()
 6 SYSTEMPATH\CodeIgniter.php(502): CodeIgniter\CodeIgniter->runController(Object(App\Controllers\AdminController))
 7 SYSTEMPATH\CodeIgniter.php(361): CodeIgniter\CodeIgniter->handleRequest(null, Object(Config\Cache), false)
 8 FCPATH\index.php(79): CodeIgniter\CodeIgniter->run()
INFO - 2024-03-14 16:55:37 --> Session: Class initialized using 'CodeIgniter\Session\Handlers\FileHandler' driver.
CRITICAL - 2024-03-14 16:55:37 --> You need to install the imagick extension to use this back end
in FCPATH\vendor\bacon\bacon-qr-code\src\Renderer\Image\ImagickImageBackEnd.php on line 64.
 1 FCPATH\vendor\simplesoftwareio\simple-qrcode\src\Generator.php(464): BaconQrCode\Renderer\Image\ImagickImageBackEnd->__construct('png')
 2 FCPATH\vendor\simplesoftwareio\simple-qrcode\src\Generator.php(440): SimpleSoftwareIO\QrCode\Generator->getFormatter()
 3 FCPATH\vendor\simplesoftwareio\simple-qrcode\src\Generator.php(171): SimpleSoftwareIO\QrCode\Generator->getRenderer()
 4 APPPATH\Controllers\AdminController.php(55): SimpleSoftwareIO\QrCode\Generator->generate('Hola mundo')
 5 SYSTEMPATH\CodeIgniter.php(942): App\Controllers\AdminController->generarQR()
 6 SYSTEMPATH\CodeIgniter.php(502): CodeIgniter\CodeIgniter->runController(Object(App\Controllers\AdminController))
 7 SYSTEMPATH\CodeIgniter.php(361): CodeIgniter\CodeIgniter->handleRequest(null, Object(Config\Cache), false)
 8 FCPATH\index.php(79): CodeIgniter\CodeIgniter->run()
INFO - 2024-03-14 17:50:42 --> Session: Class initialized using 'CodeIgniter\Session\Handlers\FileHandler' driver.
INFO - 2024-03-14 17:53:23 --> Session: Class initialized using 'CodeIgniter\Session\Handlers\FileHandler' driver.
INFO - 2024-03-14 17:55:49 --> Session: Class initialized using 'CodeIgniter\Session\Handlers\FileHandler' driver.
INFO - 2024-03-14 18:03:32 --> Session: Class initialized using 'CodeIgniter\Session\Handlers\FileHandler' driver.
INFO - 2024-03-14 18:03:47 --> Session: Class initialized using 'CodeIgniter\Session\Handlers\FileHandler' driver.
INFO - 2024-03-14 18:03:49 --> Session: Class initialized using 'CodeIgniter\Session\Handlers\FileHandler' driver.
INFO - 2024-03-14 18:04:07 --> Session: Class initialized using 'CodeIgniter\Session\Handlers\FileHandler' driver.
INFO - 2024-03-14 18:04:08 --> Session: Class initialized using 'CodeIgniter\Session\Handlers\FileHandler' driver.
INFO - 2024-03-14 18:07:40 --> Session: Class initialized using 'CodeIgniter\Session\Handlers\FileHandler' driver.
INFO - 2024-03-14 18:07:48 --> Session: Class initialized using 'CodeIgniter\Session\Handlers\FileHandler' driver.
INFO - 2024-03-14 18:08:55 --> Session: Class initialized using 'CodeIgniter\Session\Handlers\FileHandler' driver.
INFO - 2024-03-14 18:08:58 --> Session: Class initialized using 'CodeIgniter\Session\Handlers\FileHandler' driver.
INFO - 2024-03-14 18:09:11 --> Session: Class initialized using 'CodeIgniter\Session\Handlers\FileHandler' driver.
INFO - 2024-03-14 18:11:05 --> Session: Class initialized using 'CodeIgniter\Session\Handlers\FileHandler' driver.
INFO - 2024-03-14 18:11:26 --> Session: Class initialized using 'CodeIgniter\Session\Handlers\FileHandler' driver.
INFO - 2024-03-14 18:11:27 --> Session: Class initialized using 'CodeIgniter\Session\Handlers\FileHandler' driver.
INFO - 2024-03-14 18:11:38 --> Session: Class initialized using 'CodeIgniter\Session\Handlers\FileHandler' driver.
INFO - 2024-03-14 18:11:38 --> Session: Class initialized using 'CodeIgniter\Session\Handlers\FileHandler' driver.
INFO - 2024-03-14 18:15:24 --> Session: Class initialized using 'CodeIgniter\Session\Handlers\FileHandler' driver.
INFO - 2024-03-14 18:15:41 --> Session: Class initialized using 'CodeIgniter\Session\Handlers\FileHandler' driver.
INFO - 2024-03-14 18:15:48 --> Session: Class initialized using 'CodeIgniter\Session\Handlers\FileHandler' driver.
INFO - 2024-03-14 18:16:49 --> Session: Class initialized using 'CodeIgniter\Session\Handlers\FileHandler' driver.
INFO - 2024-03-14 18:17:00 --> Session: Class initialized using 'CodeIgniter\Session\Handlers\FileHandler' driver.
INFO - 2024-03-14 18:17:06 --> Session: Class initialized using 'CodeIgniter\Session\Handlers\FileHandler' driver.
INFO - 2024-03-14 18:17:56 --> Session: Class initialized using 'CodeIgniter\Session\Handlers\FileHandler' driver.
INFO - 2024-03-14 18:20:02 --> Session: Class initialized using 'CodeIgniter\Session\Handlers\FileHandler' driver.
INFO - 2024-03-14 18:22:36 --> Session: Class initialized using 'CodeIgniter\Session\Handlers\FileHandler' driver.
CRITICAL - 2024-03-14 18:22:36 --> Undefined variable $qrCodeData
in APPPATH\Views\QRView.php on line 13.
 1 APPPATH\Views\QRView.php(13): CodeIgniter\Debug\Exceptions->errorHandler(2, 'Undefined variable $qrCodeData', 'C:\\xampp\\htdocs\\quiz\\app\\Views\\QRView.php', 13)
 2 SYSTEMPATH\View\View.php(228): include('C:\\xampp\\htdocs\\quiz\\app\\Views\\QRView.php')
 3 SYSTEMPATH\View\View.php(231): CodeIgniter\View\View->CodeIgniter\View\{closure}()
 4 SYSTEMPATH\Common.php(1190): CodeIgniter\View\View->render('QRView', [], true)
 5 APPPATH\Controllers\AdminController.php(54): view('QRView', [...])
 6 SYSTEMPATH\CodeIgniter.php(942): App\Controllers\AdminController->generarQR()
 7 SYSTEMPATH\CodeIgniter.php(502): CodeIgniter\CodeIgniter->runController(Object(App\Controllers\AdminController))
 8 SYSTEMPATH\CodeIgniter.php(361): CodeIgniter\CodeIgniter->handleRequest(null, Object(Config\Cache), false)
 9 FCPATH\index.php(79): CodeIgniter\CodeIgniter->run()
INFO - 2024-03-14 18:25:09 --> Session: Class initialized using 'CodeIgniter\Session\Handlers\FileHandler' driver.
INFO - 2024-03-14 18:25:43 --> Session: Class initialized using 'CodeIgniter\Session\Handlers\FileHandler' driver.
INFO - 2024-03-14 18:26:18 --> Session: Class initialized using 'CodeIgniter\Session\Handlers\FileHandler' driver.
INFO - 2024-03-14 18:27:01 --> Session: Class initialized using 'CodeIgniter\Session\Handlers\FileHandler' driver.
INFO - 2024-03-14 18:28:19 --> Session: Class initialized using 'CodeIgniter\Session\Handlers\FileHandler' driver.
INFO - 2024-03-14 18:29:11 --> Session: Class initialized using 'CodeIgniter\Session\Handlers\FileHandler' driver.
INFO - 2024-03-14 18:29:26 --> Session: Class initialized using 'CodeIgniter\Session\Handlers\FileHandler' driver.
INFO - 2024-03-14 18:30:56 --> Session: Class initialized using 'CodeIgniter\Session\Handlers\FileHandler' driver.
INFO - 2024-03-14 18:31:02 --> Session: Class initialized using 'CodeIgniter\Session\Handlers\FileHandler' driver.
INFO - 2024-03-14 18:33:11 --> Session: Class initialized using 'CodeIgniter\Session\Handlers\FileHandler' driver.
INFO - 2024-03-14 18:34:27 --> Session: Class initialized using 'CodeIgniter\Session\Handlers\FileHandler' driver.
INFO - 2024-03-14 18:34:29 --> Session: Class initialized using 'CodeIgniter\Session\Handlers\FileHandler' driver.
INFO - 2024-03-14 18:35:46 --> Session: Class initialized using 'CodeIgniter\Session\Handlers\FileHandler' driver.
INFO - 2024-03-14 18:40:44 --> Session: Class initialized using 'CodeIgniter\Session\Handlers\FileHandler' driver.
