ERROR - 2024-01-30 15:15:58 --> mysqli_sql_exception: Table 'quiz2.customers' doesn't exist in C:\xampp\htdocs\quiz\system\Database\MySQLi\Connection.php:306
Stack trace:
#0 C:\xampp\htdocs\quiz\system\Database\MySQLi\Connection.php(306): mysqli->query('SELECT 1\nFROM `...', 0)
#1 C:\xampp\htdocs\quiz\system\Database\BaseConnection.php(693): CodeIgniter\Database\MySQLi\Connection->execute('SELECT 1\nFROM `...')
#2 C:\xampp\htdocs\quiz\system\Database\BaseConnection.php(607): CodeIgniter\Database\BaseConnection->simpleQuery('SELECT 1\nFROM `...')
#3 C:\xampp\htdocs\quiz\system\Database\BaseBuilder.php(1615): CodeIgniter\Database\BaseConnection->query('SELECT 1\nFROM `...', Array, false)
#4 C:\xampp\htdocs\quiz\system\Validation\StrictRules\Rules.php(212): CodeIgniter\Database\BaseBuilder->get()
#5 C:\xampp\htdocs\quiz\system\Validation\Validation.php(311): CodeIgniter\Validation\StrictRules\Rules->is_unique('7121165751', 'pkPhone', Array, NULL, 'phone')
#6 C:\xampp\htdocs\quiz\system\Validation\Validation.php(197): CodeIgniter\Validation\Validation->processRules('phone', 'phone', '7121165751', Array, Array)
#7 C:\xampp\htdocs\quiz\system\Controller.php(152): CodeIgniter\Validation\Validation->run()
#8 C:\xampp\htdocs\quiz\app\Controllers\RegisterController.php(24): CodeIgniter\Controller->validate(Array)
#9 C:\xampp\htdocs\quiz\system\CodeIgniter.php(942): App\Controllers\RegisterController->registerAccount()
#10 C:\xampp\htdocs\quiz\system\CodeIgniter.php(502): CodeIgniter\CodeIgniter->runController(Object(App\Controllers\RegisterController))
#11 C:\xampp\htdocs\quiz\system\CodeIgniter.php(361): CodeIgniter\CodeIgniter->handleRequest(NULL, Object(Config\Cache), false)
#12 C:\xampp\htdocs\quiz\index.php(79): CodeIgniter\CodeIgniter->run()
#13 {main}
CRITICAL - 2024-01-30 15:15:58 --> Table 'quiz2.customers' doesn't exist
in SYSTEMPATH\Database\BaseConnection.php on line 647.
 1 SYSTEMPATH\Database\BaseBuilder.php(1615): CodeIgniter\Database\BaseConnection->query('SELECT 1
FROM `customers`
WHERE `pkPhone` = :pkPhone:
 LIMIT 1', [...], false)
 2 SYSTEMPATH\Validation\StrictRules\Rules.php(212): CodeIgniter\Database\BaseBuilder->get()
 3 SYSTEMPATH\Validation\Validation.php(311): CodeIgniter\Validation\StrictRules\Rules->is_unique('7121165751', 'pkPhone', [...], null, 'phone')
 4 SYSTEMPATH\Validation\Validation.php(197): CodeIgniter\Validation\Validation->processRules('phone', 'phone', '7121165751', [...], [...])
 5 SYSTEMPATH\Controller.php(152): CodeIgniter\Validation\Validation->run()
 6 APPPATH\Controllers\RegisterController.php(24): CodeIgniter\Controller->validate([...])
 7 SYSTEMPATH\CodeIgniter.php(942): App\Controllers\RegisterController->registerAccount()
 8 SYSTEMPATH\CodeIgniter.php(502): CodeIgniter\CodeIgniter->runController(Object(App\Controllers\RegisterController))
 9 SYSTEMPATH\CodeIgniter.php(361): CodeIgniter\CodeIgniter->handleRequest(null, Object(Config\Cache), false)
10 FCPATH\index.php(79): CodeIgniter\CodeIgniter->run()
CRITICAL - 2024-01-30 15:20:48 --> Call to a member function withRequest() on bool
in APPPATH\Controllers\RegisterController.php on line 30.
 1 SYSTEMPATH\CodeIgniter.php(942): App\Controllers\RegisterController->registerAccount()
 2 SYSTEMPATH\CodeIgniter.php(502): CodeIgniter\CodeIgniter->runController(Object(App\Controllers\RegisterController))
 3 SYSTEMPATH\CodeIgniter.php(361): CodeIgniter\CodeIgniter->handleRequest(null, Object(Config\Cache), false)
 4 FCPATH\index.php(79): CodeIgniter\CodeIgniter->run()
CRITICAL - 2024-01-30 15:21:58 --> Call to a member function withRequest() on bool
in APPPATH\Controllers\RegisterController.php on line 30.
 1 SYSTEMPATH\CodeIgniter.php(942): App\Controllers\RegisterController->registerAccount()
 2 SYSTEMPATH\CodeIgniter.php(502): CodeIgniter\CodeIgniter->runController(Object(App\Controllers\RegisterController))
 3 SYSTEMPATH\CodeIgniter.php(361): CodeIgniter\CodeIgniter->handleRequest(null, Object(Config\Cache), false)
 4 FCPATH\index.php(79): CodeIgniter\CodeIgniter->run()
