ERROR - 2024-01-10 13:08:14 --> Error connecting to the database: mysqli_sql_exception: Unknown database 'wisp' in C:\xampp\htdocs\integrador\system\Database\MySQLi\Connection.php:185
Stack trace:
#0 C:\xampp\htdocs\integrador\system\Database\MySQLi\Connection.php(185): mysqli->real_connect('localhost', 'root', '', 'wisp', 3306, '', 0)
#1 C:\xampp\htdocs\integrador\system\Database\BaseConnection.php(392): CodeIgniter\Database\MySQLi\Connection->connect(false)
#2 C:\xampp\htdocs\integrador\system\Database\BaseConnection.php(575): CodeIgniter\Database\BaseConnection->initialize()
#3 C:\xampp\htdocs\integrador\app\Models\CustomerModel.php(8): CodeIgniter\Database\BaseConnection->query('SELECT * FROM c...')
#4 C:\xampp\htdocs\integrador\app\Controllers\AdminController.php(11): App\Models\CustomerModel->listarCustomers()
#5 C:\xampp\htdocs\integrador\system\CodeIgniter.php(942): App\Controllers\AdminController->index()
#6 C:\xampp\htdocs\integrador\system\CodeIgniter.php(502): CodeIgniter\CodeIgniter->runController(Object(App\Controllers\AdminController))
#7 C:\xampp\htdocs\integrador\system\CodeIgniter.php(361): CodeIgniter\CodeIgniter->handleRequest(NULL, Object(Config\Cache), false)
#8 C:\xampp\htdocs\integrador\index.php(79): CodeIgniter\CodeIgniter->run()
#9 {main}

Next CodeIgniter\Database\Exceptions\DatabaseException: Unknown database 'wisp' in C:\xampp\htdocs\integrador\system\Database\MySQLi\Connection.php:229
Stack trace:
#0 C:\xampp\htdocs\integrador\system\Database\BaseConnection.php(392): CodeIgniter\Database\MySQLi\Connection->connect(false)
#1 C:\xampp\htdocs\integrador\system\Database\BaseConnection.php(575): CodeIgniter\Database\BaseConnection->initialize()
#2 C:\xampp\htdocs\integrador\app\Models\CustomerModel.php(8): CodeIgniter\Database\BaseConnection->query('SELECT * FROM c...')
#3 C:\xampp\htdocs\integrador\app\Controllers\AdminController.php(11): App\Models\CustomerModel->listarCustomers()
#4 C:\xampp\htdocs\integrador\system\CodeIgniter.php(942): App\Controllers\AdminController->index()
#5 C:\xampp\htdocs\integrador\system\CodeIgniter.php(502): CodeIgniter\CodeIgniter->runController(Object(App\Controllers\AdminController))
#6 C:\xampp\htdocs\integrador\system\CodeIgniter.php(361): CodeIgniter\CodeIgniter->handleRequest(NULL, Object(Config\Cache), false)
#7 C:\xampp\htdocs\integrador\index.php(79): CodeIgniter\CodeIgniter->run()
#8 {main}
CRITICAL - 2024-01-10 13:08:14 --> Unable to connect to the database.
Main connection [MySQLi]: Unknown database 'wisp'
in SYSTEMPATH\Database\BaseConnection.php on line 428.
 1 SYSTEMPATH\Database\BaseConnection.php(575): CodeIgniter\Database\BaseConnection->initialize()
 2 APPPATH\Models\CustomerModel.php(8): CodeIgniter\Database\BaseConnection->query('SELECT * FROM customers')
 3 APPPATH\Controllers\AdminController.php(11): App\Models\CustomerModel->listarCustomers()
 4 SYSTEMPATH\CodeIgniter.php(942): App\Controllers\AdminController->index()
 5 SYSTEMPATH\CodeIgniter.php(502): CodeIgniter\CodeIgniter->runController(Object(App\Controllers\AdminController))
 6 SYSTEMPATH\CodeIgniter.php(361): CodeIgniter\CodeIgniter->handleRequest(null, Object(Config\Cache), false)
 7 FCPATH\index.php(79): CodeIgniter\CodeIgniter->run()
INFO - 2024-01-10 13:10:46 --> Session: Class initialized using 'CodeIgniter\Session\Handlers\FileHandler' driver.
INFO - 2024-01-10 13:11:09 --> Session: Class initialized using 'CodeIgniter\Session\Handlers\FileHandler' driver.
INFO - 2024-01-10 13:11:54 --> Session: Class initialized using 'CodeIgniter\Session\Handlers\FileHandler' driver.
INFO - 2024-01-10 13:12:03 --> Session: Class initialized using 'CodeIgniter\Session\Handlers\FileHandler' driver.
INFO - 2024-01-10 16:15:04 --> Session: Class initialized using 'CodeIgniter\Session\Handlers\FileHandler' driver.
INFO - 2024-01-10 16:15:15 --> Session: Class initialized using 'CodeIgniter\Session\Handlers\FileHandler' driver.
INFO - 2024-01-10 16:18:00 --> Session: Class initialized using 'CodeIgniter\Session\Handlers\FileHandler' driver.
INFO - 2024-01-10 16:36:59 --> Session: Class initialized using 'CodeIgniter\Session\Handlers\FileHandler' driver.
INFO - 2024-01-10 16:38:03 --> Session: Class initialized using 'CodeIgniter\Session\Handlers\FileHandler' driver.
INFO - 2024-01-10 16:38:08 --> Session: Class initialized using 'CodeIgniter\Session\Handlers\FileHandler' driver.
INFO - 2024-01-10 16:40:01 --> Session: Class initialized using 'CodeIgniter\Session\Handlers\FileHandler' driver.
INFO - 2024-01-10 16:40:28 --> Session: Class initialized using 'CodeIgniter\Session\Handlers\FileHandler' driver.
CRITICAL - 2024-01-10 16:40:35 --> Undefined array key 0
in APPPATH\Views\admin\Actualizar.php on line 2.
 1 APPPATH\Views\admin\Actualizar.php(2): CodeIgniter\Debug\Exceptions->errorHandler(2, 'Undefined array key 0', 'C:\\xampp\\htdocs\\integrador\\app\\Views\\admin\\Actualizar.php', 2)
 2 SYSTEMPATH\View\View.php(228): include('C:\\xampp\\htdocs\\integrador\\app\\Views\\admin\\Actualizar.php')
 3 SYSTEMPATH\View\View.php(231): CodeIgniter\View\View->CodeIgniter\View\{closure}()
 4 SYSTEMPATH\Common.php(1190): CodeIgniter\View\View->render('admin/Actualizar', [], true)
 5 APPPATH\Controllers\AdminController.php(65): view('admin/Actualizar', [...])
 6 SYSTEMPATH\CodeIgniter.php(942): App\Controllers\AdminController->obtenerUserName('resources', 'css', 'styleTemplate.css')
 7 SYSTEMPATH\CodeIgniter.php(502): CodeIgniter\CodeIgniter->runController(Object(App\Controllers\AdminController))
 8 SYSTEMPATH\CodeIgniter.php(361): CodeIgniter\CodeIgniter->handleRequest(null, Object(Config\Cache), false)
 9 FCPATH\index.php(79): CodeIgniter\CodeIgniter->run()
INFO - 2024-01-10 16:40:38 --> Session: Class initialized using 'CodeIgniter\Session\Handlers\FileHandler' driver.
INFO - 2024-01-10 18:56:19 --> Session: Class initialized using 'CodeIgniter\Session\Handlers\FileHandler' driver.
INFO - 2024-01-10 19:08:33 --> Session: Class initialized using 'CodeIgniter\Session\Handlers\FileHandler' driver.
INFO - 2024-01-10 19:08:52 --> Session: Class initialized using 'CodeIgniter\Session\Handlers\FileHandler' driver.
